2022-10-14 23:08:17,606 [INFO] Activator:177 - 


2022-10-14 23:08:17,607 [INFO] Activator:178 - !SESSION log4j initialized
2022-10-14 23:08:24,922 [INFO] McuFinderGlobals:44 - Set McuFinder mode to 2 (CubeIDE integrated)
2022-10-14 23:08:25,043 [INFO] ApplicationProperties:181 - Using Application install path: C:\ST\STM32CubeIDE_1.7.0\STM32CubeIDE\plugins\com.st.stm32cube.common.mx_6.6.1.202207061420
2022-10-14 23:08:25,058 [INFO] DbMcusXml:77 - Set database path to: C:\ST\STM32CubeIDE_1.7.0\STM32CubeIDE\plugins\com.st.stm32cube.common.mx_6.6.1.202207061420\\db\/mcu/
2022-10-14 23:08:25,059 [INFO] ApiDb:269 - Set plugin database path to: C:\ST\STM32CubeIDE_1.7.0\STM32CubeIDE\plugins\com.st.stm32cube.common.mx_6.6.1.202207061420\\db\/plugins/boardmanager/
2022-10-14 23:08:25,066 [WARN] ApiDb:254 - Overriding images path with different value:  => C:\ST\STM32CubeIDE_1.7.0\STM32CubeIDE\plugins\com.st.stm32cube.common.mx_6.6.1.202207061420\\db\/plugins/mcufinder/images/
2022-10-14 23:08:25,077 [INFO] ApiDb:249 - Set database path to: C:\Users\MyLinh\.stmcufinder\plugins\mcufinder//mcu/
2022-10-14 23:08:25,078 [INFO] DbMcusAds:124 - Set database path to: C:\Users\MyLinh\.stmcufinder\plugins\mcufinder//mcu/
2022-10-14 23:08:25,082 [INFO] CrossReferenceDbSqlite:201 - Set database path to: C:\Users\MyLinh\.stmcufinder\plugins\mcufinder//mcu/cs/
2022-10-14 23:08:25,190 [INFO] RulesReader:61 - Compatibility file has been processed (282 Rules)
2022-10-14 23:08:25,268 [INFO] DbMcusXml:77 - Set database path to: C:\ST\STM32CubeIDE_1.7.0\STM32CubeIDE\plugins\com.st.stm32cube.common.mx_6.6.1.202207061420\\db\/mcu/
2022-10-14 23:08:25,268 [INFO] ApiDb:269 - Set plugin database path to: C:\ST\STM32CubeIDE_1.7.0\STM32CubeIDE\plugins\com.st.stm32cube.common.mx_6.6.1.202207061420\\db\/plugins/boardmanager/
2022-10-14 23:08:25,269 [INFO] ApiDb:256 - Set plugin images path to: C:\ST\STM32CubeIDE_1.7.0\STM32CubeIDE\plugins\com.st.stm32cube.common.mx_6.6.1.202207061420\\db\/plugins/mcufinder/images/
2022-10-14 23:08:25,269 [WARN] DbFile:40 - Overriding database path with different value: C:\Users\MyLinh\.stmcufinder\plugins\mcufinder/ => C:\Users\MyLinh\.stmcufinder\plugins\mcufinder
2022-10-14 23:08:25,269 [INFO] ApiDb:249 - Set database path to: C:\Users\MyLinh\.stmcufinder\plugins\mcufinder//mcu/
2022-10-14 23:08:25,269 [WARN] DbFile:40 - Overriding database path with different value: C:\Users\MyLinh\.stmcufinder\plugins\mcufinder/ => C:\Users\MyLinh\.stmcufinder\plugins\mcufinder
2022-10-14 23:08:25,269 [INFO] DbMcusAds:124 - Set database path to: C:\Users\MyLinh\.stmcufinder\plugins\mcufinder//mcu/
2022-10-14 23:08:25,270 [WARN] DbFile:40 - Overriding database path with different value: C:\Users\MyLinh\.stmcufinder\plugins\mcufinder/ => C:\Users\MyLinh\.stmcufinder\plugins\mcufinder
2022-10-14 23:08:25,270 [WARN] DbFile:40 - Overriding database path with different value: C:\Users\MyLinh\.stmcufinder\plugins\mcufinder/ => C:\Users\MyLinh\.stmcufinder\plugins\mcufinder
2022-10-14 23:08:25,270 [INFO] CrossReferenceDbSqlite:201 - Set database path to: C:\Users\MyLinh\.stmcufinder\plugins\mcufinder//mcu/cs/
2022-10-14 23:08:25,341 [INFO] MainPanel:242 - HeapMemory: 268435456
2022-10-14 23:08:25,419 [INFO] DbMcusXml:77 - Set database path to: C:\ST\STM32CubeIDE_1.7.0\STM32CubeIDE\plugins\com.st.stm32cube.common.mx_6.6.1.202207061420\\db\/mcu/
2022-10-14 23:08:25,419 [INFO] ApiDb:269 - Set plugin database path to: C:\ST\STM32CubeIDE_1.7.0\STM32CubeIDE\plugins\com.st.stm32cube.common.mx_6.6.1.202207061420\\db\/plugins/boardmanager/
2022-10-14 23:08:25,419 [INFO] ApiDb:256 - Set plugin images path to: C:\ST\STM32CubeIDE_1.7.0\STM32CubeIDE\plugins\com.st.stm32cube.common.mx_6.6.1.202207061420\\db\/plugins/mcufinder/images/
2022-10-14 23:08:25,420 [WARN] DbFile:40 - Overriding database path with different value: C:\Users\MyLinh\.stmcufinder\plugins\mcufinder/ => C:\Users\MyLinh\.stmcufinder\plugins\mcufinder
2022-10-14 23:08:25,420 [INFO] ApiDb:249 - Set database path to: C:\Users\MyLinh\.stmcufinder\plugins\mcufinder//mcu/
2022-10-14 23:08:25,420 [WARN] DbFile:40 - Overriding database path with different value: C:\Users\MyLinh\.stmcufinder\plugins\mcufinder/ => C:\Users\MyLinh\.stmcufinder\plugins\mcufinder
2022-10-14 23:08:25,420 [INFO] DbMcusAds:124 - Set database path to: C:\Users\MyLinh\.stmcufinder\plugins\mcufinder//mcu/
2022-10-14 23:08:25,420 [WARN] DbFile:40 - Overriding database path with different value: C:\Users\MyLinh\.stmcufinder\plugins\mcufinder/ => C:\Users\MyLinh\.stmcufinder\plugins\mcufinder
2022-10-14 23:08:25,420 [WARN] DbFile:40 - Overriding database path with different value: C:\Users\MyLinh\.stmcufinder\plugins\mcufinder/ => C:\Users\MyLinh\.stmcufinder\plugins\mcufinder
2022-10-14 23:08:25,421 [INFO] CrossReferenceDbSqlite:201 - Set database path to: C:\Users\MyLinh\.stmcufinder\plugins\mcufinder//mcu/cs/
2022-10-14 23:08:25,439 [INFO] ApplicationProperties:181 - Using Application install path: C:\ST\STM32CubeIDE_1.7.0\STM32CubeIDE\plugins\com.st.stm32cube.common.mx_6.6.1.202207061420
2022-10-14 23:08:25,441 [INFO] PluginManage:193 - Search for loadable plugins [exclusion list=, ]
2022-10-14 23:08:25,442 [INFO] PluginManage:307 - Check plugin analytics
2022-10-14 23:08:25,589 [INFO] AnalyticsPlugin:262 - Accepted Software Licenses: 
2022-10-14 23:08:25,590 [INFO] AnalyticsPlugin:264 - Accepted CMSIS Pack Licenses: 
2022-10-14 23:08:25,591 [INFO] AnalyticsPlugin:266 - Accepted Firmware Licenses: 
2022-10-14 23:08:25,602 [INFO] PluginManage:356 - Loaded plugin analytics (category:tool,tabindex:-1)
2022-10-14 23:08:25,602 [INFO] PluginManage:307 - Check plugin cadmodel
2022-10-14 23:08:25,607 [INFO] CADModel:65 - Init CAD model plugin
2022-10-14 23:08:25,607 [INFO] PluginManage:356 - Loaded plugin cadmodel (category:power,tabindex:5)
2022-10-14 23:08:25,608 [INFO] PluginManage:307 - Check plugin clock
2022-10-14 23:08:25,618 [INFO] PluginManage:356 - Loaded plugin clock (category:base,tabindex:2)
2022-10-14 23:08:25,619 [INFO] PluginManage:307 - Check plugin ddr
2022-10-14 23:08:25,621 [INFO] PluginManage:356 - Loaded plugin ddr (category:tool,tabindex:6)
2022-10-14 23:08:25,621 [INFO] PluginManage:307 - Check plugin filemanager
2022-10-14 23:08:25,792 [INFO] PluginManage:356 - Loaded plugin filemanager (category:base,tabindex:10)
2022-10-14 23:08:25,792 [INFO] PluginManage:307 - Check plugin ipmanager
2022-10-14 23:08:25,801 [INFO] PluginManage:356 - Loaded plugin ipmanager (category:base,tabindex:5)
2022-10-14 23:08:25,801 [INFO] PluginManage:307 - Check plugin lpbam
2022-10-14 23:08:25,808 [INFO] PluginManage:356 - Loaded plugin lpbam (category:base,tabindex:0)
2022-10-14 23:08:25,810 [INFO] PluginManage:307 - Check plugin pinoutandconfiguration
2022-10-14 23:08:25,815 [INFO] PluginManage:356 - Loaded plugin pinoutandconfiguration (category:base,tabindex:1)
2022-10-14 23:08:25,816 [INFO] PluginManage:307 - Check plugin pinoutconfig
2022-10-14 23:08:25,842 [INFO] PluginManage:356 - Loaded plugin pinoutconfig (category:base,tabindex:0)
2022-10-14 23:08:25,842 [INFO] PluginManage:307 - Check plugin power
2022-10-14 23:08:25,850 [INFO] PluginManage:356 - Loaded plugin power (category:power,tabindex:4)
2022-10-14 23:08:25,850 [INFO] PluginManage:307 - Check plugin projectmanager
2022-10-14 23:08:25,862 [INFO] PluginManage:356 - Loaded plugin projectmanager (category:projectmanager,tabindex:3)
2022-10-14 23:08:25,862 [INFO] PluginManage:307 - Check plugin thirdparty
2022-10-14 23:08:25,974 [WARN] IntegrityCheckThread:82 - waiting for thirdparty lock release [integrity check]
2022-10-14 23:08:25,974 [INFO] PluginManage:356 - Loaded plugin thirdparty (category:base,tabindex:-1)
2022-10-14 23:08:25,974 [INFO] IntegrityCheckThread:84 - entering critical section [integrity check]
2022-10-14 23:08:25,975 [INFO] PluginManage:307 - Check plugin tools
2022-10-14 23:08:25,976 [INFO] ThirdPartyUpdaterWithRetryManager:70 - Updater plugin not ready yet. [1/15]
2022-10-14 23:08:25,977 [INFO] PluginManage:356 - Loaded plugin tools (category:base,tabindex:7)
2022-10-14 23:08:25,977 [INFO] PluginManage:307 - Check plugin tutovideos
2022-10-14 23:08:26,164 [INFO] PluginManage:356 - Loaded plugin tutovideos (category:base,tabindex:-1)
2022-10-14 23:08:26,164 [INFO] PluginManage:307 - Check plugin updater
2022-10-14 23:08:26,178 [INFO] PluginManage:356 - Loaded plugin updater (category:base,tabindex:12)
2022-10-14 23:08:26,179 [INFO] PluginManage:280 - PluginManage : Loaded plugins [15]
2022-10-14 23:08:26,416 [INFO] PinOutPanel:1468 - setPackage(No Configuration,No Configuration)
2022-10-14 23:08:26,482 [INFO] CADModel:98 - CPN selected for project level
2022-10-14 23:08:26,496 [INFO] IPUIPlugin:79 - create IPUIPlugin
2022-10-14 23:08:26,496 [INFO] PluginManager:217 - loadIPPluginJar : add adc
2022-10-14 23:08:26,500 [INFO] IPUIPlugin:79 - create IPUIPlugin
2022-10-14 23:08:26,500 [INFO] PluginManager:217 - loadIPPluginJar : add aes
2022-10-14 23:08:26,502 [INFO] IPUIPlugin:79 - create IPUIPlugin
2022-10-14 23:08:26,503 [INFO] PluginManager:217 - loadIPPluginJar : add can
2022-10-14 23:08:26,504 [INFO] IPUIPlugin:79 - create IPUIPlugin
2022-10-14 23:08:26,505 [INFO] PluginManager:217 - loadIPPluginJar : add comp
2022-10-14 23:08:26,507 [INFO] IPUIPlugin:79 - create IPUIPlugin
2022-10-14 23:08:26,508 [INFO] PluginManager:217 - loadIPPluginJar : add cryp
2022-10-14 23:08:26,510 [INFO] IPUIPlugin:79 - create IPUIPlugin
2022-10-14 23:08:26,511 [INFO] PluginManager:217 - loadIPPluginJar : add dfsdm
2022-10-14 23:08:26,516 [INFO] IPUIPlugin:79 - create IPUIPlugin
2022-10-14 23:08:26,517 [INFO] PluginManager:217 - loadIPPluginJar : add dma
2022-10-14 23:08:26,520 [INFO] IPUIPlugin:79 - create IPUIPlugin
2022-10-14 23:08:26,520 [INFO] PluginManager:217 - loadIPPluginJar : add dma3
2022-10-14 23:08:26,521 [INFO] IPUIPlugin:79 - create IPUIPlugin
2022-10-14 23:08:26,522 [INFO] PluginManager:217 - loadIPPluginJar : add fatfs
2022-10-14 23:08:26,526 [INFO] IPUIPlugin:79 - create IPUIPlugin
2022-10-14 23:08:26,526 [INFO] PluginManager:217 - loadIPPluginJar : add fmc
2022-10-14 23:08:26,532 [INFO] IPUIPlugin:79 - create IPUIPlugin
2022-10-14 23:08:26,532 [INFO] PluginManager:217 - loadIPPluginJar : add freertos
2022-10-14 23:08:26,534 [INFO] IPUIPlugin:79 - create IPUIPlugin
2022-10-14 23:08:26,534 [INFO] PluginManager:217 - loadIPPluginJar : add genericplugin
2022-10-14 23:08:26,536 [INFO] IPUIPlugin:79 - create IPUIPlugin
2022-10-14 23:08:26,536 [INFO] PluginManager:217 - loadIPPluginJar : add gfxmmu
2022-10-14 23:08:26,541 [INFO] IPUIPlugin:79 - create IPUIPlugin
2022-10-14 23:08:26,542 [INFO] PluginManager:217 - loadIPPluginJar : add gic
2022-10-14 23:08:26,546 [INFO] IPUIPlugin:79 - create IPUIPlugin
2022-10-14 23:08:26,547 [INFO] PluginManager:217 - loadIPPluginJar : add gpio
2022-10-14 23:08:26,549 [INFO] IPUIPlugin:79 - create IPUIPlugin
2022-10-14 23:08:26,550 [INFO] PluginManager:217 - loadIPPluginJar : add gtzc
2022-10-14 23:08:26,553 [INFO] IPUIPlugin:79 - create IPUIPlugin
2022-10-14 23:08:26,553 [INFO] PluginManager:217 - loadIPPluginJar : add hash
2022-10-14 23:08:26,555 [INFO] IPUIPlugin:79 - create IPUIPlugin
2022-10-14 23:08:26,556 [INFO] PluginManager:217 - loadIPPluginJar : add i2c
2022-10-14 23:08:26,558 [INFO] IPUIPlugin:79 - create IPUIPlugin
2022-10-14 23:08:26,558 [INFO] PluginManager:217 - loadIPPluginJar : add i2s
2022-10-14 23:08:26,562 [INFO] IPUIPlugin:79 - create IPUIPlugin
2022-10-14 23:08:26,562 [INFO] PluginManager:217 - loadIPPluginJar : add ipddr
2022-10-14 23:08:26,570 [INFO] IPUIPlugin:79 - create IPUIPlugin
2022-10-14 23:08:26,571 [INFO] PluginManager:217 - loadIPPluginJar : add linkedlist
2022-10-14 23:08:26,573 [INFO] IPUIPlugin:79 - create IPUIPlugin
2022-10-14 23:08:26,573 [INFO] PluginManager:217 - loadIPPluginJar : add lorawan
2022-10-14 23:08:26,575 [INFO] IPUIPlugin:79 - create IPUIPlugin
2022-10-14 23:08:26,575 [INFO] PluginManager:217 - loadIPPluginJar : add ltdc
2022-10-14 23:08:26,582 [INFO] IPUIPlugin:79 - create IPUIPlugin
2022-10-14 23:08:26,582 [INFO] PluginManager:217 - loadIPPluginJar : add mdma
2022-10-14 23:08:26,585 [INFO] IPUIPlugin:79 - create IPUIPlugin
2022-10-14 23:08:26,586 [INFO] PluginManager:217 - loadIPPluginJar : add nvic
2022-10-14 23:08:26,589 [INFO] IPUIPlugin:79 - create IPUIPlugin
2022-10-14 23:08:26,590 [INFO] PluginManager:217 - loadIPPluginJar : add opamp
2022-10-14 23:08:26,593 [INFO] IPUIPlugin:79 - create IPUIPlugin
2022-10-14 23:08:26,593 [INFO] PluginManager:217 - loadIPPluginJar : add openamp
2022-10-14 23:08:26,596 [INFO] IPUIPlugin:79 - create IPUIPlugin
2022-10-14 23:08:26,596 [INFO] PluginManager:217 - loadIPPluginJar : add pdm2pcm
2022-10-14 23:08:26,603 [INFO] IPUIPlugin:79 - create IPUIPlugin
2022-10-14 23:08:26,606 [INFO] PluginManager:217 - loadIPPluginJar : add plateformsettings
2022-10-14 23:08:26,608 [INFO] IPUIPlugin:79 - create IPUIPlugin
2022-10-14 23:08:26,608 [INFO] PluginManager:217 - loadIPPluginJar : add quadspi
2022-10-14 23:08:26,611 [INFO] IPUIPlugin:79 - create IPUIPlugin
2022-10-14 23:08:26,611 [INFO] PluginManager:217 - loadIPPluginJar : add resmgrutility
2022-10-14 23:08:26,614 [INFO] IPUIPlugin:79 - create IPUIPlugin
2022-10-14 23:08:26,614 [INFO] PluginManager:217 - loadIPPluginJar : add sai
2022-10-14 23:08:26,616 [INFO] IPUIPlugin:79 - create IPUIPlugin
2022-10-14 23:08:26,616 [INFO] PluginManager:217 - loadIPPluginJar : add spi
2022-10-14 23:08:26,620 [INFO] IPUIPlugin:79 - create IPUIPlugin
2022-10-14 23:08:26,620 [INFO] PluginManager:217 - loadIPPluginJar : add stm32_wpan
2022-10-14 23:08:26,621 [INFO] IPUIPlugin:79 - create IPUIPlugin
2022-10-14 23:08:26,622 [INFO] PluginManager:217 - loadIPPluginJar : add tim
2022-10-14 23:08:26,624 [INFO] IPUIPlugin:79 - create IPUIPlugin
2022-10-14 23:08:26,625 [INFO] PluginManager:217 - loadIPPluginJar : add touchsensing
2022-10-14 23:08:26,627 [INFO] IPUIPlugin:79 - create IPUIPlugin
2022-10-14 23:08:26,627 [INFO] PluginManager:217 - loadIPPluginJar : add tracer_emb
2022-10-14 23:08:26,629 [INFO] IPUIPlugin:79 - create IPUIPlugin
2022-10-14 23:08:26,629 [INFO] PluginManager:217 - loadIPPluginJar : add ts
2022-10-14 23:08:26,630 [INFO] IPUIPlugin:79 - create IPUIPlugin
2022-10-14 23:08:26,630 [INFO] PluginManager:217 - loadIPPluginJar : add tsc
2022-10-14 23:08:26,632 [INFO] IPUIPlugin:79 - create IPUIPlugin
2022-10-14 23:08:26,632 [INFO] PluginManager:217 - loadIPPluginJar : add ucpd
2022-10-14 23:08:26,634 [INFO] IPUIPlugin:79 - create IPUIPlugin
2022-10-14 23:08:26,634 [INFO] PluginManager:217 - loadIPPluginJar : add usart
2022-10-14 23:08:26,637 [INFO] IPUIPlugin:79 - create IPUIPlugin
2022-10-14 23:08:26,637 [INFO] PluginManager:217 - loadIPPluginJar : add usbx
2022-10-14 23:08:26,884 [FATAL] Updater:301 - Updater called before beeing initialized
2022-10-14 23:08:26,994 [FATAL] Updater:301 - Updater called before beeing initialized
2022-10-14 23:08:27,002 [INFO] DbMcusAds:52 - JSON generation date=Thu Sep 30 13:55:09 ICT 2021 (1632984909247)
2022-10-14 23:08:27,002 [FATAL] Updater:301 - Updater called before beeing initialized
2022-10-14 23:08:27,035 [WARN] DetailPanel:344 - Failed to get advertising image, set to default
2022-10-14 23:08:27,133 [FATAL] Updater:301 - Updater called before beeing initialized
2022-10-14 23:08:27,136 [FATAL] Updater:301 - Updater called before beeing initialized
2022-10-14 23:08:27,136 [FATAL] Updater:301 - Updater called before beeing initialized
2022-10-14 23:08:27,136 [WARN] DetailPanel:344 - Failed to get advertising image, set to default
2022-10-14 23:08:27,137 [FATAL] Updater:301 - Updater called before beeing initialized
2022-10-14 23:08:27,178 [ERROR] Updater:1105 - MainUpdater not yet initialized. External WinMGr cannot be set.
2022-10-14 23:08:27,180 [INFO] Updater:1041 - Updater Version found : 6.6.1
2022-10-14 23:08:27,195 [INFO] ApplicationProperties:181 - Using Application install path: C:\ST\STM32CubeIDE_1.7.0\STM32CubeIDE\plugins\com.st.stm32cube.common.mx_6.6.1.202207061420
2022-10-14 23:08:27,322 [INFO] MainUpdater:2768 - connection check result : 10
2022-10-14 23:08:27,324 [INFO] MainUpdater:280 - Updater Check For Update Now.
2022-10-14 23:08:27,326 [INFO] MicroXplorer:481 - Change Database Version : DB.6.0.60
2022-10-14 23:08:27,528 [INFO] CheckServerUpdateThread:119 - End of CheckServer Thread
2022-10-14 23:08:27,555 [INFO] MainUpdater:2768 - connection check result : 10
2022-10-14 23:08:27,754 [INFO] McuFinderGlobals:57 - Set McuFinderConnectedMode to true
2022-10-14 23:08:27,763 [INFO] MultiScanPanel:195 - Auto-refresh data requested => check proxy status ongoing
2022-10-14 23:08:27,765 [INFO] FinderPluginLoader:92 - Searching for filters in installed packs
2022-10-14 23:08:27,848 [INFO] ApiDb:576 - Connected to CubeFinder SQLite database (C:\Users\MyLinh\.stmcufinder\plugins\mcufinder\mcu\cube-finder-db.db)
2022-10-14 23:08:27,869 [INFO] ApiDb:663 - CubeFinder database Data Model version=2.1
2022-10-14 23:08:27,869 [INFO] ApiDb:664 - CubeFinder database Configuration version=3.0.32
2022-10-14 23:08:27,870 [INFO] ApiDb:665 - CubeFinder database generation date=2022-08-05 (1659688109)
2022-10-14 23:08:27,870 [INFO] ApiDb:666 - CubeFinder database FW Pack versions=[STM32Cube_FW_C0_V1.0.0, STM32Cube_FW_F4_V1.27.1, STM32Cube_FW_F7_V1.17.0, STM32Cube_FW_G0_V1.6.1, STM32Cube_FW_G4_V1.5.0, STM32Cube_FW_H7_V1.10.0, STM32Cube_FW_L5_V1.4.0, STM32Cube_FW_U5_V1.1.1, STM32Cube_FW_WB_V1.14.1, STM32Cube_FW_WL_V1.2.0, X-CUBE-ALGOBUILD_V1.3.0, X-CUBE-ALS_V1.0.1, X-CUBE-AZRTOS-F4_V1.1.0, X-CUBE-AZRTOS-F7_V1.1.0, X-CUBE-AZRTOS-G0_V1.1.0, X-CUBE-AZRTOS-G4_V1.0.0, X-CUBE-AZRTOS-H7_V2.1.0, X-CUBE-AZRTOS-L4_V1.0.0, X-CUBE-AZRTOS-L5_V1.0.0, X-CUBE-AZRTOS-WL_V1.0.0, X-CUBE-BLE1_V6.2.3, X-CUBE-BLE2_V3.3.0, X-CUBE-EEPRMA1_V3.1.1, X-CUBE-GNSS1_V6.0.0, X-CUBE-MEMS1_V9.1.0, X-CUBE-MEMS1_V9.3.0, X-CUBE-NFC4_V2.0.4, X-CUBE-NFC7_V1.0.0, X-CUBE-SFXS2LP1_V4.0.0, X-CUBE-SUBG2_V5.0.0]
2022-10-14 23:08:29,089 [WARN] PackLoader:242 - Cannot read IP mode file for STMicroelectronics.X-CUBE-GNSS1.6.0.0
2022-10-14 23:08:29,130 [WARN] PackLoader:242 - Cannot read IP mode file for STMicroelectronics.X-CUBE-AZRTOS-F4.1.1.0
2022-10-14 23:08:29,150 [WARN] PackLoader:242 - Cannot read IP mode file for STMicroelectronics.X-CUBE-BLEMGR.1.2.0
2022-10-14 23:08:29,217 [WARN] PackLoader:242 - Cannot read IP mode file for STMicroelectronics.X-CUBE-AZRTOS-F7.1.1.0
2022-10-14 23:08:29,229 [WARN] PackLoader:242 - Cannot read IP mode file for STMicroelectronics.X-CUBE-BLE1.6.2.3
2022-10-14 23:08:29,237 [WARN] PackLoader:242 - Cannot read IP mode file for STMicroelectronics.X-CUBE-NFC4.2.0.4
2022-10-14 23:08:29,254 [WARN] PackLoader:242 - Cannot read IP mode file for STMicroelectronics.X-CUBE-TOF1.3.1.0
2022-10-14 23:08:29,269 [WARN] PackLoader:242 - Cannot read IP mode file for wolfSSL.I-CUBE-wolfSSL.5.5.1
2022-10-14 23:08:29,276 [WARN] PackLoader:242 - Cannot read IP mode file for STMicroelectronics.X-CUBE-NFC7.1.0.0
2022-10-14 23:08:29,341 [WARN] PackLoader:242 - Cannot read IP mode file for STMicroelectronics.X-CUBE-MEMS1.9.3.0
2022-10-14 23:08:29,519 [WARN] PackLoader:242 - Cannot read IP mode file for STMicroelectronics.X-CUBE-AI.7.2.0
2022-10-14 23:08:29,531 [WARN] PackLoader:242 - Cannot read IP mode file for STMicroelectronics.X-CUBE-SFXS2LP1.4.0.0
2022-10-14 23:08:29,537 [WARN] PackLoader:242 - Cannot read IP mode file for STMicroelectronics.X-CUBE-BLE2.3.3.0
2022-10-14 23:08:29,549 [WARN] PackLoader:242 - Cannot read IP mode file for STMicroelectronics.X-CUBE-DISPLAY.2.2.0
2022-10-14 23:08:29,554 [WARN] PackLoader:242 - Cannot read IP mode file for STMicroelectronics.X-CUBE-ISPU.1.0.0
2022-10-14 23:08:29,565 [WARN] PackLoader:242 - Cannot read IP mode file for RoweBots.I-CUBE-UNISONRTOS.5.5.0-4
2022-10-14 23:08:29,592 [WARN] PackLoader:242 - Cannot read IP mode file for STMicroelectronics.X-CUBE-AZRTOS-H7.2.1.0
2022-10-14 23:08:29,603 [WARN] PackLoader:242 - Cannot read IP mode file for STMicroelectronics.X-CUBE-ALGOBUILD.1.3.0
2022-10-14 23:08:29,623 [WARN] PackLoader:242 - Cannot read IP mode file for STMicroelectronics.X-CUBE-AZRTOS-G0.1.1.0
2022-10-14 23:08:29,628 [INFO] ApiDb:239 - Found 138 in-development CPN: [B-WB1M-WPAN1, NUCLEO-C031C6, STEVAL-STWINBX1, STM320518-EVAL, STM32C0116-DK, STM32C011D6Y3TR, STM32C011D6Y6TR, STM32C011F4P3, STM32C011F4P6, STM32C011F4U3, STM32C011F4U6TR, STM32C011F6P3, STM32C011F6P6, STM32C011F6U3, STM32C011F6U6TR, STM32C011J4M3, STM32C011J4M6, STM32C011J6M3, STM32C011J6M6, STM32C0316-DK, STM32C031C4T3, STM32C031C4T6, STM32C031C4U3, STM32C031C4U6, STM32C031C6T3, STM32C031C6T6, STM32C031C6U3, STM32C031C6U6, STM32C031F4P3, STM32C031F4P6, STM32C031F6P3, STM32C031F6P6, STM32C031G4U3, STM32C031G4U6, STM32C031G6U3, STM32C031G6U6, STM32C031K4T3, STM32C031K4T6, STM32C031K4U3, STM32C031K4U6, STM32C031K6T3, STM32C031K6T6, STM32C031K6U3, STM32C031K6U6, STM32G071K8TXN, STM32G071K8UXN, STM32G081GBU6N, STM32G081KBT6N, STM32G081KBUXN, STM32G0B1CCT6N, STM32G0B1KCT6, STM32G0B1NEY6TR, STM32G0B1RCT6N, STM32G0C1CCT6, STM32G0C1CCT6N, STM32G0C1CCU6N, STM32G0C1CET6N, STM32G0C1CEU6N, STM32G0C1KCT6, STM32G0C1NEY6TR, STM32G0C1RCI6N, STM32G0C1RCT6N, STM32G0C1REI6N, STM32G0C1RET6N, STM32G0C1VCI6, STM32G0C1VEI6, STM32G471CCT6, STM32G471CCU6, STM32G471CET3, STM32G471CET6, STM32G471CEU3, STM32G471CEU6, STM32G471MCT6, STM32G471MET3, STM32G471MET6, STM32G471MEY6TR, STM32G471QCT6, STM32G471QET3, STM32G471RCT6, STM32G471RET3, STM32G471RET6, STM32G471VCH6, STM32G471VCI6, STM32G471VCT6, STM32G471VEH3, STM32G471VEH6, STM32G471VEI3, STM32G471VEI6, STM32G471VET3, STM32G471VET6, STM32G474CCT6, STM32L476VGY6PTR, STM32L4R5QGI6STR, STM32MP131AAE3, STM32MP131AAF3, STM32MP131AAG3, STM32MP131CAE3, STM32MP131CAF3, STM32MP131CAG3, STM32MP131DAE7, STM32MP131DAF7, STM32MP131DAG7, STM32MP131FAE7, STM32MP131FAF7, STM32MP131FAG7, STM32MP133AAE3, STM32MP133AAF3, STM32MP133AAG3, STM32MP133CAE3, STM32MP133CAF3, STM32MP133CAG3, STM32MP133DAE7, STM32MP133DAF7, STM32MP133DAG7, STM32MP133FAE7, STM32MP133FAF7, STM32MP133FAG7, STM32MP135AAE3, STM32MP135AAF3, STM32MP135AAG3, STM32MP135CAE3, STM32MP135CAF3, STM32MP135CAG3, STM32MP135DAE7, STM32MP135DAF7, STM32MP135DAG7, STM32MP135F-DK, STM32MP135FAE7, STM32MP135FAF7, STM32MP135FAG7, STM32U595ZJT6Q, STM32U599BJY6QTR, STM32U599NIH6Q, STM32U599NJH6Q, STM32U5A5ZJT6Q, STM32U5A9BJY6QTR, STM32U5A9NJH6Q, STM32WB1MMCH6]
2022-10-14 23:08:29,637 [WARN] PackLoader:242 - Cannot read IP mode file for STMicroelectronics.X-CUBE-SUBG2.5.0.0
2022-10-14 23:08:29,639 [INFO] DbMcus:215 - Found 3542 MCUs, 3542 are supported
2022-10-14 23:08:29,643 [INFO] ApiDb:418 - Load user favorites file C:\Users\MyLinh/.stm32cubeide/favorites.mcus.txt: 1 item(s)
2022-10-14 23:08:29,643 [INFO] ApiDb:422 - User favorites MCUs=[STM32F103C6U6A]
2022-10-14 23:08:29,643 [INFO] DbMcus:221 - Set 1 / 1 favorites MCUs
2022-10-14 23:08:29,706 [WARN] PackLoader:242 - Cannot read IP mode file for SEGGER.I-CUBE-embOS.1.2.1
2022-10-14 23:08:29,765 [WARN] PackLoader:242 - Cannot read IP mode file for STMicroelectronics.FP-ATR-ASTRA1.1.1.1
2022-10-14 23:08:29,781 [WARN] PackLoader:242 - Cannot read IP mode file for STMicroelectronics.X-CUBE-AZRTOS-G4.1.0.0
2022-10-14 23:08:29,802 [WARN] PackLoader:242 - Cannot read IP mode file for STMicroelectronics.X-CUBE-AZRTOS-L4.1.0.0
2022-10-14 23:08:29,811 [WARN] PackLoader:242 - Cannot read IP mode file for emotas.I-CUBE-CANOPEN.1.1.2
2022-10-14 23:08:29,816 [WARN] PackLoader:242 - Cannot read IP mode file for STMicroelectronics.X-CUBE-TOUCHGFX.4.20.0
2022-10-14 23:08:29,828 [WARN] PackLoader:242 - Cannot read IP mode file for STMicroelectronics.X-CUBE-AZRTOS-WL.1.0.0
2022-10-14 23:08:29,834 [WARN] PackLoader:242 - Cannot read IP mode file for portGmbH.I-Cube-SoM-uGOAL.1.1.0
2022-10-14 23:08:29,841 [WARN] PackLoader:242 - Cannot read IP mode file for STMicroelectronics.X-CUBE-ALS.1.0.1
2022-10-14 23:08:29,860 [WARN] PackLoader:242 - Cannot read IP mode file for STMicroelectronics.X-CUBE-AZRTOS-L5.1.0.0
2022-10-14 23:08:29,868 [WARN] PackLoader:242 - Cannot read IP mode file for STMicroelectronics.X-CUBE-EEPRMA1.3.1.1
2022-10-14 23:08:29,870 [INFO] ThirdParty:929 - Integrity check success = true
2022-10-14 23:08:29,870 [INFO] IntegrityCheckThread:98 - exiting critical section [integrity check]
2022-10-14 23:08:29,871 [INFO] IntegrityCheckThread:101 - End integrity checks thread
2022-10-14 23:08:31,042 [INFO] LoadUrlFilesThread:177 - End of LoadServerUrlFiles without Thread
2022-10-14 23:08:31,059 [INFO] DetailPanel:339 - Set advertising image to C:/Users/MyLinh/STM32Cube/Repository/\en.Prom_NBSTM32U50921.jpg
2022-10-14 23:08:31,620 [INFO] ToolPreferences:109 - Table McuList, key=mcufinder_cubeide.mculist: column name not found=IO
2022-10-14 23:08:31,621 [INFO] ToolPreferences:109 - Table McuList, key=mcufinder_cubeide.mculist: column name not found=Freq.
2022-10-14 23:08:31,622 [INFO] MultiScanPanel:778 - Auto Refresh Data is not needed
2022-10-14 23:08:31,632 [INFO] ApiDb:663 - CubeFinder database Data Model version=2.1
2022-10-14 23:08:31,632 [INFO] ApiDb:664 - CubeFinder database Configuration version=3.0.32
2022-10-14 23:08:31,633 [INFO] ApiDb:665 - CubeFinder database generation date=2022-08-05 (1659688109)
2022-10-14 23:08:31,633 [INFO] ApiDb:666 - CubeFinder database FW Pack versions=[STM32Cube_FW_C0_V1.0.0, STM32Cube_FW_F4_V1.27.1, STM32Cube_FW_F7_V1.17.0, STM32Cube_FW_G0_V1.6.1, STM32Cube_FW_G4_V1.5.0, STM32Cube_FW_H7_V1.10.0, STM32Cube_FW_L5_V1.4.0, STM32Cube_FW_U5_V1.1.1, STM32Cube_FW_WB_V1.14.1, STM32Cube_FW_WL_V1.2.0, X-CUBE-ALGOBUILD_V1.3.0, X-CUBE-ALS_V1.0.1, X-CUBE-AZRTOS-F4_V1.1.0, X-CUBE-AZRTOS-F7_V1.1.0, X-CUBE-AZRTOS-G0_V1.1.0, X-CUBE-AZRTOS-G4_V1.0.0, X-CUBE-AZRTOS-H7_V2.1.0, X-CUBE-AZRTOS-L4_V1.0.0, X-CUBE-AZRTOS-L5_V1.0.0, X-CUBE-AZRTOS-WL_V1.0.0, X-CUBE-BLE1_V6.2.3, X-CUBE-BLE2_V3.3.0, X-CUBE-EEPRMA1_V3.1.1, X-CUBE-GNSS1_V6.0.0, X-CUBE-MEMS1_V9.1.0, X-CUBE-MEMS1_V9.3.0, X-CUBE-NFC4_V2.0.4, X-CUBE-NFC7_V1.0.0, X-CUBE-SFXS2LP1_V4.0.0, X-CUBE-SUBG2_V5.0.0]
2022-10-14 23:08:31,692 [INFO] DbBoardsSqlite:227 - include board P-NUCLEO-WB55-NUCLEO as a kit item of type 'Nucleo-64'
2022-10-14 23:08:31,693 [INFO] DbBoardsSqlite:227 - include board P-NUCLEO-WB55-USBDONGLE as a kit item of type 'Nucleo USB Dongle'
2022-10-14 23:08:31,693 [INFO] DbBoardsSqlite:227 - include board STEVAL-IDP005V1 as a kit item of type 'Evaluation Board'
2022-10-14 23:08:31,693 [INFO] DbBoardsSqlite:227 - include board STEVAL-IDP005V2 as a kit item of type 'Evaluation Board'
2022-10-14 23:08:31,702 [INFO] ApiDb:239 - Found 138 in-development CPN: [B-WB1M-WPAN1, NUCLEO-C031C6, STEVAL-STWINBX1, STM320518-EVAL, STM32C0116-DK, STM32C011D6Y3TR, STM32C011D6Y6TR, STM32C011F4P3, STM32C011F4P6, STM32C011F4U3, STM32C011F4U6TR, STM32C011F6P3, STM32C011F6P6, STM32C011F6U3, STM32C011F6U6TR, STM32C011J4M3, STM32C011J4M6, STM32C011J6M3, STM32C011J6M6, STM32C0316-DK, STM32C031C4T3, STM32C031C4T6, STM32C031C4U3, STM32C031C4U6, STM32C031C6T3, STM32C031C6T6, STM32C031C6U3, STM32C031C6U6, STM32C031F4P3, STM32C031F4P6, STM32C031F6P3, STM32C031F6P6, STM32C031G4U3, STM32C031G4U6, STM32C031G6U3, STM32C031G6U6, STM32C031K4T3, STM32C031K4T6, STM32C031K4U3, STM32C031K4U6, STM32C031K6T3, STM32C031K6T6, STM32C031K6U3, STM32C031K6U6, STM32G071K8TXN, STM32G071K8UXN, STM32G081GBU6N, STM32G081KBT6N, STM32G081KBUXN, STM32G0B1CCT6N, STM32G0B1KCT6, STM32G0B1NEY6TR, STM32G0B1RCT6N, STM32G0C1CCT6, STM32G0C1CCT6N, STM32G0C1CCU6N, STM32G0C1CET6N, STM32G0C1CEU6N, STM32G0C1KCT6, STM32G0C1NEY6TR, STM32G0C1RCI6N, STM32G0C1RCT6N, STM32G0C1REI6N, STM32G0C1RET6N, STM32G0C1VCI6, STM32G0C1VEI6, STM32G471CCT6, STM32G471CCU6, STM32G471CET3, STM32G471CET6, STM32G471CEU3, STM32G471CEU6, STM32G471MCT6, STM32G471MET3, STM32G471MET6, STM32G471MEY6TR, STM32G471QCT6, STM32G471QET3, STM32G471RCT6, STM32G471RET3, STM32G471RET6, STM32G471VCH6, STM32G471VCI6, STM32G471VCT6, STM32G471VEH3, STM32G471VEH6, STM32G471VEI3, STM32G471VEI6, STM32G471VET3, STM32G471VET6, STM32G474CCT6, STM32L476VGY6PTR, STM32L4R5QGI6STR, STM32MP131AAE3, STM32MP131AAF3, STM32MP131AAG3, STM32MP131CAE3, STM32MP131CAF3, STM32MP131CAG3, STM32MP131DAE7, STM32MP131DAF7, STM32MP131DAG7, STM32MP131FAE7, STM32MP131FAF7, STM32MP131FAG7, STM32MP133AAE3, STM32MP133AAF3, STM32MP133AAG3, STM32MP133CAE3, STM32MP133CAF3, STM32MP133CAG3, STM32MP133DAE7, STM32MP133DAF7, STM32MP133DAG7, STM32MP133FAE7, STM32MP133FAF7, STM32MP133FAG7, STM32MP135AAE3, STM32MP135AAF3, STM32MP135AAG3, STM32MP135CAE3, STM32MP135CAF3, STM32MP135CAG3, STM32MP135DAE7, STM32MP135DAF7, STM32MP135DAG7, STM32MP135F-DK, STM32MP135FAE7, STM32MP135FAF7, STM32MP135FAG7, STM32U595ZJT6Q, STM32U599BJY6QTR, STM32U599NIH6Q, STM32U599NJH6Q, STM32U5A5ZJT6Q, STM32U5A9BJY6QTR, STM32U5A9NJH6Q, STM32WB1MMCH6]
2022-10-14 23:08:31,828 [INFO] BoardInfo:879 - No configuration file found for board P-NUCLEO-WB55
2022-10-14 23:08:31,829 [INFO] DbBoards:156 - Kit is not supported: P-NUCLEO-WB55
2022-10-14 23:08:31,833 [INFO] BoardInfo:879 - No configuration file found for board STEVAL-BFA001V1B
2022-10-14 23:08:31,833 [INFO] DbBoards:156 - Kit is not supported: STEVAL-BFA001V1B
2022-10-14 23:08:31,834 [INFO] BoardInfo:879 - No configuration file found for board STEVAL-BFA001V2B
2022-10-14 23:08:31,835 [INFO] DbBoards:156 - Kit is not supported: STEVAL-BFA001V2B
2022-10-14 23:08:32,001 [INFO] DbBoards:160 - Found 176 boards, 173 are supported
2022-10-14 23:08:32,008 [INFO] ApiDb:418 - Load user favorites file C:\Users\MyLinh/.stm32cubeide/favorites.boards.txt: 0 item(s)
2022-10-14 23:08:32,008 [INFO] ApiDb:422 - User favorites Boards=[]
2022-10-14 23:08:32,008 [INFO] DbBoards:189 - Set 0 / 0 favorites Boards
2022-10-14 23:08:40,841 [ERROR] LogOutputStream:74 - [STDERR_REDIRECT] SLF4J: Failed to load class "org.slf4j.impl.StaticLoggerBinder".
2022-10-14 23:08:40,842 [ERROR] LogOutputStream:74 - [STDERR_REDIRECT] SLF4J: Defaulting to no-operation (NOP) logger implementation
2022-10-14 23:08:40,844 [ERROR] LogOutputStream:74 - [STDERR_REDIRECT] SLF4J: See http://www.slf4j.org/codes.html#StaticLoggerBinder for further details.
2022-10-14 23:08:43,948 [INFO] MainUpdater:2768 - connection check result : 10
2022-10-14 23:08:43,951 [INFO] MainUpdater:2768 - connection check result : 10
2022-10-14 23:08:43,974 [INFO] MicroXplorer:451 - Change Database Path : 
2022-10-14 23:08:43,974 [INFO] MicroXplorer:481 - Change Database Version : DB.6.0.60
2022-10-14 23:08:43,975 [WARN] ThirdParty:827 - waiting for thirdparty lock release [close project]
2022-10-14 23:08:43,976 [INFO] ThirdParty:829 - entering critical section [close project]
2022-10-14 23:08:43,977 [INFO] ThirdParty:839 - exiting critical section [close project]
2022-10-14 23:08:43,984 [INFO] PinOutPanel:1468 - setPackage(No Configuration,No Configuration)
2022-10-14 23:08:43,991 [INFO] UtilMem:74 - Begin LoadConfig() Used Memory: 231550552 Bytes (300941312)
2022-10-14 23:08:43,994 [INFO] MicroXplorer:451 - Change Database Path : 
2022-10-14 23:08:43,994 [INFO] MicroXplorer:481 - Change Database Version : DB.6.0.60
2022-10-14 23:08:43,995 [INFO] OpenFileManager:307 - Change cursor
2022-10-14 23:08:44,031 [INFO] Mcu:1922 - Initializing MCU STM32F103C6Ux STM32F103C6Ux 
2022-10-14 23:08:44,032 [INFO] Mcu:1935 - No CPN specified => set CPN to STM32F103C6U6A
2022-10-14 23:08:44,864 [INFO] Context:654 - Trying to add GPIOservice into a context  which must be forbidden
2022-10-14 23:08:45,097 [INFO] ImportTextPane:193 - (OptionalMessage_ERROR) Unable to find key (Mcu.ThirdPartyNb) in loaded IOC file
2022-10-14 23:08:45,097 [INFO] ImportTextPane:193 - (OptionalMessage_ERROR) Unable to find key (Mcu.PinsNb) in loaded IOC file
2022-10-14 23:08:45,098 [INFO] ImportTextPane:193 - (OptionalMessage_ERROR) Unable to find key (Mcu.IPNb) in loaded IOC file
2022-10-14 23:08:45,160 [WARN] ApiManager:308 - Cannot register API 'Board Extension:GNSS1A1' from pack STMicroelectronics.X-CUBE-GNSS1.6.0.0: no header file found
2022-10-14 23:08:45,160 [WARN] ApiManager:308 - Cannot register API 'Board Support:Custom' from pack STMicroelectronics.X-CUBE-GNSS1.6.0.0: no header file found
2022-10-14 23:08:45,161 [WARN] ApiManager:308 - Cannot register API 'Data Exchange:lib_gnss' from pack STMicroelectronics.X-CUBE-GNSS1.6.0.0: no header file found
2022-10-14 23:08:45,176 [WARN] ApiManager:308 - Cannot register API 'Wireless:BlueNRG-MS' from pack STMicroelectronics.X-CUBE-BLE1.6.2.3: no header file found
2022-10-14 23:08:45,179 [INFO] RtosManager:488 - Registered RTOS mode: class=CMSIS, group=RTOS, mode=CMSIS_V1, owner=FREERTOS
2022-10-14 23:08:45,179 [INFO] RtosManager:488 - Registered RTOS mode: class=CMSIS, group=RTOS2, mode=CMSIS_V2, owner=FREERTOS
2022-10-14 23:08:45,180 [INFO] RtosManager:488 - Registered RTOS mode: class=RTOS, group=Core, mode=CMSIS_V1, owner=FREERTOS
2022-10-14 23:08:45,180 [INFO] RtosManager:488 - Registered RTOS mode: class=RTOS, group=Core, mode=CMSIS_V2, owner=FREERTOS
2022-10-14 23:08:45,180 [WARN] ModelIntegratedComponent:185 - Missing modes for component STMicroelectronics:FreeRTOS:0.0.1:STMicroelectronics:RTOS:FreeRTOS:Core:::10.2.0:
2022-10-14 23:08:45,188 [WARN] ApiManager:308 - Cannot register API 'Board Extension:S2868A1' from pack STMicroelectronics.X-CUBE-SUBG2.5.0.0: no header file found
2022-10-14 23:08:45,188 [WARN] ApiManager:308 - Cannot register API 'Board Extension:S2868A2' from pack STMicroelectronics.X-CUBE-SUBG2.5.0.0: no header file found
2022-10-14 23:08:45,188 [WARN] ApiManager:308 - Cannot register API 'Board Extension:S2915A1' from pack STMicroelectronics.X-CUBE-SUBG2.5.0.0: no header file found
2022-10-14 23:08:45,196 [WARN] ApiManager:308 - Cannot register API 'Board Extension:NFC04A1' from pack STMicroelectronics.X-CUBE-NFC4.2.0.4: no header file found
2022-10-14 23:08:45,205 [WARN] ModelIntegratedComponent:64 - No mode defined for component null
2022-10-14 23:08:45,205 [WARN] ModelIntegratedComponent:64 - No mode defined for component null
2022-10-14 23:08:45,205 [WARN] ModelIntegratedComponent:64 - No mode defined for component null
2022-10-14 23:08:45,205 [WARN] ModelIntegratedComponent:64 - No mode defined for component null
2022-10-14 23:08:45,206 [WARN] ModelIntegratedComponent:64 - No mode defined for component null
2022-10-14 23:08:45,206 [WARN] ModelIntegratedComponent:64 - No mode defined for component null
2022-10-14 23:08:45,206 [WARN] ModelIntegratedComponent:64 - No mode defined for component null
2022-10-14 23:08:45,206 [WARN] ModelIntegratedComponent:64 - No mode defined for component null
2022-10-14 23:08:45,206 [WARN] ModelIntegratedComponent:64 - No mode defined for component null
2022-10-14 23:08:45,206 [WARN] ModelIntegratedComponent:64 - No mode defined for component null
2022-10-14 23:08:45,206 [WARN] ModelIntegratedComponent:64 - No mode defined for component null
2022-10-14 23:08:45,206 [WARN] ModelIntegratedComponent:64 - No mode defined for component null
2022-10-14 23:08:45,206 [WARN] ModelIntegratedComponent:64 - No mode defined for component null
2022-10-14 23:08:45,206 [WARN] ModelIntegratedComponent:64 - No mode defined for component null
2022-10-14 23:08:45,206 [WARN] ModelIntegratedComponent:64 - No mode defined for component null
2022-10-14 23:08:45,206 [WARN] ModelIntegratedComponent:64 - No mode defined for component null
2022-10-14 23:08:45,206 [WARN] ModelIntegratedComponent:64 - No mode defined for component null
2022-10-14 23:08:45,207 [WARN] ModelIntegratedComponent:64 - No mode defined for component null
2022-10-14 23:08:45,207 [WARN] ModelIntegratedComponent:64 - No mode defined for component null
2022-10-14 23:08:45,207 [WARN] ModelIntegratedComponent:64 - No mode defined for component null
2022-10-14 23:08:45,207 [WARN] ModelIntegratedComponent:64 - No mode defined for component null
2022-10-14 23:08:45,207 [WARN] ModelIntegratedComponent:64 - No mode defined for component null
2022-10-14 23:08:45,207 [WARN] ModelIntegratedComponent:64 - No mode defined for component null
2022-10-14 23:08:45,207 [WARN] ModelIntegratedComponent:64 - No mode defined for component null
2022-10-14 23:08:45,207 [WARN] ModelIntegratedComponent:64 - No mode defined for component null
2022-10-14 23:08:45,207 [WARN] ModelIntegratedComponent:64 - No mode defined for component null
2022-10-14 23:08:45,207 [WARN] ModelIntegratedComponent:64 - No mode defined for component null
2022-10-14 23:08:45,207 [WARN] ModelIntegratedComponent:64 - No mode defined for component null
2022-10-14 23:08:45,207 [WARN] ModelIntegratedComponent:64 - No mode defined for component null
2022-10-14 23:08:45,207 [WARN] ModelIntegratedComponent:64 - No mode defined for component null
2022-10-14 23:08:45,207 [WARN] ModelIntegratedComponent:64 - No mode defined for component null
2022-10-14 23:08:45,207 [WARN] ModelIntegratedComponent:64 - No mode defined for component null
2022-10-14 23:08:45,207 [WARN] ModelIntegratedComponent:64 - No mode defined for component null
2022-10-14 23:08:45,210 [WARN] ApiManager:308 - Cannot register API 'Board Extension:NFC07A1' from pack STMicroelectronics.X-CUBE-NFC7.1.0.0: no header file found
2022-10-14 23:08:45,318 [WARN] ApiManager:308 - Cannot register API 'Board Extension:IKS01A3' from pack STMicroelectronics.X-CUBE-MEMS1.9.3.0: no header file found
2022-10-14 23:08:45,318 [WARN] ApiManager:308 - Cannot register API 'Board Extension:IKS01A2' from pack STMicroelectronics.X-CUBE-MEMS1.9.3.0: no header file found
2022-10-14 23:08:45,318 [WARN] ApiManager:308 - Cannot register API 'Board Extension:IKS02A1' from pack STMicroelectronics.X-CUBE-MEMS1.9.3.0: no header file found
2022-10-14 23:08:45,328 [WARN] ApiManager:308 - Cannot register API 'Board Extension:EEPRMA1' from pack STMicroelectronics.X-CUBE-EEPRMA1.3.1.1: no header file found
2022-10-14 23:08:45,328 [WARN] ApiManager:308 - Cannot register API 'Board Extension:EEPRMA2' from pack STMicroelectronics.X-CUBE-EEPRMA1.3.1.1: no header file found
2022-10-14 23:08:45,329 [WARN] ApiManager:308 - Cannot register API 'Board Extension:S2868A1' from pack STMicroelectronics.X-CUBE-SFXS2LP1.4.0.0: no header file found
2022-10-14 23:08:45,329 [WARN] ApiManager:308 - Cannot register API 'Board Extension:S2868A2' from pack STMicroelectronics.X-CUBE-SFXS2LP1.4.0.0: no header file found
2022-10-14 23:08:45,329 [WARN] ApiManager:308 - Cannot register API 'Board Extension:S2915A1' from pack STMicroelectronics.X-CUBE-SFXS2LP1.4.0.0: no header file found
2022-10-14 23:08:45,330 [WARN] ApiManager:308 - Cannot register API 'Wireless:BlueNRG-2' from pack STMicroelectronics.X-CUBE-BLE2.3.3.0: no header file found
2022-10-14 23:08:45,336 [INFO] ThirdPartyModel:289 - Start build external matchings
2022-10-14 23:08:45,601 [INFO] ThirdPartyModel:302 - End build external matchings
2022-10-14 23:08:45,810 [INFO] UtilMem:74 - End LoadConfig() Used Memory: 148839320 Bytes (300941312)
2022-10-14 23:08:45,831 [WARN] ThirdParty:789 - waiting for thirdparty lock release [change project]
2022-10-14 23:08:45,831 [INFO] ThirdParty:791 - entering critical section [change project]
2022-10-14 23:08:45,832 [INFO] ThirdParty:981 - CMSIS Pack Vendor :RoweBots I-CUBE-UNISONRTOS 5.5.0-4
2022-10-14 23:08:45,832 [INFO] ThirdParty:981 - CMSIS Pack Vendor :STMicroelectronics X-CUBE-GNSS1 6.0.0
2022-10-14 23:08:45,832 [INFO] ThirdParty:981 - CMSIS Pack Vendor :STMicroelectronics X-CUBE-AZRTOS-H7 2.1.0
2022-10-14 23:08:45,832 [INFO] ThirdParty:981 - CMSIS Pack Vendor :STMicroelectronics USB_HOST 2.0.0
2022-10-14 23:08:45,832 [INFO] ThirdParty:981 - CMSIS Pack Vendor :STMicroelectronics X-CUBE-AZRTOS-F4 1.1.0
2022-10-14 23:08:45,833 [INFO] ThirdParty:981 - CMSIS Pack Vendor :STMicroelectronics LIBJPEG 8.0.0
2022-10-14 23:08:45,833 [INFO] ThirdParty:981 - CMSIS Pack Vendor :STMicroelectronics USB_DEVICE 3.0.0
2022-10-14 23:08:45,833 [INFO] ThirdParty:981 - CMSIS Pack Vendor :STMicroelectronics X-CUBE-BLEMGR 1.2.0
2022-10-14 23:08:45,833 [INFO] ThirdParty:981 - CMSIS Pack Vendor :STMicroelectronics X-CUBE-AZRTOS-F7 1.1.0
2022-10-14 23:08:45,833 [INFO] ThirdParty:981 - CMSIS Pack Vendor :STMicroelectronics USB_DEVICE 2.0.0
2022-10-14 23:08:45,833 [INFO] ThirdParty:981 - CMSIS Pack Vendor :STMicroelectronics X-CUBE-BLE1 6.2.3
2022-10-14 23:08:45,833 [INFO] ThirdParty:981 - CMSIS Pack Vendor :STMicroelectronics X-CUBE-ALGOBUILD 1.3.0
2022-10-14 23:08:45,833 [INFO] ThirdParty:981 - CMSIS Pack Vendor :STMicroelectronics FreeRTOS 0.0.1
2022-10-14 23:08:45,833 [INFO] ThirdParty:981 - CMSIS Pack Vendor :STMicroelectronics X-CUBE-AZRTOS-G0 1.1.0
2022-10-14 23:08:45,833 [INFO] ThirdParty:981 - CMSIS Pack Vendor :STMicroelectronics X-CUBE-SUBG2 5.0.0
2022-10-14 23:08:45,834 [INFO] ThirdParty:981 - CMSIS Pack Vendor :STMicroelectronics STM32_WPAN 1.0.0
2022-10-14 23:08:45,834 [INFO] ThirdParty:981 - CMSIS Pack Vendor :SEGGER I-CUBE-embOS 1.2.1
2022-10-14 23:08:45,834 [INFO] ThirdParty:981 - CMSIS Pack Vendor :STMicroelectronics lwIP 2.0.3
2022-10-14 23:08:45,834 [INFO] ThirdParty:981 - CMSIS Pack Vendor :STMicroelectronics X-CUBE-NFC4 2.0.4
2022-10-14 23:08:45,834 [INFO] ThirdParty:981 - CMSIS Pack Vendor :STMicroelectronics USB_HOST 1.0.0
2022-10-14 23:08:45,834 [INFO] ThirdParty:981 - CMSIS Pack Vendor :STMicroelectronics PDM2PCM 3.1.0
2022-10-14 23:08:45,834 [INFO] ThirdParty:981 - CMSIS Pack Vendor :STMicroelectronics FP-ATR-ASTRA1 1.1.1
2022-10-14 23:08:45,836 [INFO] ThirdParty:981 - CMSIS Pack Vendor :STMicroelectronics PDM2PCM 3.3.0
2022-10-14 23:08:45,836 [INFO] ThirdParty:981 - CMSIS Pack Vendor :STMicroelectronics X-CUBE-TOF1 3.1.0
2022-10-14 23:08:45,836 [INFO] ThirdParty:981 - CMSIS Pack Vendor :STMicroelectronics X-CUBE-AZRTOS-G4 1.0.0
2022-10-14 23:08:45,837 [INFO] ThirdParty:981 - CMSIS Pack Vendor :STMicroelectronics X-CUBE-AZRTOS-L4 1.0.0
2022-10-14 23:08:45,837 [INFO] ThirdParty:981 - CMSIS Pack Vendor :wolfSSL I-CUBE-wolfSSL 5.5.1
2022-10-14 23:08:45,837 [INFO] ThirdParty:981 - CMSIS Pack Vendor :STMicroelectronics HAL Drivers 0.0.0
2022-10-14 23:08:45,837 [INFO] ThirdParty:981 - CMSIS Pack Vendor :STMicroelectronics MBEDTLS 2.16.2
2022-10-14 23:08:45,837 [INFO] ThirdParty:981 - CMSIS Pack Vendor :emotas I-CUBE-CANOPEN 1.1.2
2022-10-14 23:08:45,837 [INFO] ThirdParty:981 - CMSIS Pack Vendor :STMicroelectronics X-CUBE-TOUCHGFX 4.20.0
2022-10-14 23:08:45,837 [INFO] ThirdParty:981 - CMSIS Pack Vendor :STMicroelectronics MBEDTLS 2.14.1
2022-10-14 23:08:45,837 [INFO] ThirdParty:981 - CMSIS Pack Vendor :STMicroelectronics X-CUBE-NFC7 1.0.0
2022-10-14 23:08:45,837 [INFO] ThirdParty:981 - CMSIS Pack Vendor :STMicroelectronics X-CUBE-AZRTOS-WL 1.0.0
2022-10-14 23:08:45,837 [INFO] ThirdParty:981 - CMSIS Pack Vendor :STMicroelectronics X-CUBE-MEMS1 9.3.0
2022-10-14 23:08:45,837 [INFO] ThirdParty:981 - CMSIS Pack Vendor :portGmbH I-Cube-SoM-uGOAL 1.1.0
2022-10-14 23:08:45,837 [INFO] ThirdParty:981 - CMSIS Pack Vendor :STMicroelectronics X-CUBE-ALS 1.0.1
2022-10-14 23:08:45,837 [INFO] ThirdParty:981 - CMSIS Pack Vendor :STMicroelectronics X-CUBE-AI 7.2.0
2022-10-14 23:08:45,837 [INFO] ThirdParty:981 - CMSIS Pack Vendor :STMicroelectronics ThreadX 1.0.0
2022-10-14 23:08:45,838 [INFO] ThirdParty:981 - CMSIS Pack Vendor :STMicroelectronics X-CUBE-AZRTOS-L5 1.0.0
2022-10-14 23:08:45,838 [INFO] ThirdParty:981 - CMSIS Pack Vendor :STMicroelectronics USB_DEVICE 1.0.0
2022-10-14 23:08:45,838 [INFO] ThirdParty:981 - CMSIS Pack Vendor :STMicroelectronics X-CUBE-EEPRMA1 3.1.1
2022-10-14 23:08:45,839 [INFO] ThirdParty:981 - CMSIS Pack Vendor :STMicroelectronics ThreadX 0.0.2
2022-10-14 23:08:45,839 [INFO] ThirdParty:981 - CMSIS Pack Vendor :STMicroelectronics lwIP 2.1.2
2022-10-14 23:08:45,839 [INFO] ThirdParty:981 - CMSIS Pack Vendor :STMicroelectronics X-CUBE-SFXS2LP1 4.0.0
2022-10-14 23:08:45,839 [INFO] ThirdParty:981 - CMSIS Pack Vendor :STMicroelectronics X-CUBE-BLE2 3.3.0
2022-10-14 23:08:45,839 [INFO] ThirdParty:981 - CMSIS Pack Vendor :STMicroelectronics X-CUBE-DISPLAY 2.2.0
2022-10-14 23:08:45,839 [INFO] ThirdParty:981 - CMSIS Pack Vendor :STMicroelectronics PDM2PCM 3.2.0
2022-10-14 23:08:45,839 [INFO] ThirdParty:981 - CMSIS Pack Vendor :STMicroelectronics X-CUBE-ISPU 1.0.0
2022-10-14 23:08:45,839 [INFO] ThirdParty:797 - exiting critical section [change project]
2022-10-14 23:08:46,184 [INFO] PinOutPanel:1468 - setPackage(No Configuration,No Configuration)
2022-10-14 23:08:46,185 [INFO] PinOutPanel:1468 - setPackage(STM32F103C6Ux,UFQFPN48)
2022-10-14 23:08:46,896 [INFO] UtilMem:74 - Before build in PCC Used Memory: 168630184 Bytes (300941312)
2022-10-14 23:08:47,681 [INFO] UtilMem:74 - After build in PCC Used Memory: 162481432 Bytes (300941312)
2022-10-14 23:08:47,705 [INFO] IPUIPlugin:79 - create IPUIPlugin
2022-10-14 23:08:47,706 [INFO] IPUIPlugin:79 - create IPUIPlugin
2022-10-14 23:08:47,706 [INFO] IPUIPlugin:79 - create IPUIPlugin
2022-10-14 23:08:47,706 [INFO] IPUIPlugin:79 - create IPUIPlugin
2022-10-14 23:08:47,706 [INFO] IPUIPlugin:79 - create IPUIPlugin
2022-10-14 23:08:47,706 [INFO] IPUIPlugin:79 - create IPUIPlugin
2022-10-14 23:08:47,706 [INFO] IPUIPlugin:79 - create IPUIPlugin
2022-10-14 23:08:47,706 [INFO] IPUIPlugin:79 - create IPUIPlugin
2022-10-14 23:08:47,708 [INFO] IPUIPlugin:79 - create IPUIPlugin
2022-10-14 23:08:47,708 [INFO] IPUIPlugin:79 - create IPUIPlugin
2022-10-14 23:08:47,708 [INFO] IPUIPlugin:79 - create IPUIPlugin
2022-10-14 23:08:47,708 [INFO] IPUIPlugin:79 - create IPUIPlugin
2022-10-14 23:08:47,709 [INFO] IPUIPlugin:79 - create IPUIPlugin
2022-10-14 23:08:47,709 [INFO] IPUIPlugin:79 - create IPUIPlugin
2022-10-14 23:08:47,709 [INFO] IPUIPlugin:79 - create IPUIPlugin
2022-10-14 23:08:47,709 [INFO] IPUIPlugin:79 - create IPUIPlugin
2022-10-14 23:08:47,710 [INFO] IPUIPlugin:79 - create IPUIPlugin
2022-10-14 23:08:47,710 [INFO] IPUIPlugin:79 - create IPUIPlugin
2022-10-14 23:08:47,710 [INFO] IPUIPlugin:79 - create IPUIPlugin
2022-10-14 23:08:47,711 [INFO] IPUIPlugin:79 - create IPUIPlugin
2022-10-14 23:08:47,711 [INFO] IPUIPlugin:79 - create IPUIPlugin
2022-10-14 23:08:47,711 [INFO] IPUIPlugin:79 - create IPUIPlugin
2022-10-14 23:08:47,712 [INFO] IPUIPlugin:79 - create IPUIPlugin
2022-10-14 23:08:47,956 [INFO] OpenFileManager:327 - Restore cursor
2022-10-14 23:08:48,498 [INFO] UtilMem:74 - End SaveConfig() Used Memory: 179024648 Bytes (300941312)
2022-10-14 23:08:48,550 [INFO] UtilMem:74 - End SaveConfig() Used Memory: 188452784 Bytes (300941312)
2022-10-14 23:08:49,066 [INFO] BlockDiagram:2753 - set Specific Code input for plugin: NVIC
2022-10-14 23:08:49,067 [INFO] BlockDiagram:2753 - set Specific Code input for plugin: RCC
2022-10-14 23:08:49,068 [INFO] CodeGenerator:690 - code generatio: config db path: C:\ST\STM32CubeIDE_1.7.0\STM32CubeIDE\plugins\com.st.stm32cube.common.mx_6.6.1.202207061420\\db\
2022-10-14 23:08:49,437 [INFO] CodeEngine:245 - oldGeneratedFile, D:\Microcontroller\LAB\LAB1\Bai3\STM\Bai3\MXTmpFiles\license.tmp_save
2022-10-14 23:08:49,836 [INFO] CodeEngine:269 - Generated code: D:\Microcontroller\LAB\LAB1\Bai3\STM\Bai3\MXTmpFiles\license.tmp
2022-10-14 23:08:49,850 [INFO] CodeEngine:245 - oldGeneratedFile, D:\Microcontroller\LAB\LAB1\Bai3\STM\Bai3\Core\Src\stm32f1xx_it.c_save
2022-10-14 23:08:49,999 [INFO] CodeEngine:269 - Generated code: D:\Microcontroller\LAB\LAB1\Bai3\STM\Bai3\Core\Src\stm32f1xx_it.c
2022-10-14 23:08:50,003 [INFO] CodeEngine:245 - oldGeneratedFile, D:\Microcontroller\LAB\LAB1\Bai3\STM\Bai3\Core\Inc\stm32f1xx_it.h_save
2022-10-14 23:08:50,131 [INFO] CodeEngine:269 - Generated code: D:\Microcontroller\LAB\LAB1\Bai3\STM\Bai3\Core\Inc\stm32f1xx_it.h
2022-10-14 23:08:50,210 [INFO] CodeEngine:245 - oldGeneratedFile, D:\Microcontroller\LAB\LAB1\Bai3\STM\Bai3\Core\Src\stm32f1xx_hal_msp.c_save
2022-10-14 23:08:50,354 [INFO] CodeEngine:269 - Generated code: D:\Microcontroller\LAB\LAB1\Bai3\STM\Bai3\Core\Src\stm32f1xx_hal_msp.c
2022-10-14 23:08:50,357 [INFO] CodeEngine:245 - oldGeneratedFile, D:\Microcontroller\LAB\LAB1\Bai3\STM\Bai3\MXTmpFiles\system.tmp_save
2022-10-14 23:08:50,438 [INFO] CodeEngine:269 - Generated code: D:\Microcontroller\LAB\LAB1\Bai3\STM\Bai3\MXTmpFiles\system.tmp
2022-10-14 23:08:50,447 [INFO] CodeEngine:245 - oldGeneratedFile, D:\Microcontroller\LAB\LAB1\Bai3\STM\Bai3\Core\Inc\stm32f1xx_hal_conf.h_save
2022-10-14 23:08:50,589 [INFO] CodeEngine:269 - Generated code: D:\Microcontroller\LAB\LAB1\Bai3\STM\Bai3\Core\Inc\stm32f1xx_hal_conf.h
2022-10-14 23:08:50,645 [INFO] CodeEngine:245 - oldGeneratedFile, D:\Microcontroller\LAB\LAB1\Bai3\STM\Bai3\Core\Inc\main.h_save
2022-10-14 23:08:50,813 [INFO] CodeEngine:269 - Generated code: D:\Microcontroller\LAB\LAB1\Bai3\STM\Bai3\Core\Inc\main.h
2022-10-14 23:08:50,815 [INFO] CodeEngine:245 - oldGeneratedFile, D:\Microcontroller\LAB\LAB1\Bai3\STM\Bai3\Core\Src\main.c_save
2022-10-14 23:08:50,980 [INFO] CodeEngine:269 - Generated code: D:\Microcontroller\LAB\LAB1\Bai3\STM\Bai3\Core\Src\main.c
2022-10-14 23:08:52,026 [INFO] ProjectBuilder:2919 - Time for Copy HAL[1] : 196mS.
2022-10-14 23:08:52,043 [INFO] ProjectBuilder:4117 - Project Generator version: 3.17.1
2022-10-14 23:08:52,446 [INFO] ConfigFileManager:1394 - The Die is : DIE412
2022-10-14 23:08:52,484 [INFO] ApiDbMcu:505 - Load IP Config File for FATFS
2022-10-14 23:08:52,509 [INFO] ApiDbMcu:505 - Load IP Config File for FREERTOS
2022-10-14 23:08:52,527 [INFO] ApiDbMcu:505 - Load IP Config File for USB_DEVICE
2022-10-14 23:08:55,105 [INFO] ProjectBuilder:4285 - Time for Generating toolchain IDE Files: 3060mS.
2022-10-14 23:08:55,106 [INFO] ProjectBuilder:2790 - Time for Copy CMSIS : 0mS.
2022-10-14 23:08:55,107 [INFO] ProjectBuilder:2790 - Time for Copy CMSIS : 0mS.
2022-10-14 23:08:55,880 [INFO] McuFinderGlobals:57 - Set McuFinderConnectedMode to true
2022-10-14 23:08:55,883 [INFO] ApiDb:443 - Save user favorites file C:\Users\MyLinh/.stm32cubeide/favorites.mcus.txt: 1 item(s)
2022-10-14 23:08:55,883 [INFO] ApiDb:447 - User favorites MCUs=[STM32F103C6U6A]
