2022-10-14 23:09:14,368 [INFO] Activator:177 - 


2022-10-14 23:09:14,370 [INFO] Activator:178 - !SESSION log4j initialized
2022-10-14 23:09:19,476 [INFO] McuFinderGlobals:44 - Set McuFinder mode to 2 (CubeIDE integrated)
2022-10-14 23:09:19,597 [INFO] ApplicationProperties:181 - Using Application install path: C:\ST\STM32CubeIDE_1.7.0\STM32CubeIDE\plugins\com.st.stm32cube.common.mx_6.6.1.202207061420
2022-10-14 23:09:19,615 [INFO] DbMcusXml:77 - Set database path to: C:\ST\STM32CubeIDE_1.7.0\STM32CubeIDE\plugins\com.st.stm32cube.common.mx_6.6.1.202207061420\\db\/mcu/
2022-10-14 23:09:19,615 [INFO] ApiDb:269 - Set plugin database path to: C:\ST\STM32CubeIDE_1.7.0\STM32CubeIDE\plugins\com.st.stm32cube.common.mx_6.6.1.202207061420\\db\/plugins/boardmanager/
2022-10-14 23:09:19,623 [WARN] ApiDb:254 - Overriding images path with different value:  => C:\ST\STM32CubeIDE_1.7.0\STM32CubeIDE\plugins\com.st.stm32cube.common.mx_6.6.1.202207061420\\db\/plugins/mcufinder/images/
2022-10-14 23:09:19,637 [INFO] ApiDb:249 - Set database path to: C:\Users\MyLinh\.stmcufinder\plugins\mcufinder//mcu/
2022-10-14 23:09:19,639 [INFO] DbMcusAds:124 - Set database path to: C:\Users\MyLinh\.stmcufinder\plugins\mcufinder//mcu/
2022-10-14 23:09:19,642 [INFO] CrossReferenceDbSqlite:201 - Set database path to: C:\Users\MyLinh\.stmcufinder\plugins\mcufinder//mcu/cs/
2022-10-14 23:09:19,758 [INFO] RulesReader:61 - Compatibility file has been processed (282 Rules)
2022-10-14 23:09:19,839 [INFO] DbMcusXml:77 - Set database path to: C:\ST\STM32CubeIDE_1.7.0\STM32CubeIDE\plugins\com.st.stm32cube.common.mx_6.6.1.202207061420\\db\/mcu/
2022-10-14 23:09:19,840 [INFO] ApiDb:269 - Set plugin database path to: C:\ST\STM32CubeIDE_1.7.0\STM32CubeIDE\plugins\com.st.stm32cube.common.mx_6.6.1.202207061420\\db\/plugins/boardmanager/
2022-10-14 23:09:19,840 [INFO] ApiDb:256 - Set plugin images path to: C:\ST\STM32CubeIDE_1.7.0\STM32CubeIDE\plugins\com.st.stm32cube.common.mx_6.6.1.202207061420\\db\/plugins/mcufinder/images/
2022-10-14 23:09:19,840 [WARN] DbFile:40 - Overriding database path with different value: C:\Users\MyLinh\.stmcufinder\plugins\mcufinder/ => C:\Users\MyLinh\.stmcufinder\plugins\mcufinder
2022-10-14 23:09:19,840 [INFO] ApiDb:249 - Set database path to: C:\Users\MyLinh\.stmcufinder\plugins\mcufinder//mcu/
2022-10-14 23:09:19,841 [WARN] DbFile:40 - Overriding database path with different value: C:\Users\MyLinh\.stmcufinder\plugins\mcufinder/ => C:\Users\MyLinh\.stmcufinder\plugins\mcufinder
2022-10-14 23:09:19,841 [INFO] DbMcusAds:124 - Set database path to: C:\Users\MyLinh\.stmcufinder\plugins\mcufinder//mcu/
2022-10-14 23:09:19,841 [WARN] DbFile:40 - Overriding database path with different value: C:\Users\MyLinh\.stmcufinder\plugins\mcufinder/ => C:\Users\MyLinh\.stmcufinder\plugins\mcufinder
2022-10-14 23:09:19,842 [WARN] DbFile:40 - Overriding database path with different value: C:\Users\MyLinh\.stmcufinder\plugins\mcufinder/ => C:\Users\MyLinh\.stmcufinder\plugins\mcufinder
2022-10-14 23:09:19,842 [INFO] CrossReferenceDbSqlite:201 - Set database path to: C:\Users\MyLinh\.stmcufinder\plugins\mcufinder//mcu/cs/
2022-10-14 23:09:19,919 [INFO] MainPanel:242 - HeapMemory: 268435456
2022-10-14 23:09:20,010 [INFO] DbMcusXml:77 - Set database path to: C:\ST\STM32CubeIDE_1.7.0\STM32CubeIDE\plugins\com.st.stm32cube.common.mx_6.6.1.202207061420\\db\/mcu/
2022-10-14 23:09:20,010 [INFO] ApiDb:269 - Set plugin database path to: C:\ST\STM32CubeIDE_1.7.0\STM32CubeIDE\plugins\com.st.stm32cube.common.mx_6.6.1.202207061420\\db\/plugins/boardmanager/
2022-10-14 23:09:20,011 [INFO] ApiDb:256 - Set plugin images path to: C:\ST\STM32CubeIDE_1.7.0\STM32CubeIDE\plugins\com.st.stm32cube.common.mx_6.6.1.202207061420\\db\/plugins/mcufinder/images/
2022-10-14 23:09:20,011 [WARN] DbFile:40 - Overriding database path with different value: C:\Users\MyLinh\.stmcufinder\plugins\mcufinder/ => C:\Users\MyLinh\.stmcufinder\plugins\mcufinder
2022-10-14 23:09:20,011 [INFO] ApiDb:249 - Set database path to: C:\Users\MyLinh\.stmcufinder\plugins\mcufinder//mcu/
2022-10-14 23:09:20,012 [WARN] DbFile:40 - Overriding database path with different value: C:\Users\MyLinh\.stmcufinder\plugins\mcufinder/ => C:\Users\MyLinh\.stmcufinder\plugins\mcufinder
2022-10-14 23:09:20,012 [INFO] DbMcusAds:124 - Set database path to: C:\Users\MyLinh\.stmcufinder\plugins\mcufinder//mcu/
2022-10-14 23:09:20,012 [WARN] DbFile:40 - Overriding database path with different value: C:\Users\MyLinh\.stmcufinder\plugins\mcufinder/ => C:\Users\MyLinh\.stmcufinder\plugins\mcufinder
2022-10-14 23:09:20,012 [WARN] DbFile:40 - Overriding database path with different value: C:\Users\MyLinh\.stmcufinder\plugins\mcufinder/ => C:\Users\MyLinh\.stmcufinder\plugins\mcufinder
2022-10-14 23:09:20,012 [INFO] CrossReferenceDbSqlite:201 - Set database path to: C:\Users\MyLinh\.stmcufinder\plugins\mcufinder//mcu/cs/
2022-10-14 23:09:20,033 [INFO] ApplicationProperties:181 - Using Application install path: C:\ST\STM32CubeIDE_1.7.0\STM32CubeIDE\plugins\com.st.stm32cube.common.mx_6.6.1.202207061420
2022-10-14 23:09:20,035 [INFO] PluginManage:193 - Search for loadable plugins [exclusion list=, ]
2022-10-14 23:09:20,036 [INFO] PluginManage:307 - Check plugin analytics
2022-10-14 23:09:20,204 [INFO] AnalyticsPlugin:262 - Accepted Software Licenses: 
2022-10-14 23:09:20,205 [INFO] AnalyticsPlugin:264 - Accepted CMSIS Pack Licenses: 
2022-10-14 23:09:20,205 [INFO] AnalyticsPlugin:266 - Accepted Firmware Licenses: 
2022-10-14 23:09:20,216 [INFO] PluginManage:356 - Loaded plugin analytics (category:tool,tabindex:-1)
2022-10-14 23:09:20,217 [INFO] PluginManage:307 - Check plugin cadmodel
2022-10-14 23:09:20,220 [INFO] CADModel:65 - Init CAD model plugin
2022-10-14 23:09:20,221 [INFO] PluginManage:356 - Loaded plugin cadmodel (category:power,tabindex:5)
2022-10-14 23:09:20,221 [INFO] PluginManage:307 - Check plugin clock
2022-10-14 23:09:20,231 [INFO] PluginManage:356 - Loaded plugin clock (category:base,tabindex:2)
2022-10-14 23:09:20,231 [INFO] PluginManage:307 - Check plugin ddr
2022-10-14 23:09:20,234 [INFO] PluginManage:356 - Loaded plugin ddr (category:tool,tabindex:6)
2022-10-14 23:09:20,234 [INFO] PluginManage:307 - Check plugin filemanager
2022-10-14 23:09:20,351 [INFO] PluginManage:356 - Loaded plugin filemanager (category:base,tabindex:10)
2022-10-14 23:09:20,351 [INFO] PluginManage:307 - Check plugin ipmanager
2022-10-14 23:09:20,360 [INFO] PluginManage:356 - Loaded plugin ipmanager (category:base,tabindex:5)
2022-10-14 23:09:20,361 [INFO] PluginManage:307 - Check plugin lpbam
2022-10-14 23:09:20,369 [INFO] PluginManage:356 - Loaded plugin lpbam (category:base,tabindex:0)
2022-10-14 23:09:20,369 [INFO] PluginManage:307 - Check plugin pinoutandconfiguration
2022-10-14 23:09:20,376 [INFO] PluginManage:356 - Loaded plugin pinoutandconfiguration (category:base,tabindex:1)
2022-10-14 23:09:20,376 [INFO] PluginManage:307 - Check plugin pinoutconfig
2022-10-14 23:09:20,411 [INFO] PluginManage:356 - Loaded plugin pinoutconfig (category:base,tabindex:0)
2022-10-14 23:09:20,411 [INFO] PluginManage:307 - Check plugin power
2022-10-14 23:09:20,422 [INFO] PluginManage:356 - Loaded plugin power (category:power,tabindex:4)
2022-10-14 23:09:20,423 [INFO] PluginManage:307 - Check plugin projectmanager
2022-10-14 23:09:20,440 [INFO] PluginManage:356 - Loaded plugin projectmanager (category:projectmanager,tabindex:3)
2022-10-14 23:09:20,440 [INFO] PluginManage:307 - Check plugin thirdparty
2022-10-14 23:09:20,576 [WARN] IntegrityCheckThread:82 - waiting for thirdparty lock release [integrity check]
2022-10-14 23:09:20,577 [INFO] PluginManage:356 - Loaded plugin thirdparty (category:base,tabindex:-1)
2022-10-14 23:09:20,577 [INFO] IntegrityCheckThread:84 - entering critical section [integrity check]
2022-10-14 23:09:20,577 [INFO] PluginManage:307 - Check plugin tools
2022-10-14 23:09:20,579 [INFO] ThirdPartyUpdaterWithRetryManager:70 - Updater plugin not ready yet. [1/15]
2022-10-14 23:09:20,580 [INFO] PluginManage:356 - Loaded plugin tools (category:base,tabindex:7)
2022-10-14 23:09:20,581 [INFO] PluginManage:307 - Check plugin tutovideos
2022-10-14 23:09:20,781 [INFO] PluginManage:356 - Loaded plugin tutovideos (category:base,tabindex:-1)
2022-10-14 23:09:20,781 [INFO] PluginManage:307 - Check plugin updater
2022-10-14 23:09:20,795 [INFO] PluginManage:356 - Loaded plugin updater (category:base,tabindex:12)
2022-10-14 23:09:20,796 [INFO] PluginManage:280 - PluginManage : Loaded plugins [15]
2022-10-14 23:09:21,021 [INFO] PinOutPanel:1468 - setPackage(No Configuration,No Configuration)
2022-10-14 23:09:21,084 [INFO] CADModel:98 - CPN selected for project level
2022-10-14 23:09:21,102 [INFO] IPUIPlugin:79 - create IPUIPlugin
2022-10-14 23:09:21,102 [INFO] PluginManager:217 - loadIPPluginJar : add adc
2022-10-14 23:09:21,105 [INFO] IPUIPlugin:79 - create IPUIPlugin
2022-10-14 23:09:21,106 [INFO] PluginManager:217 - loadIPPluginJar : add aes
2022-10-14 23:09:21,108 [INFO] IPUIPlugin:79 - create IPUIPlugin
2022-10-14 23:09:21,109 [INFO] PluginManager:217 - loadIPPluginJar : add can
2022-10-14 23:09:21,110 [INFO] IPUIPlugin:79 - create IPUIPlugin
2022-10-14 23:09:21,110 [INFO] PluginManager:217 - loadIPPluginJar : add comp
2022-10-14 23:09:21,113 [INFO] IPUIPlugin:79 - create IPUIPlugin
2022-10-14 23:09:21,114 [INFO] PluginManager:217 - loadIPPluginJar : add cryp
2022-10-14 23:09:21,116 [INFO] IPUIPlugin:79 - create IPUIPlugin
2022-10-14 23:09:21,116 [INFO] PluginManager:217 - loadIPPluginJar : add dfsdm
2022-10-14 23:09:21,121 [INFO] IPUIPlugin:79 - create IPUIPlugin
2022-10-14 23:09:21,122 [INFO] PluginManager:217 - loadIPPluginJar : add dma
2022-10-14 23:09:21,124 [INFO] IPUIPlugin:79 - create IPUIPlugin
2022-10-14 23:09:21,125 [INFO] PluginManager:217 - loadIPPluginJar : add dma3
2022-10-14 23:09:21,127 [INFO] IPUIPlugin:79 - create IPUIPlugin
2022-10-14 23:09:21,127 [INFO] PluginManager:217 - loadIPPluginJar : add fatfs
2022-10-14 23:09:21,131 [INFO] IPUIPlugin:79 - create IPUIPlugin
2022-10-14 23:09:21,131 [INFO] PluginManager:217 - loadIPPluginJar : add fmc
2022-10-14 23:09:21,136 [INFO] IPUIPlugin:79 - create IPUIPlugin
2022-10-14 23:09:21,136 [INFO] PluginManager:217 - loadIPPluginJar : add freertos
2022-10-14 23:09:21,137 [INFO] IPUIPlugin:79 - create IPUIPlugin
2022-10-14 23:09:21,138 [INFO] PluginManager:217 - loadIPPluginJar : add genericplugin
2022-10-14 23:09:21,139 [INFO] IPUIPlugin:79 - create IPUIPlugin
2022-10-14 23:09:21,140 [INFO] PluginManager:217 - loadIPPluginJar : add gfxmmu
2022-10-14 23:09:21,144 [INFO] IPUIPlugin:79 - create IPUIPlugin
2022-10-14 23:09:21,144 [INFO] PluginManager:217 - loadIPPluginJar : add gic
2022-10-14 23:09:21,149 [INFO] IPUIPlugin:79 - create IPUIPlugin
2022-10-14 23:09:21,149 [INFO] PluginManager:217 - loadIPPluginJar : add gpio
2022-10-14 23:09:21,160 [INFO] IPUIPlugin:79 - create IPUIPlugin
2022-10-14 23:09:21,160 [INFO] PluginManager:217 - loadIPPluginJar : add gtzc
2022-10-14 23:09:21,163 [INFO] IPUIPlugin:79 - create IPUIPlugin
2022-10-14 23:09:21,163 [INFO] PluginManager:217 - loadIPPluginJar : add hash
2022-10-14 23:09:21,167 [INFO] IPUIPlugin:79 - create IPUIPlugin
2022-10-14 23:09:21,167 [INFO] PluginManager:217 - loadIPPluginJar : add i2c
2022-10-14 23:09:21,170 [INFO] IPUIPlugin:79 - create IPUIPlugin
2022-10-14 23:09:21,171 [INFO] PluginManager:217 - loadIPPluginJar : add i2s
2022-10-14 23:09:21,174 [INFO] IPUIPlugin:79 - create IPUIPlugin
2022-10-14 23:09:21,174 [INFO] PluginManager:217 - loadIPPluginJar : add ipddr
2022-10-14 23:09:21,182 [INFO] IPUIPlugin:79 - create IPUIPlugin
2022-10-14 23:09:21,183 [INFO] PluginManager:217 - loadIPPluginJar : add linkedlist
2022-10-14 23:09:21,186 [INFO] IPUIPlugin:79 - create IPUIPlugin
2022-10-14 23:09:21,186 [INFO] PluginManager:217 - loadIPPluginJar : add lorawan
2022-10-14 23:09:21,188 [INFO] IPUIPlugin:79 - create IPUIPlugin
2022-10-14 23:09:21,188 [INFO] PluginManager:217 - loadIPPluginJar : add ltdc
2022-10-14 23:09:21,195 [INFO] IPUIPlugin:79 - create IPUIPlugin
2022-10-14 23:09:21,195 [INFO] PluginManager:217 - loadIPPluginJar : add mdma
2022-10-14 23:09:21,200 [INFO] IPUIPlugin:79 - create IPUIPlugin
2022-10-14 23:09:21,200 [INFO] PluginManager:217 - loadIPPluginJar : add nvic
2022-10-14 23:09:21,204 [INFO] IPUIPlugin:79 - create IPUIPlugin
2022-10-14 23:09:21,204 [INFO] PluginManager:217 - loadIPPluginJar : add opamp
2022-10-14 23:09:21,208 [INFO] IPUIPlugin:79 - create IPUIPlugin
2022-10-14 23:09:21,209 [INFO] PluginManager:217 - loadIPPluginJar : add openamp
2022-10-14 23:09:21,212 [INFO] IPUIPlugin:79 - create IPUIPlugin
2022-10-14 23:09:21,212 [INFO] PluginManager:217 - loadIPPluginJar : add pdm2pcm
2022-10-14 23:09:21,220 [INFO] IPUIPlugin:79 - create IPUIPlugin
2022-10-14 23:09:21,224 [INFO] PluginManager:217 - loadIPPluginJar : add plateformsettings
2022-10-14 23:09:21,225 [INFO] IPUIPlugin:79 - create IPUIPlugin
2022-10-14 23:09:21,227 [INFO] PluginManager:217 - loadIPPluginJar : add quadspi
2022-10-14 23:09:21,230 [INFO] IPUIPlugin:79 - create IPUIPlugin
2022-10-14 23:09:21,231 [INFO] PluginManager:217 - loadIPPluginJar : add resmgrutility
2022-10-14 23:09:21,234 [INFO] IPUIPlugin:79 - create IPUIPlugin
2022-10-14 23:09:21,234 [INFO] PluginManager:217 - loadIPPluginJar : add sai
2022-10-14 23:09:21,236 [INFO] IPUIPlugin:79 - create IPUIPlugin
2022-10-14 23:09:21,236 [INFO] PluginManager:217 - loadIPPluginJar : add spi
2022-10-14 23:09:21,240 [INFO] IPUIPlugin:79 - create IPUIPlugin
2022-10-14 23:09:21,240 [INFO] PluginManager:217 - loadIPPluginJar : add stm32_wpan
2022-10-14 23:09:21,243 [INFO] IPUIPlugin:79 - create IPUIPlugin
2022-10-14 23:09:21,243 [INFO] PluginManager:217 - loadIPPluginJar : add tim
2022-10-14 23:09:21,247 [INFO] IPUIPlugin:79 - create IPUIPlugin
2022-10-14 23:09:21,247 [INFO] PluginManager:217 - loadIPPluginJar : add touchsensing
2022-10-14 23:09:21,249 [INFO] IPUIPlugin:79 - create IPUIPlugin
2022-10-14 23:09:21,249 [INFO] PluginManager:217 - loadIPPluginJar : add tracer_emb
2022-10-14 23:09:21,250 [INFO] IPUIPlugin:79 - create IPUIPlugin
2022-10-14 23:09:21,251 [INFO] PluginManager:217 - loadIPPluginJar : add ts
2022-10-14 23:09:21,253 [INFO] IPUIPlugin:79 - create IPUIPlugin
2022-10-14 23:09:21,253 [INFO] PluginManager:217 - loadIPPluginJar : add tsc
2022-10-14 23:09:21,254 [INFO] IPUIPlugin:79 - create IPUIPlugin
2022-10-14 23:09:21,255 [INFO] PluginManager:217 - loadIPPluginJar : add ucpd
2022-10-14 23:09:21,257 [INFO] IPUIPlugin:79 - create IPUIPlugin
2022-10-14 23:09:21,257 [INFO] PluginManager:217 - loadIPPluginJar : add usart
2022-10-14 23:09:21,261 [INFO] IPUIPlugin:79 - create IPUIPlugin
2022-10-14 23:09:21,261 [INFO] PluginManager:217 - loadIPPluginJar : add usbx
2022-10-14 23:09:21,510 [FATAL] Updater:301 - Updater called before beeing initialized
2022-10-14 23:09:21,625 [FATAL] Updater:301 - Updater called before beeing initialized
2022-10-14 23:09:21,631 [INFO] DbMcusAds:52 - JSON generation date=Thu Sep 30 13:55:09 ICT 2021 (1632984909247)
2022-10-14 23:09:21,632 [FATAL] Updater:301 - Updater called before beeing initialized
2022-10-14 23:09:21,666 [WARN] DetailPanel:344 - Failed to get advertising image, set to default
2022-10-14 23:09:21,764 [FATAL] Updater:301 - Updater called before beeing initialized
2022-10-14 23:09:21,766 [FATAL] Updater:301 - Updater called before beeing initialized
2022-10-14 23:09:21,766 [FATAL] Updater:301 - Updater called before beeing initialized
2022-10-14 23:09:21,766 [WARN] DetailPanel:344 - Failed to get advertising image, set to default
2022-10-14 23:09:21,767 [FATAL] Updater:301 - Updater called before beeing initialized
2022-10-14 23:09:21,808 [ERROR] Updater:1105 - MainUpdater not yet initialized. External WinMGr cannot be set.
2022-10-14 23:09:21,810 [INFO] Updater:1041 - Updater Version found : 6.6.1
2022-10-14 23:09:21,824 [INFO] ApplicationProperties:181 - Using Application install path: C:\ST\STM32CubeIDE_1.7.0\STM32CubeIDE\plugins\com.st.stm32cube.common.mx_6.6.1.202207061420
2022-10-14 23:09:21,932 [INFO] MainUpdater:2768 - connection check result : 10
2022-10-14 23:09:21,933 [INFO] MainUpdater:280 - Updater Check For Update Now.
2022-10-14 23:09:21,933 [INFO] MicroXplorer:481 - Change Database Version : DB.6.0.60
2022-10-14 23:09:22,100 [INFO] CheckServerUpdateThread:119 - End of CheckServer Thread
2022-10-14 23:09:22,156 [INFO] MainUpdater:2768 - connection check result : 10
2022-10-14 23:09:22,359 [INFO] McuFinderGlobals:57 - Set McuFinderConnectedMode to true
2022-10-14 23:09:22,369 [INFO] MultiScanPanel:195 - Auto-refresh data requested => check proxy status ongoing
2022-10-14 23:09:22,372 [INFO] FinderPluginLoader:92 - Searching for filters in installed packs
2022-10-14 23:09:22,473 [INFO] ApiDb:576 - Connected to CubeFinder SQLite database (C:\Users\MyLinh\.stmcufinder\plugins\mcufinder\mcu\cube-finder-db.db)
2022-10-14 23:09:22,496 [INFO] ApiDb:663 - CubeFinder database Data Model version=2.1
2022-10-14 23:09:22,498 [INFO] ApiDb:664 - CubeFinder database Configuration version=3.0.32
2022-10-14 23:09:22,498 [INFO] ApiDb:665 - CubeFinder database generation date=2022-08-05 (1659688109)
2022-10-14 23:09:22,498 [INFO] ApiDb:666 - CubeFinder database FW Pack versions=[STM32Cube_FW_C0_V1.0.0, STM32Cube_FW_F4_V1.27.1, STM32Cube_FW_F7_V1.17.0, STM32Cube_FW_G0_V1.6.1, STM32Cube_FW_G4_V1.5.0, STM32Cube_FW_H7_V1.10.0, STM32Cube_FW_L5_V1.4.0, STM32Cube_FW_U5_V1.1.1, STM32Cube_FW_WB_V1.14.1, STM32Cube_FW_WL_V1.2.0, X-CUBE-ALGOBUILD_V1.3.0, X-CUBE-ALS_V1.0.1, X-CUBE-AZRTOS-F4_V1.1.0, X-CUBE-AZRTOS-F7_V1.1.0, X-CUBE-AZRTOS-G0_V1.1.0, X-CUBE-AZRTOS-G4_V1.0.0, X-CUBE-AZRTOS-H7_V2.1.0, X-CUBE-AZRTOS-L4_V1.0.0, X-CUBE-AZRTOS-L5_V1.0.0, X-CUBE-AZRTOS-WL_V1.0.0, X-CUBE-BLE1_V6.2.3, X-CUBE-BLE2_V3.3.0, X-CUBE-EEPRMA1_V3.1.1, X-CUBE-GNSS1_V6.0.0, X-CUBE-MEMS1_V9.1.0, X-CUBE-MEMS1_V9.3.0, X-CUBE-NFC4_V2.0.4, X-CUBE-NFC7_V1.0.0, X-CUBE-SFXS2LP1_V4.0.0, X-CUBE-SUBG2_V5.0.0]
2022-10-14 23:09:23,731 [WARN] PackLoader:242 - Cannot read IP mode file for STMicroelectronics.X-CUBE-GNSS1.6.0.0
2022-10-14 23:09:23,769 [WARN] PackLoader:242 - Cannot read IP mode file for STMicroelectronics.X-CUBE-AZRTOS-F4.1.1.0
2022-10-14 23:09:23,790 [WARN] PackLoader:242 - Cannot read IP mode file for STMicroelectronics.X-CUBE-BLEMGR.1.2.0
2022-10-14 23:09:23,825 [WARN] PackLoader:242 - Cannot read IP mode file for STMicroelectronics.X-CUBE-AZRTOS-F7.1.1.0
2022-10-14 23:09:23,839 [WARN] PackLoader:242 - Cannot read IP mode file for STMicroelectronics.X-CUBE-BLE1.6.2.3
2022-10-14 23:09:23,848 [WARN] PackLoader:242 - Cannot read IP mode file for STMicroelectronics.X-CUBE-NFC4.2.0.4
2022-10-14 23:09:23,861 [WARN] PackLoader:242 - Cannot read IP mode file for STMicroelectronics.X-CUBE-TOF1.3.1.0
2022-10-14 23:09:23,874 [WARN] PackLoader:242 - Cannot read IP mode file for wolfSSL.I-CUBE-wolfSSL.5.5.1
2022-10-14 23:09:23,880 [WARN] PackLoader:242 - Cannot read IP mode file for STMicroelectronics.X-CUBE-NFC7.1.0.0
2022-10-14 23:09:23,941 [WARN] PackLoader:242 - Cannot read IP mode file for STMicroelectronics.X-CUBE-MEMS1.9.3.0
2022-10-14 23:09:24,122 [WARN] PackLoader:242 - Cannot read IP mode file for STMicroelectronics.X-CUBE-AI.7.2.0
2022-10-14 23:09:24,133 [WARN] PackLoader:242 - Cannot read IP mode file for STMicroelectronics.X-CUBE-SFXS2LP1.4.0.0
2022-10-14 23:09:24,141 [WARN] PackLoader:242 - Cannot read IP mode file for STMicroelectronics.X-CUBE-BLE2.3.3.0
2022-10-14 23:09:24,153 [WARN] PackLoader:242 - Cannot read IP mode file for STMicroelectronics.X-CUBE-DISPLAY.2.2.0
2022-10-14 23:09:24,161 [WARN] PackLoader:242 - Cannot read IP mode file for STMicroelectronics.X-CUBE-ISPU.1.0.0
2022-10-14 23:09:24,172 [WARN] PackLoader:242 - Cannot read IP mode file for RoweBots.I-CUBE-UNISONRTOS.5.5.0-4
2022-10-14 23:09:24,195 [WARN] PackLoader:242 - Cannot read IP mode file for STMicroelectronics.X-CUBE-AZRTOS-H7.2.1.0
2022-10-14 23:09:24,203 [WARN] PackLoader:242 - Cannot read IP mode file for STMicroelectronics.X-CUBE-ALGOBUILD.1.3.0
2022-10-14 23:09:24,220 [WARN] PackLoader:242 - Cannot read IP mode file for STMicroelectronics.X-CUBE-AZRTOS-G0.1.1.0
2022-10-14 23:09:24,233 [WARN] PackLoader:242 - Cannot read IP mode file for STMicroelectronics.X-CUBE-SUBG2.5.0.0
2022-10-14 23:09:24,272 [WARN] PackLoader:242 - Cannot read IP mode file for SEGGER.I-CUBE-embOS.1.2.1
2022-10-14 23:09:24,319 [WARN] PackLoader:242 - Cannot read IP mode file for STMicroelectronics.FP-ATR-ASTRA1.1.1.1
2022-10-14 23:09:24,345 [INFO] ApiDb:239 - Found 138 in-development CPN: [B-WB1M-WPAN1, NUCLEO-C031C6, STEVAL-STWINBX1, STM320518-EVAL, STM32C0116-DK, STM32C011D6Y3TR, STM32C011D6Y6TR, STM32C011F4P3, STM32C011F4P6, STM32C011F4U3, STM32C011F4U6TR, STM32C011F6P3, STM32C011F6P6, STM32C011F6U3, STM32C011F6U6TR, STM32C011J4M3, STM32C011J4M6, STM32C011J6M3, STM32C011J6M6, STM32C0316-DK, STM32C031C4T3, STM32C031C4T6, STM32C031C4U3, STM32C031C4U6, STM32C031C6T3, STM32C031C6T6, STM32C031C6U3, STM32C031C6U6, STM32C031F4P3, STM32C031F4P6, STM32C031F6P3, STM32C031F6P6, STM32C031G4U3, STM32C031G4U6, STM32C031G6U3, STM32C031G6U6, STM32C031K4T3, STM32C031K4T6, STM32C031K4U3, STM32C031K4U6, STM32C031K6T3, STM32C031K6T6, STM32C031K6U3, STM32C031K6U6, STM32G071K8TXN, STM32G071K8UXN, STM32G081GBU6N, STM32G081KBT6N, STM32G081KBUXN, STM32G0B1CCT6N, STM32G0B1KCT6, STM32G0B1NEY6TR, STM32G0B1RCT6N, STM32G0C1CCT6, STM32G0C1CCT6N, STM32G0C1CCU6N, STM32G0C1CET6N, STM32G0C1CEU6N, STM32G0C1KCT6, STM32G0C1NEY6TR, STM32G0C1RCI6N, STM32G0C1RCT6N, STM32G0C1REI6N, STM32G0C1RET6N, STM32G0C1VCI6, STM32G0C1VEI6, STM32G471CCT6, STM32G471CCU6, STM32G471CET3, STM32G471CET6, STM32G471CEU3, STM32G471CEU6, STM32G471MCT6, STM32G471MET3, STM32G471MET6, STM32G471MEY6TR, STM32G471QCT6, STM32G471QET3, STM32G471RCT6, STM32G471RET3, STM32G471RET6, STM32G471VCH6, STM32G471VCI6, STM32G471VCT6, STM32G471VEH3, STM32G471VEH6, STM32G471VEI3, STM32G471VEI6, STM32G471VET3, STM32G471VET6, STM32G474CCT6, STM32L476VGY6PTR, STM32L4R5QGI6STR, STM32MP131AAE3, STM32MP131AAF3, STM32MP131AAG3, STM32MP131CAE3, STM32MP131CAF3, STM32MP131CAG3, STM32MP131DAE7, STM32MP131DAF7, STM32MP131DAG7, STM32MP131FAE7, STM32MP131FAF7, STM32MP131FAG7, STM32MP133AAE3, STM32MP133AAF3, STM32MP133AAG3, STM32MP133CAE3, STM32MP133CAF3, STM32MP133CAG3, STM32MP133DAE7, STM32MP133DAF7, STM32MP133DAG7, STM32MP133FAE7, STM32MP133FAF7, STM32MP133FAG7, STM32MP135AAE3, STM32MP135AAF3, STM32MP135AAG3, STM32MP135CAE3, STM32MP135CAF3, STM32MP135CAG3, STM32MP135DAE7, STM32MP135DAF7, STM32MP135DAG7, STM32MP135F-DK, STM32MP135FAE7, STM32MP135FAF7, STM32MP135FAG7, STM32U595ZJT6Q, STM32U599BJY6QTR, STM32U599NIH6Q, STM32U599NJH6Q, STM32U5A5ZJT6Q, STM32U5A9BJY6QTR, STM32U5A9NJH6Q, STM32WB1MMCH6]
2022-10-14 23:09:24,347 [WARN] PackLoader:242 - Cannot read IP mode file for STMicroelectronics.X-CUBE-AZRTOS-G4.1.0.0
2022-10-14 23:09:24,350 [INFO] DbMcus:215 - Found 3542 MCUs, 3542 are supported
2022-10-14 23:09:24,352 [INFO] ApiDb:418 - Load user favorites file C:\Users\MyLinh/.stm32cubeide/favorites.mcus.txt: 1 item(s)
2022-10-14 23:09:24,352 [INFO] ApiDb:422 - User favorites MCUs=[STM32F103C6U6A]
2022-10-14 23:09:24,353 [INFO] DbMcus:221 - Set 1 / 1 favorites MCUs
2022-10-14 23:09:24,365 [WARN] PackLoader:242 - Cannot read IP mode file for STMicroelectronics.X-CUBE-AZRTOS-L4.1.0.0
2022-10-14 23:09:24,375 [WARN] PackLoader:242 - Cannot read IP mode file for emotas.I-CUBE-CANOPEN.1.1.2
2022-10-14 23:09:24,380 [WARN] PackLoader:242 - Cannot read IP mode file for STMicroelectronics.X-CUBE-TOUCHGFX.4.20.0
2022-10-14 23:09:24,393 [WARN] PackLoader:242 - Cannot read IP mode file for STMicroelectronics.X-CUBE-AZRTOS-WL.1.0.0
2022-10-14 23:09:24,400 [WARN] PackLoader:242 - Cannot read IP mode file for portGmbH.I-Cube-SoM-uGOAL.1.1.0
2022-10-14 23:09:24,404 [WARN] PackLoader:242 - Cannot read IP mode file for STMicroelectronics.X-CUBE-ALS.1.0.1
2022-10-14 23:09:24,422 [WARN] PackLoader:242 - Cannot read IP mode file for STMicroelectronics.X-CUBE-AZRTOS-L5.1.0.0
2022-10-14 23:09:24,432 [WARN] PackLoader:242 - Cannot read IP mode file for STMicroelectronics.X-CUBE-EEPRMA1.3.1.1
2022-10-14 23:09:24,433 [INFO] ThirdParty:929 - Integrity check success = true
2022-10-14 23:09:24,434 [INFO] IntegrityCheckThread:98 - exiting critical section [integrity check]
2022-10-14 23:09:24,434 [INFO] IntegrityCheckThread:101 - End integrity checks thread
2022-10-14 23:09:25,622 [INFO] LoadUrlFilesThread:177 - End of LoadServerUrlFiles without Thread
2022-10-14 23:09:25,647 [INFO] DetailPanel:339 - Set advertising image to C:/Users/MyLinh/STM32Cube/Repository/\en.Prom_NBSTM32U50921.jpg
2022-10-14 23:09:26,248 [INFO] ToolPreferences:109 - Table McuList, key=mcufinder_cubeide.mculist: column name not found=IO
2022-10-14 23:09:26,248 [INFO] ToolPreferences:109 - Table McuList, key=mcufinder_cubeide.mculist: column name not found=Freq.
2022-10-14 23:09:26,249 [INFO] MultiScanPanel:778 - Auto Refresh Data is not needed
2022-10-14 23:09:26,258 [INFO] ApiDb:663 - CubeFinder database Data Model version=2.1
2022-10-14 23:09:26,259 [INFO] ApiDb:664 - CubeFinder database Configuration version=3.0.32
2022-10-14 23:09:26,259 [INFO] ApiDb:665 - CubeFinder database generation date=2022-08-05 (1659688109)
2022-10-14 23:09:26,259 [INFO] ApiDb:666 - CubeFinder database FW Pack versions=[STM32Cube_FW_C0_V1.0.0, STM32Cube_FW_F4_V1.27.1, STM32Cube_FW_F7_V1.17.0, STM32Cube_FW_G0_V1.6.1, STM32Cube_FW_G4_V1.5.0, STM32Cube_FW_H7_V1.10.0, STM32Cube_FW_L5_V1.4.0, STM32Cube_FW_U5_V1.1.1, STM32Cube_FW_WB_V1.14.1, STM32Cube_FW_WL_V1.2.0, X-CUBE-ALGOBUILD_V1.3.0, X-CUBE-ALS_V1.0.1, X-CUBE-AZRTOS-F4_V1.1.0, X-CUBE-AZRTOS-F7_V1.1.0, X-CUBE-AZRTOS-G0_V1.1.0, X-CUBE-AZRTOS-G4_V1.0.0, X-CUBE-AZRTOS-H7_V2.1.0, X-CUBE-AZRTOS-L4_V1.0.0, X-CUBE-AZRTOS-L5_V1.0.0, X-CUBE-AZRTOS-WL_V1.0.0, X-CUBE-BLE1_V6.2.3, X-CUBE-BLE2_V3.3.0, X-CUBE-EEPRMA1_V3.1.1, X-CUBE-GNSS1_V6.0.0, X-CUBE-MEMS1_V9.1.0, X-CUBE-MEMS1_V9.3.0, X-CUBE-NFC4_V2.0.4, X-CUBE-NFC7_V1.0.0, X-CUBE-SFXS2LP1_V4.0.0, X-CUBE-SUBG2_V5.0.0]
2022-10-14 23:09:26,329 [INFO] DbBoardsSqlite:227 - include board P-NUCLEO-WB55-NUCLEO as a kit item of type 'Nucleo-64'
2022-10-14 23:09:26,329 [INFO] DbBoardsSqlite:227 - include board P-NUCLEO-WB55-USBDONGLE as a kit item of type 'Nucleo USB Dongle'
2022-10-14 23:09:26,330 [INFO] DbBoardsSqlite:227 - include board STEVAL-IDP005V1 as a kit item of type 'Evaluation Board'
2022-10-14 23:09:26,330 [INFO] DbBoardsSqlite:227 - include board STEVAL-IDP005V2 as a kit item of type 'Evaluation Board'
2022-10-14 23:09:26,339 [INFO] ApiDb:239 - Found 138 in-development CPN: [B-WB1M-WPAN1, NUCLEO-C031C6, STEVAL-STWINBX1, STM320518-EVAL, STM32C0116-DK, STM32C011D6Y3TR, STM32C011D6Y6TR, STM32C011F4P3, STM32C011F4P6, STM32C011F4U3, STM32C011F4U6TR, STM32C011F6P3, STM32C011F6P6, STM32C011F6U3, STM32C011F6U6TR, STM32C011J4M3, STM32C011J4M6, STM32C011J6M3, STM32C011J6M6, STM32C0316-DK, STM32C031C4T3, STM32C031C4T6, STM32C031C4U3, STM32C031C4U6, STM32C031C6T3, STM32C031C6T6, STM32C031C6U3, STM32C031C6U6, STM32C031F4P3, STM32C031F4P6, STM32C031F6P3, STM32C031F6P6, STM32C031G4U3, STM32C031G4U6, STM32C031G6U3, STM32C031G6U6, STM32C031K4T3, STM32C031K4T6, STM32C031K4U3, STM32C031K4U6, STM32C031K6T3, STM32C031K6T6, STM32C031K6U3, STM32C031K6U6, STM32G071K8TXN, STM32G071K8UXN, STM32G081GBU6N, STM32G081KBT6N, STM32G081KBUXN, STM32G0B1CCT6N, STM32G0B1KCT6, STM32G0B1NEY6TR, STM32G0B1RCT6N, STM32G0C1CCT6, STM32G0C1CCT6N, STM32G0C1CCU6N, STM32G0C1CET6N, STM32G0C1CEU6N, STM32G0C1KCT6, STM32G0C1NEY6TR, STM32G0C1RCI6N, STM32G0C1RCT6N, STM32G0C1REI6N, STM32G0C1RET6N, STM32G0C1VCI6, STM32G0C1VEI6, STM32G471CCT6, STM32G471CCU6, STM32G471CET3, STM32G471CET6, STM32G471CEU3, STM32G471CEU6, STM32G471MCT6, STM32G471MET3, STM32G471MET6, STM32G471MEY6TR, STM32G471QCT6, STM32G471QET3, STM32G471RCT6, STM32G471RET3, STM32G471RET6, STM32G471VCH6, STM32G471VCI6, STM32G471VCT6, STM32G471VEH3, STM32G471VEH6, STM32G471VEI3, STM32G471VEI6, STM32G471VET3, STM32G471VET6, STM32G474CCT6, STM32L476VGY6PTR, STM32L4R5QGI6STR, STM32MP131AAE3, STM32MP131AAF3, STM32MP131AAG3, STM32MP131CAE3, STM32MP131CAF3, STM32MP131CAG3, STM32MP131DAE7, STM32MP131DAF7, STM32MP131DAG7, STM32MP131FAE7, STM32MP131FAF7, STM32MP131FAG7, STM32MP133AAE3, STM32MP133AAF3, STM32MP133AAG3, STM32MP133CAE3, STM32MP133CAF3, STM32MP133CAG3, STM32MP133DAE7, STM32MP133DAF7, STM32MP133DAG7, STM32MP133FAE7, STM32MP133FAF7, STM32MP133FAG7, STM32MP135AAE3, STM32MP135AAF3, STM32MP135AAG3, STM32MP135CAE3, STM32MP135CAF3, STM32MP135CAG3, STM32MP135DAE7, STM32MP135DAF7, STM32MP135DAG7, STM32MP135F-DK, STM32MP135FAE7, STM32MP135FAF7, STM32MP135FAG7, STM32U595ZJT6Q, STM32U599BJY6QTR, STM32U599NIH6Q, STM32U599NJH6Q, STM32U5A5ZJT6Q, STM32U5A9BJY6QTR, STM32U5A9NJH6Q, STM32WB1MMCH6]
2022-10-14 23:09:26,475 [INFO] BoardInfo:879 - No configuration file found for board P-NUCLEO-WB55
2022-10-14 23:09:26,475 [INFO] DbBoards:156 - Kit is not supported: P-NUCLEO-WB55
2022-10-14 23:09:26,479 [INFO] BoardInfo:879 - No configuration file found for board STEVAL-BFA001V1B
2022-10-14 23:09:26,480 [INFO] DbBoards:156 - Kit is not supported: STEVAL-BFA001V1B
2022-10-14 23:09:26,481 [INFO] BoardInfo:879 - No configuration file found for board STEVAL-BFA001V2B
2022-10-14 23:09:26,481 [INFO] DbBoards:156 - Kit is not supported: STEVAL-BFA001V2B
2022-10-14 23:09:26,599 [INFO] DbBoards:160 - Found 176 boards, 173 are supported
2022-10-14 23:09:26,607 [INFO] ApiDb:418 - Load user favorites file C:\Users\MyLinh/.stm32cubeide/favorites.boards.txt: 0 item(s)
2022-10-14 23:09:26,607 [INFO] ApiDb:422 - User favorites Boards=[]
2022-10-14 23:09:26,621 [INFO] DbBoards:189 - Set 0 / 0 favorites Boards
2022-10-14 23:09:37,253 [INFO] MainUpdater:2768 - connection check result : 10
2022-10-14 23:09:37,254 [INFO] MainUpdater:2768 - connection check result : 10
2022-10-14 23:09:37,276 [INFO] MicroXplorer:451 - Change Database Path : 
2022-10-14 23:09:37,276 [INFO] MicroXplorer:481 - Change Database Version : DB.6.0.60
2022-10-14 23:09:37,277 [WARN] ThirdParty:827 - waiting for thirdparty lock release [close project]
2022-10-14 23:09:37,278 [INFO] ThirdParty:829 - entering critical section [close project]
2022-10-14 23:09:37,279 [INFO] ThirdParty:839 - exiting critical section [close project]
2022-10-14 23:09:37,285 [INFO] PinOutPanel:1468 - setPackage(No Configuration,No Configuration)
2022-10-14 23:09:37,293 [INFO] UtilMem:74 - Begin LoadConfig() Used Memory: 215747272 Bytes (314572800)
2022-10-14 23:09:37,295 [INFO] MicroXplorer:451 - Change Database Path : 
2022-10-14 23:09:37,296 [INFO] MicroXplorer:481 - Change Database Version : DB.6.0.60
2022-10-14 23:09:37,296 [INFO] OpenFileManager:307 - Change cursor
2022-10-14 23:09:37,331 [INFO] Mcu:1922 - Initializing MCU STM32F103C6Ux STM32F103C6Ux 
2022-10-14 23:09:37,333 [INFO] Mcu:1935 - No CPN specified => set CPN to STM32F103C6U6A
2022-10-14 23:09:37,799 [ERROR] LogOutputStream:74 - [STDERR_REDIRECT] SLF4J: Failed to load class "org.slf4j.impl.StaticLoggerBinder".
2022-10-14 23:09:37,800 [ERROR] LogOutputStream:74 - [STDERR_REDIRECT] SLF4J: Defaulting to no-operation (NOP) logger implementation
2022-10-14 23:09:37,802 [ERROR] LogOutputStream:74 - [STDERR_REDIRECT] SLF4J: See http://www.slf4j.org/codes.html#StaticLoggerBinder for further details.
2022-10-14 23:09:38,252 [INFO] Context:654 - Trying to add GPIOservice into a context  which must be forbidden
2022-10-14 23:09:38,458 [INFO] ImportTextPane:193 - (OptionalMessage_ERROR) Unable to find key (Mcu.ThirdPartyNb) in loaded IOC file
2022-10-14 23:09:38,458 [INFO] ImportTextPane:193 - (OptionalMessage_ERROR) Unable to find key (Mcu.PinsNb) in loaded IOC file
2022-10-14 23:09:38,458 [INFO] ImportTextPane:193 - (OptionalMessage_ERROR) Unable to find key (Mcu.IPNb) in loaded IOC file
2022-10-14 23:09:38,520 [WARN] ApiManager:308 - Cannot register API 'Board Extension:GNSS1A1' from pack STMicroelectronics.X-CUBE-GNSS1.6.0.0: no header file found
2022-10-14 23:09:38,521 [WARN] ApiManager:308 - Cannot register API 'Board Support:Custom' from pack STMicroelectronics.X-CUBE-GNSS1.6.0.0: no header file found
2022-10-14 23:09:38,521 [WARN] ApiManager:308 - Cannot register API 'Data Exchange:lib_gnss' from pack STMicroelectronics.X-CUBE-GNSS1.6.0.0: no header file found
2022-10-14 23:09:38,538 [WARN] ApiManager:308 - Cannot register API 'Wireless:BlueNRG-MS' from pack STMicroelectronics.X-CUBE-BLE1.6.2.3: no header file found
2022-10-14 23:09:38,540 [INFO] RtosManager:488 - Registered RTOS mode: class=CMSIS, group=RTOS, mode=CMSIS_V1, owner=FREERTOS
2022-10-14 23:09:38,541 [INFO] RtosManager:488 - Registered RTOS mode: class=CMSIS, group=RTOS2, mode=CMSIS_V2, owner=FREERTOS
2022-10-14 23:09:38,541 [INFO] RtosManager:488 - Registered RTOS mode: class=RTOS, group=Core, mode=CMSIS_V1, owner=FREERTOS
2022-10-14 23:09:38,541 [INFO] RtosManager:488 - Registered RTOS mode: class=RTOS, group=Core, mode=CMSIS_V2, owner=FREERTOS
2022-10-14 23:09:38,541 [WARN] ModelIntegratedComponent:185 - Missing modes for component STMicroelectronics:FreeRTOS:0.0.1:STMicroelectronics:RTOS:FreeRTOS:Core:::10.2.0:
2022-10-14 23:09:38,547 [WARN] ApiManager:308 - Cannot register API 'Board Extension:S2868A1' from pack STMicroelectronics.X-CUBE-SUBG2.5.0.0: no header file found
2022-10-14 23:09:38,548 [WARN] ApiManager:308 - Cannot register API 'Board Extension:S2868A2' from pack STMicroelectronics.X-CUBE-SUBG2.5.0.0: no header file found
2022-10-14 23:09:38,548 [WARN] ApiManager:308 - Cannot register API 'Board Extension:S2915A1' from pack STMicroelectronics.X-CUBE-SUBG2.5.0.0: no header file found
2022-10-14 23:09:38,553 [WARN] ApiManager:308 - Cannot register API 'Board Extension:NFC04A1' from pack STMicroelectronics.X-CUBE-NFC4.2.0.4: no header file found
2022-10-14 23:09:38,561 [WARN] ModelIntegratedComponent:64 - No mode defined for component null
2022-10-14 23:09:38,561 [WARN] ModelIntegratedComponent:64 - No mode defined for component null
2022-10-14 23:09:38,561 [WARN] ModelIntegratedComponent:64 - No mode defined for component null
2022-10-14 23:09:38,561 [WARN] ModelIntegratedComponent:64 - No mode defined for component null
2022-10-14 23:09:38,561 [WARN] ModelIntegratedComponent:64 - No mode defined for component null
2022-10-14 23:09:38,561 [WARN] ModelIntegratedComponent:64 - No mode defined for component null
2022-10-14 23:09:38,561 [WARN] ModelIntegratedComponent:64 - No mode defined for component null
2022-10-14 23:09:38,561 [WARN] ModelIntegratedComponent:64 - No mode defined for component null
2022-10-14 23:09:38,561 [WARN] ModelIntegratedComponent:64 - No mode defined for component null
2022-10-14 23:09:38,561 [WARN] ModelIntegratedComponent:64 - No mode defined for component null
2022-10-14 23:09:38,561 [WARN] ModelIntegratedComponent:64 - No mode defined for component null
2022-10-14 23:09:38,562 [WARN] ModelIntegratedComponent:64 - No mode defined for component null
2022-10-14 23:09:38,562 [WARN] ModelIntegratedComponent:64 - No mode defined for component null
2022-10-14 23:09:38,562 [WARN] ModelIntegratedComponent:64 - No mode defined for component null
2022-10-14 23:09:38,562 [WARN] ModelIntegratedComponent:64 - No mode defined for component null
2022-10-14 23:09:38,562 [WARN] ModelIntegratedComponent:64 - No mode defined for component null
2022-10-14 23:09:38,562 [WARN] ModelIntegratedComponent:64 - No mode defined for component null
2022-10-14 23:09:38,562 [WARN] ModelIntegratedComponent:64 - No mode defined for component null
2022-10-14 23:09:38,562 [WARN] ModelIntegratedComponent:64 - No mode defined for component null
2022-10-14 23:09:38,562 [WARN] ModelIntegratedComponent:64 - No mode defined for component null
2022-10-14 23:09:38,562 [WARN] ModelIntegratedComponent:64 - No mode defined for component null
2022-10-14 23:09:38,562 [WARN] ModelIntegratedComponent:64 - No mode defined for component null
2022-10-14 23:09:38,562 [WARN] ModelIntegratedComponent:64 - No mode defined for component null
2022-10-14 23:09:38,562 [WARN] ModelIntegratedComponent:64 - No mode defined for component null
2022-10-14 23:09:38,563 [WARN] ModelIntegratedComponent:64 - No mode defined for component null
2022-10-14 23:09:38,563 [WARN] ModelIntegratedComponent:64 - No mode defined for component null
2022-10-14 23:09:38,563 [WARN] ModelIntegratedComponent:64 - No mode defined for component null
2022-10-14 23:09:38,563 [WARN] ModelIntegratedComponent:64 - No mode defined for component null
2022-10-14 23:09:38,563 [WARN] ModelIntegratedComponent:64 - No mode defined for component null
2022-10-14 23:09:38,563 [WARN] ModelIntegratedComponent:64 - No mode defined for component null
2022-10-14 23:09:38,563 [WARN] ModelIntegratedComponent:64 - No mode defined for component null
2022-10-14 23:09:38,563 [WARN] ModelIntegratedComponent:64 - No mode defined for component null
2022-10-14 23:09:38,563 [WARN] ModelIntegratedComponent:64 - No mode defined for component null
2022-10-14 23:09:38,565 [WARN] ApiManager:308 - Cannot register API 'Board Extension:NFC07A1' from pack STMicroelectronics.X-CUBE-NFC7.1.0.0: no header file found
2022-10-14 23:09:38,706 [WARN] ApiManager:308 - Cannot register API 'Board Extension:IKS01A3' from pack STMicroelectronics.X-CUBE-MEMS1.9.3.0: no header file found
2022-10-14 23:09:38,706 [WARN] ApiManager:308 - Cannot register API 'Board Extension:IKS01A2' from pack STMicroelectronics.X-CUBE-MEMS1.9.3.0: no header file found
2022-10-14 23:09:38,706 [WARN] ApiManager:308 - Cannot register API 'Board Extension:IKS02A1' from pack STMicroelectronics.X-CUBE-MEMS1.9.3.0: no header file found
2022-10-14 23:09:38,719 [WARN] ApiManager:308 - Cannot register API 'Board Extension:EEPRMA1' from pack STMicroelectronics.X-CUBE-EEPRMA1.3.1.1: no header file found
2022-10-14 23:09:38,719 [WARN] ApiManager:308 - Cannot register API 'Board Extension:EEPRMA2' from pack STMicroelectronics.X-CUBE-EEPRMA1.3.1.1: no header file found
2022-10-14 23:09:38,721 [WARN] ApiManager:308 - Cannot register API 'Board Extension:S2868A1' from pack STMicroelectronics.X-CUBE-SFXS2LP1.4.0.0: no header file found
2022-10-14 23:09:38,721 [WARN] ApiManager:308 - Cannot register API 'Board Extension:S2868A2' from pack STMicroelectronics.X-CUBE-SFXS2LP1.4.0.0: no header file found
2022-10-14 23:09:38,721 [WARN] ApiManager:308 - Cannot register API 'Board Extension:S2915A1' from pack STMicroelectronics.X-CUBE-SFXS2LP1.4.0.0: no header file found
2022-10-14 23:09:38,722 [WARN] ApiManager:308 - Cannot register API 'Wireless:BlueNRG-2' from pack STMicroelectronics.X-CUBE-BLE2.3.3.0: no header file found
2022-10-14 23:09:38,731 [INFO] ThirdPartyModel:289 - Start build external matchings
2022-10-14 23:09:38,969 [INFO] ThirdPartyModel:302 - End build external matchings
2022-10-14 23:09:39,169 [INFO] UtilMem:74 - End LoadConfig() Used Memory: 234187952 Bytes (314572800)
2022-10-14 23:09:39,195 [WARN] ThirdParty:789 - waiting for thirdparty lock release [change project]
2022-10-14 23:09:39,195 [INFO] ThirdParty:791 - entering critical section [change project]
2022-10-14 23:09:39,196 [INFO] ThirdParty:981 - CMSIS Pack Vendor :RoweBots I-CUBE-UNISONRTOS 5.5.0-4
2022-10-14 23:09:39,196 [INFO] ThirdParty:981 - CMSIS Pack Vendor :STMicroelectronics X-CUBE-GNSS1 6.0.0
2022-10-14 23:09:39,196 [INFO] ThirdParty:981 - CMSIS Pack Vendor :STMicroelectronics X-CUBE-AZRTOS-H7 2.1.0
2022-10-14 23:09:39,196 [INFO] ThirdParty:981 - CMSIS Pack Vendor :STMicroelectronics USB_HOST 2.0.0
2022-10-14 23:09:39,196 [INFO] ThirdParty:981 - CMSIS Pack Vendor :STMicroelectronics X-CUBE-AZRTOS-F4 1.1.0
2022-10-14 23:09:39,196 [INFO] ThirdParty:981 - CMSIS Pack Vendor :STMicroelectronics LIBJPEG 8.0.0
2022-10-14 23:09:39,197 [INFO] ThirdParty:981 - CMSIS Pack Vendor :STMicroelectronics USB_DEVICE 3.0.0
2022-10-14 23:09:39,197 [INFO] ThirdParty:981 - CMSIS Pack Vendor :STMicroelectronics X-CUBE-BLEMGR 1.2.0
2022-10-14 23:09:39,197 [INFO] ThirdParty:981 - CMSIS Pack Vendor :STMicroelectronics X-CUBE-AZRTOS-F7 1.1.0
2022-10-14 23:09:39,197 [INFO] ThirdParty:981 - CMSIS Pack Vendor :STMicroelectronics USB_DEVICE 2.0.0
2022-10-14 23:09:39,197 [INFO] ThirdParty:981 - CMSIS Pack Vendor :STMicroelectronics X-CUBE-BLE1 6.2.3
2022-10-14 23:09:39,197 [INFO] ThirdParty:981 - CMSIS Pack Vendor :STMicroelectronics X-CUBE-ALGOBUILD 1.3.0
2022-10-14 23:09:39,197 [INFO] ThirdParty:981 - CMSIS Pack Vendor :STMicroelectronics FreeRTOS 0.0.1
2022-10-14 23:09:39,198 [INFO] ThirdParty:981 - CMSIS Pack Vendor :STMicroelectronics X-CUBE-AZRTOS-G0 1.1.0
2022-10-14 23:09:39,198 [INFO] ThirdParty:981 - CMSIS Pack Vendor :STMicroelectronics X-CUBE-SUBG2 5.0.0
2022-10-14 23:09:39,198 [INFO] ThirdParty:981 - CMSIS Pack Vendor :STMicroelectronics STM32_WPAN 1.0.0
2022-10-14 23:09:39,198 [INFO] ThirdParty:981 - CMSIS Pack Vendor :SEGGER I-CUBE-embOS 1.2.1
2022-10-14 23:09:39,198 [INFO] ThirdParty:981 - CMSIS Pack Vendor :STMicroelectronics lwIP 2.0.3
2022-10-14 23:09:39,198 [INFO] ThirdParty:981 - CMSIS Pack Vendor :STMicroelectronics X-CUBE-NFC4 2.0.4
2022-10-14 23:09:39,198 [INFO] ThirdParty:981 - CMSIS Pack Vendor :STMicroelectronics USB_HOST 1.0.0
2022-10-14 23:09:39,198 [INFO] ThirdParty:981 - CMSIS Pack Vendor :STMicroelectronics PDM2PCM 3.1.0
2022-10-14 23:09:39,198 [INFO] ThirdParty:981 - CMSIS Pack Vendor :STMicroelectronics FP-ATR-ASTRA1 1.1.1
2022-10-14 23:09:39,198 [INFO] ThirdParty:981 - CMSIS Pack Vendor :STMicroelectronics PDM2PCM 3.3.0
2022-10-14 23:09:39,198 [INFO] ThirdParty:981 - CMSIS Pack Vendor :STMicroelectronics X-CUBE-TOF1 3.1.0
2022-10-14 23:09:39,198 [INFO] ThirdParty:981 - CMSIS Pack Vendor :STMicroelectronics X-CUBE-AZRTOS-G4 1.0.0
2022-10-14 23:09:39,199 [INFO] ThirdParty:981 - CMSIS Pack Vendor :STMicroelectronics X-CUBE-AZRTOS-L4 1.0.0
2022-10-14 23:09:39,199 [INFO] ThirdParty:981 - CMSIS Pack Vendor :wolfSSL I-CUBE-wolfSSL 5.5.1
2022-10-14 23:09:39,199 [INFO] ThirdParty:981 - CMSIS Pack Vendor :STMicroelectronics HAL Drivers 0.0.0
2022-10-14 23:09:39,199 [INFO] ThirdParty:981 - CMSIS Pack Vendor :STMicroelectronics MBEDTLS 2.16.2
2022-10-14 23:09:39,199 [INFO] ThirdParty:981 - CMSIS Pack Vendor :emotas I-CUBE-CANOPEN 1.1.2
2022-10-14 23:09:39,199 [INFO] ThirdParty:981 - CMSIS Pack Vendor :STMicroelectronics X-CUBE-TOUCHGFX 4.20.0
2022-10-14 23:09:39,199 [INFO] ThirdParty:981 - CMSIS Pack Vendor :STMicroelectronics MBEDTLS 2.14.1
2022-10-14 23:09:39,200 [INFO] ThirdParty:981 - CMSIS Pack Vendor :STMicroelectronics X-CUBE-NFC7 1.0.0
2022-10-14 23:09:39,200 [INFO] ThirdParty:981 - CMSIS Pack Vendor :STMicroelectronics X-CUBE-AZRTOS-WL 1.0.0
2022-10-14 23:09:39,200 [INFO] ThirdParty:981 - CMSIS Pack Vendor :STMicroelectronics X-CUBE-MEMS1 9.3.0
2022-10-14 23:09:39,200 [INFO] ThirdParty:981 - CMSIS Pack Vendor :portGmbH I-Cube-SoM-uGOAL 1.1.0
2022-10-14 23:09:39,200 [INFO] ThirdParty:981 - CMSIS Pack Vendor :STMicroelectronics X-CUBE-ALS 1.0.1
2022-10-14 23:09:39,200 [INFO] ThirdParty:981 - CMSIS Pack Vendor :STMicroelectronics X-CUBE-AI 7.2.0
2022-10-14 23:09:39,200 [INFO] ThirdParty:981 - CMSIS Pack Vendor :STMicroelectronics ThreadX 1.0.0
2022-10-14 23:09:39,201 [INFO] ThirdParty:981 - CMSIS Pack Vendor :STMicroelectronics X-CUBE-AZRTOS-L5 1.0.0
2022-10-14 23:09:39,201 [INFO] ThirdParty:981 - CMSIS Pack Vendor :STMicroelectronics USB_DEVICE 1.0.0
2022-10-14 23:09:39,201 [INFO] ThirdParty:981 - CMSIS Pack Vendor :STMicroelectronics X-CUBE-EEPRMA1 3.1.1
2022-10-14 23:09:39,201 [INFO] ThirdParty:981 - CMSIS Pack Vendor :STMicroelectronics ThreadX 0.0.2
2022-10-14 23:09:39,201 [INFO] ThirdParty:981 - CMSIS Pack Vendor :STMicroelectronics lwIP 2.1.2
2022-10-14 23:09:39,201 [INFO] ThirdParty:981 - CMSIS Pack Vendor :STMicroelectronics X-CUBE-SFXS2LP1 4.0.0
2022-10-14 23:09:39,201 [INFO] ThirdParty:981 - CMSIS Pack Vendor :STMicroelectronics X-CUBE-BLE2 3.3.0
2022-10-14 23:09:39,201 [INFO] ThirdParty:981 - CMSIS Pack Vendor :STMicroelectronics X-CUBE-DISPLAY 2.2.0
2022-10-14 23:09:39,201 [INFO] ThirdParty:981 - CMSIS Pack Vendor :STMicroelectronics PDM2PCM 3.2.0
2022-10-14 23:09:39,201 [INFO] ThirdParty:981 - CMSIS Pack Vendor :STMicroelectronics X-CUBE-ISPU 1.0.0
2022-10-14 23:09:39,202 [INFO] ThirdParty:797 - exiting critical section [change project]
2022-10-14 23:09:39,592 [INFO] PinOutPanel:1468 - setPackage(No Configuration,No Configuration)
2022-10-14 23:09:39,593 [INFO] PinOutPanel:1468 - setPackage(STM32F103C6Ux,UFQFPN48)
2022-10-14 23:09:40,330 [INFO] UtilMem:74 - Before build in PCC Used Memory: 219693848 Bytes (314572800)
2022-10-14 23:09:41,054 [INFO] UtilMem:74 - After build in PCC Used Memory: 161671576 Bytes (314572800)
2022-10-14 23:09:41,077 [INFO] IPUIPlugin:79 - create IPUIPlugin
2022-10-14 23:09:41,078 [INFO] IPUIPlugin:79 - create IPUIPlugin
2022-10-14 23:09:41,078 [INFO] IPUIPlugin:79 - create IPUIPlugin
2022-10-14 23:09:41,078 [INFO] IPUIPlugin:79 - create IPUIPlugin
2022-10-14 23:09:41,079 [INFO] IPUIPlugin:79 - create IPUIPlugin
2022-10-14 23:09:41,079 [INFO] IPUIPlugin:79 - create IPUIPlugin
2022-10-14 23:09:41,079 [INFO] IPUIPlugin:79 - create IPUIPlugin
2022-10-14 23:09:41,079 [INFO] IPUIPlugin:79 - create IPUIPlugin
2022-10-14 23:09:41,079 [INFO] IPUIPlugin:79 - create IPUIPlugin
2022-10-14 23:09:41,080 [INFO] IPUIPlugin:79 - create IPUIPlugin
2022-10-14 23:09:41,080 [INFO] IPUIPlugin:79 - create IPUIPlugin
2022-10-14 23:09:41,080 [INFO] IPUIPlugin:79 - create IPUIPlugin
2022-10-14 23:09:41,080 [INFO] IPUIPlugin:79 - create IPUIPlugin
2022-10-14 23:09:41,081 [INFO] IPUIPlugin:79 - create IPUIPlugin
2022-10-14 23:09:41,081 [INFO] IPUIPlugin:79 - create IPUIPlugin
2022-10-14 23:09:41,081 [INFO] IPUIPlugin:79 - create IPUIPlugin
2022-10-14 23:09:41,081 [INFO] IPUIPlugin:79 - create IPUIPlugin
2022-10-14 23:09:41,083 [INFO] IPUIPlugin:79 - create IPUIPlugin
2022-10-14 23:09:41,083 [INFO] IPUIPlugin:79 - create IPUIPlugin
2022-10-14 23:09:41,083 [INFO] IPUIPlugin:79 - create IPUIPlugin
2022-10-14 23:09:41,083 [INFO] IPUIPlugin:79 - create IPUIPlugin
2022-10-14 23:09:41,083 [INFO] IPUIPlugin:79 - create IPUIPlugin
2022-10-14 23:09:41,084 [INFO] IPUIPlugin:79 - create IPUIPlugin
2022-10-14 23:09:41,322 [INFO] OpenFileManager:327 - Restore cursor
2022-10-14 23:09:41,966 [INFO] UtilMem:74 - End SaveConfig() Used Memory: 155025056 Bytes (314572800)
2022-10-14 23:09:42,021 [INFO] UtilMem:74 - End SaveConfig() Used Memory: 164876280 Bytes (314572800)
2022-10-14 23:09:42,592 [INFO] BlockDiagram:2753 - set Specific Code input for plugin: NVIC
2022-10-14 23:09:42,594 [INFO] BlockDiagram:2753 - set Specific Code input for plugin: RCC
2022-10-14 23:09:42,595 [INFO] CodeGenerator:690 - code generatio: config db path: C:\ST\STM32CubeIDE_1.7.0\STM32CubeIDE\plugins\com.st.stm32cube.common.mx_6.6.1.202207061420\\db\
2022-10-14 23:09:43,001 [INFO] CodeEngine:245 - oldGeneratedFile, D:\Microcontroller\LAB\LAB1\Bai4\STM\Bai4\MXTmpFiles\license.tmp_save
2022-10-14 23:09:43,401 [INFO] CodeEngine:269 - Generated code: D:\Microcontroller\LAB\LAB1\Bai4\STM\Bai4\MXTmpFiles\license.tmp
2022-10-14 23:09:43,412 [INFO] CodeEngine:245 - oldGeneratedFile, D:\Microcontroller\LAB\LAB1\Bai4\STM\Bai4\Core\Src\stm32f1xx_it.c_save
2022-10-14 23:09:43,621 [INFO] CodeEngine:269 - Generated code: D:\Microcontroller\LAB\LAB1\Bai4\STM\Bai4\Core\Src\stm32f1xx_it.c
2022-10-14 23:09:43,625 [INFO] CodeEngine:245 - oldGeneratedFile, D:\Microcontroller\LAB\LAB1\Bai4\STM\Bai4\Core\Inc\stm32f1xx_it.h_save
2022-10-14 23:09:43,775 [INFO] CodeEngine:269 - Generated code: D:\Microcontroller\LAB\LAB1\Bai4\STM\Bai4\Core\Inc\stm32f1xx_it.h
2022-10-14 23:09:43,868 [INFO] CodeEngine:245 - oldGeneratedFile, D:\Microcontroller\LAB\LAB1\Bai4\STM\Bai4\Core\Src\stm32f1xx_hal_msp.c_save
2022-10-14 23:09:44,024 [INFO] CodeEngine:269 - Generated code: D:\Microcontroller\LAB\LAB1\Bai4\STM\Bai4\Core\Src\stm32f1xx_hal_msp.c
2022-10-14 23:09:44,030 [INFO] CodeEngine:245 - oldGeneratedFile, D:\Microcontroller\LAB\LAB1\Bai4\STM\Bai4\MXTmpFiles\system.tmp_save
2022-10-14 23:09:44,166 [INFO] CodeEngine:269 - Generated code: D:\Microcontroller\LAB\LAB1\Bai4\STM\Bai4\MXTmpFiles\system.tmp
2022-10-14 23:09:44,174 [INFO] CodeEngine:245 - oldGeneratedFile, D:\Microcontroller\LAB\LAB1\Bai4\STM\Bai4\Core\Inc\stm32f1xx_hal_conf.h_save
2022-10-14 23:09:44,337 [INFO] CodeEngine:269 - Generated code: D:\Microcontroller\LAB\LAB1\Bai4\STM\Bai4\Core\Inc\stm32f1xx_hal_conf.h
2022-10-14 23:09:44,405 [INFO] CodeEngine:245 - oldGeneratedFile, D:\Microcontroller\LAB\LAB1\Bai4\STM\Bai4\Core\Inc\main.h_save
2022-10-14 23:09:44,537 [INFO] CodeEngine:269 - Generated code: D:\Microcontroller\LAB\LAB1\Bai4\STM\Bai4\Core\Inc\main.h
2022-10-14 23:09:44,540 [INFO] CodeEngine:245 - oldGeneratedFile, D:\Microcontroller\LAB\LAB1\Bai4\STM\Bai4\Core\Src\main.c_save
2022-10-14 23:09:44,710 [INFO] CodeEngine:269 - Generated code: D:\Microcontroller\LAB\LAB1\Bai4\STM\Bai4\Core\Src\main.c
2022-10-14 23:09:45,660 [INFO] ProjectBuilder:2919 - Time for Copy HAL[1] : 179mS.
2022-10-14 23:09:45,673 [INFO] ProjectBuilder:4117 - Project Generator version: 3.17.1
2022-10-14 23:09:46,026 [INFO] ConfigFileManager:1394 - The Die is : DIE412
2022-10-14 23:09:46,041 [INFO] ApiDbMcu:505 - Load IP Config File for FATFS
2022-10-14 23:09:46,072 [INFO] ApiDbMcu:505 - Load IP Config File for FREERTOS
2022-10-14 23:09:46,111 [INFO] ApiDbMcu:505 - Load IP Config File for USB_DEVICE
2022-10-14 23:09:48,781 [INFO] ProjectBuilder:4285 - Time for Generating toolchain IDE Files: 3108mS.
2022-10-14 23:09:48,782 [INFO] ProjectBuilder:2790 - Time for Copy CMSIS : 1mS.
2022-10-14 23:09:48,783 [INFO] ProjectBuilder:2790 - Time for Copy CMSIS : 0mS.
2022-10-14 23:09:49,698 [INFO] McuFinderGlobals:57 - Set McuFinderConnectedMode to true
2022-10-14 23:09:49,700 [INFO] ApiDb:443 - Save user favorites file C:\Users\MyLinh/.stm32cubeide/favorites.mcus.txt: 1 item(s)
2022-10-14 23:09:49,701 [INFO] ApiDb:447 - User favorites MCUs=[STM32F103C6U6A]
