2022-10-14 23:14:55,976 [INFO] Activator:177 - 


2022-10-14 23:14:55,978 [INFO] Activator:178 - !SESSION log4j initialized
2022-10-14 23:15:01,373 [INFO] McuFinderGlobals:44 - Set McuFinder mode to 2 (CubeIDE integrated)
2022-10-14 23:15:01,487 [INFO] ApplicationProperties:181 - Using Application install path: C:\ST\STM32CubeIDE_1.7.0\STM32CubeIDE\plugins\com.st.stm32cube.common.mx_6.6.1.202207061420
2022-10-14 23:15:01,502 [INFO] DbMcusXml:77 - Set database path to: C:\ST\STM32CubeIDE_1.7.0\STM32CubeIDE\plugins\com.st.stm32cube.common.mx_6.6.1.202207061420\\db\/mcu/
2022-10-14 23:15:01,504 [INFO] ApiDb:269 - Set plugin database path to: C:\ST\STM32CubeIDE_1.7.0\STM32CubeIDE\plugins\com.st.stm32cube.common.mx_6.6.1.202207061420\\db\/plugins/boardmanager/
2022-10-14 23:15:01,510 [WARN] ApiDb:254 - Overriding images path with different value:  => C:\ST\STM32CubeIDE_1.7.0\STM32CubeIDE\plugins\com.st.stm32cube.common.mx_6.6.1.202207061420\\db\/plugins/mcufinder/images/
2022-10-14 23:15:01,522 [INFO] ApiDb:249 - Set database path to: C:\Users\MyLinh\.stmcufinder\plugins\mcufinder//mcu/
2022-10-14 23:15:01,523 [INFO] DbMcusAds:124 - Set database path to: C:\Users\MyLinh\.stmcufinder\plugins\mcufinder//mcu/
2022-10-14 23:15:01,525 [INFO] CrossReferenceDbSqlite:201 - Set database path to: C:\Users\MyLinh\.stmcufinder\plugins\mcufinder//mcu/cs/
2022-10-14 23:15:01,625 [INFO] RulesReader:61 - Compatibility file has been processed (282 Rules)
2022-10-14 23:15:01,710 [INFO] DbMcusXml:77 - Set database path to: C:\ST\STM32CubeIDE_1.7.0\STM32CubeIDE\plugins\com.st.stm32cube.common.mx_6.6.1.202207061420\\db\/mcu/
2022-10-14 23:15:01,712 [INFO] ApiDb:269 - Set plugin database path to: C:\ST\STM32CubeIDE_1.7.0\STM32CubeIDE\plugins\com.st.stm32cube.common.mx_6.6.1.202207061420\\db\/plugins/boardmanager/
2022-10-14 23:15:01,712 [INFO] ApiDb:256 - Set plugin images path to: C:\ST\STM32CubeIDE_1.7.0\STM32CubeIDE\plugins\com.st.stm32cube.common.mx_6.6.1.202207061420\\db\/plugins/mcufinder/images/
2022-10-14 23:15:01,712 [WARN] DbFile:40 - Overriding database path with different value: C:\Users\MyLinh\.stmcufinder\plugins\mcufinder/ => C:\Users\MyLinh\.stmcufinder\plugins\mcufinder
2022-10-14 23:15:01,713 [INFO] ApiDb:249 - Set database path to: C:\Users\MyLinh\.stmcufinder\plugins\mcufinder//mcu/
2022-10-14 23:15:01,713 [WARN] DbFile:40 - Overriding database path with different value: C:\Users\MyLinh\.stmcufinder\plugins\mcufinder/ => C:\Users\MyLinh\.stmcufinder\plugins\mcufinder
2022-10-14 23:15:01,713 [INFO] DbMcusAds:124 - Set database path to: C:\Users\MyLinh\.stmcufinder\plugins\mcufinder//mcu/
2022-10-14 23:15:01,713 [WARN] DbFile:40 - Overriding database path with different value: C:\Users\MyLinh\.stmcufinder\plugins\mcufinder/ => C:\Users\MyLinh\.stmcufinder\plugins\mcufinder
2022-10-14 23:15:01,714 [WARN] DbFile:40 - Overriding database path with different value: C:\Users\MyLinh\.stmcufinder\plugins\mcufinder/ => C:\Users\MyLinh\.stmcufinder\plugins\mcufinder
2022-10-14 23:15:01,714 [INFO] CrossReferenceDbSqlite:201 - Set database path to: C:\Users\MyLinh\.stmcufinder\plugins\mcufinder//mcu/cs/
2022-10-14 23:15:01,789 [INFO] MainPanel:242 - HeapMemory: 268435456
2022-10-14 23:15:01,864 [INFO] DbMcusXml:77 - Set database path to: C:\ST\STM32CubeIDE_1.7.0\STM32CubeIDE\plugins\com.st.stm32cube.common.mx_6.6.1.202207061420\\db\/mcu/
2022-10-14 23:15:01,864 [INFO] ApiDb:269 - Set plugin database path to: C:\ST\STM32CubeIDE_1.7.0\STM32CubeIDE\plugins\com.st.stm32cube.common.mx_6.6.1.202207061420\\db\/plugins/boardmanager/
2022-10-14 23:15:01,864 [INFO] ApiDb:256 - Set plugin images path to: C:\ST\STM32CubeIDE_1.7.0\STM32CubeIDE\plugins\com.st.stm32cube.common.mx_6.6.1.202207061420\\db\/plugins/mcufinder/images/
2022-10-14 23:15:01,864 [WARN] DbFile:40 - Overriding database path with different value: C:\Users\MyLinh\.stmcufinder\plugins\mcufinder/ => C:\Users\MyLinh\.stmcufinder\plugins\mcufinder
2022-10-14 23:15:01,865 [INFO] ApiDb:249 - Set database path to: C:\Users\MyLinh\.stmcufinder\plugins\mcufinder//mcu/
2022-10-14 23:15:01,865 [WARN] DbFile:40 - Overriding database path with different value: C:\Users\MyLinh\.stmcufinder\plugins\mcufinder/ => C:\Users\MyLinh\.stmcufinder\plugins\mcufinder
2022-10-14 23:15:01,865 [INFO] DbMcusAds:124 - Set database path to: C:\Users\MyLinh\.stmcufinder\plugins\mcufinder//mcu/
2022-10-14 23:15:01,865 [WARN] DbFile:40 - Overriding database path with different value: C:\Users\MyLinh\.stmcufinder\plugins\mcufinder/ => C:\Users\MyLinh\.stmcufinder\plugins\mcufinder
2022-10-14 23:15:01,865 [WARN] DbFile:40 - Overriding database path with different value: C:\Users\MyLinh\.stmcufinder\plugins\mcufinder/ => C:\Users\MyLinh\.stmcufinder\plugins\mcufinder
2022-10-14 23:15:01,865 [INFO] CrossReferenceDbSqlite:201 - Set database path to: C:\Users\MyLinh\.stmcufinder\plugins\mcufinder//mcu/cs/
2022-10-14 23:15:01,884 [INFO] ApplicationProperties:181 - Using Application install path: C:\ST\STM32CubeIDE_1.7.0\STM32CubeIDE\plugins\com.st.stm32cube.common.mx_6.6.1.202207061420
2022-10-14 23:15:01,886 [INFO] PluginManage:193 - Search for loadable plugins [exclusion list=, ]
2022-10-14 23:15:01,887 [INFO] PluginManage:307 - Check plugin analytics
2022-10-14 23:15:02,027 [INFO] AnalyticsPlugin:262 - Accepted Software Licenses: 
2022-10-14 23:15:02,029 [INFO] AnalyticsPlugin:264 - Accepted CMSIS Pack Licenses: 
2022-10-14 23:15:02,029 [INFO] AnalyticsPlugin:266 - Accepted Firmware Licenses: 
2022-10-14 23:15:02,038 [INFO] PluginManage:356 - Loaded plugin analytics (category:tool,tabindex:-1)
2022-10-14 23:15:02,040 [INFO] PluginManage:307 - Check plugin cadmodel
2022-10-14 23:15:02,043 [INFO] CADModel:65 - Init CAD model plugin
2022-10-14 23:15:02,043 [INFO] PluginManage:356 - Loaded plugin cadmodel (category:power,tabindex:5)
2022-10-14 23:15:02,043 [INFO] PluginManage:307 - Check plugin clock
2022-10-14 23:15:02,054 [INFO] PluginManage:356 - Loaded plugin clock (category:base,tabindex:2)
2022-10-14 23:15:02,054 [INFO] PluginManage:307 - Check plugin ddr
2022-10-14 23:15:02,057 [INFO] PluginManage:356 - Loaded plugin ddr (category:tool,tabindex:6)
2022-10-14 23:15:02,057 [INFO] PluginManage:307 - Check plugin filemanager
2022-10-14 23:15:02,215 [INFO] PluginManage:356 - Loaded plugin filemanager (category:base,tabindex:10)
2022-10-14 23:15:02,215 [INFO] PluginManage:307 - Check plugin ipmanager
2022-10-14 23:15:02,225 [INFO] PluginManage:356 - Loaded plugin ipmanager (category:base,tabindex:5)
2022-10-14 23:15:02,225 [INFO] PluginManage:307 - Check plugin lpbam
2022-10-14 23:15:02,237 [INFO] PluginManage:356 - Loaded plugin lpbam (category:base,tabindex:0)
2022-10-14 23:15:02,237 [INFO] PluginManage:307 - Check plugin pinoutandconfiguration
2022-10-14 23:15:02,244 [INFO] PluginManage:356 - Loaded plugin pinoutandconfiguration (category:base,tabindex:1)
2022-10-14 23:15:02,245 [INFO] PluginManage:307 - Check plugin pinoutconfig
2022-10-14 23:15:02,283 [INFO] PluginManage:356 - Loaded plugin pinoutconfig (category:base,tabindex:0)
2022-10-14 23:15:02,283 [INFO] PluginManage:307 - Check plugin power
2022-10-14 23:15:02,292 [INFO] PluginManage:356 - Loaded plugin power (category:power,tabindex:4)
2022-10-14 23:15:02,293 [INFO] PluginManage:307 - Check plugin projectmanager
2022-10-14 23:15:02,309 [INFO] PluginManage:356 - Loaded plugin projectmanager (category:projectmanager,tabindex:3)
2022-10-14 23:15:02,309 [INFO] PluginManage:307 - Check plugin thirdparty
2022-10-14 23:15:02,418 [WARN] IntegrityCheckThread:82 - waiting for thirdparty lock release [integrity check]
2022-10-14 23:15:02,418 [INFO] PluginManage:356 - Loaded plugin thirdparty (category:base,tabindex:-1)
2022-10-14 23:15:02,418 [INFO] IntegrityCheckThread:84 - entering critical section [integrity check]
2022-10-14 23:15:02,419 [INFO] PluginManage:307 - Check plugin tools
2022-10-14 23:15:02,420 [INFO] ThirdPartyUpdaterWithRetryManager:70 - Updater plugin not ready yet. [1/15]
2022-10-14 23:15:02,421 [INFO] PluginManage:356 - Loaded plugin tools (category:base,tabindex:7)
2022-10-14 23:15:02,421 [INFO] PluginManage:307 - Check plugin tutovideos
2022-10-14 23:15:02,617 [INFO] PluginManage:356 - Loaded plugin tutovideos (category:base,tabindex:-1)
2022-10-14 23:15:02,617 [INFO] PluginManage:307 - Check plugin updater
2022-10-14 23:15:02,629 [INFO] PluginManage:356 - Loaded plugin updater (category:base,tabindex:12)
2022-10-14 23:15:02,629 [INFO] PluginManage:280 - PluginManage : Loaded plugins [15]
2022-10-14 23:15:02,834 [INFO] PinOutPanel:1468 - setPackage(No Configuration,No Configuration)
2022-10-14 23:15:02,892 [INFO] CADModel:98 - CPN selected for project level
2022-10-14 23:15:02,905 [INFO] IPUIPlugin:79 - create IPUIPlugin
2022-10-14 23:15:02,905 [INFO] PluginManager:217 - loadIPPluginJar : add adc
2022-10-14 23:15:02,908 [INFO] IPUIPlugin:79 - create IPUIPlugin
2022-10-14 23:15:02,908 [INFO] PluginManager:217 - loadIPPluginJar : add aes
2022-10-14 23:15:02,910 [INFO] IPUIPlugin:79 - create IPUIPlugin
2022-10-14 23:15:02,911 [INFO] PluginManager:217 - loadIPPluginJar : add can
2022-10-14 23:15:02,912 [INFO] IPUIPlugin:79 - create IPUIPlugin
2022-10-14 23:15:02,912 [INFO] PluginManager:217 - loadIPPluginJar : add comp
2022-10-14 23:15:02,914 [INFO] IPUIPlugin:79 - create IPUIPlugin
2022-10-14 23:15:02,915 [INFO] PluginManager:217 - loadIPPluginJar : add cryp
2022-10-14 23:15:02,917 [INFO] IPUIPlugin:79 - create IPUIPlugin
2022-10-14 23:15:02,917 [INFO] PluginManager:217 - loadIPPluginJar : add dfsdm
2022-10-14 23:15:02,924 [INFO] IPUIPlugin:79 - create IPUIPlugin
2022-10-14 23:15:02,924 [INFO] PluginManager:217 - loadIPPluginJar : add dma
2022-10-14 23:15:02,927 [INFO] IPUIPlugin:79 - create IPUIPlugin
2022-10-14 23:15:02,927 [INFO] PluginManager:217 - loadIPPluginJar : add dma3
2022-10-14 23:15:02,928 [INFO] IPUIPlugin:79 - create IPUIPlugin
2022-10-14 23:15:02,928 [INFO] PluginManager:217 - loadIPPluginJar : add fatfs
2022-10-14 23:15:02,932 [INFO] IPUIPlugin:79 - create IPUIPlugin
2022-10-14 23:15:02,933 [INFO] PluginManager:217 - loadIPPluginJar : add fmc
2022-10-14 23:15:02,937 [INFO] IPUIPlugin:79 - create IPUIPlugin
2022-10-14 23:15:02,938 [INFO] PluginManager:217 - loadIPPluginJar : add freertos
2022-10-14 23:15:02,939 [INFO] IPUIPlugin:79 - create IPUIPlugin
2022-10-14 23:15:02,939 [INFO] PluginManager:217 - loadIPPluginJar : add genericplugin
2022-10-14 23:15:02,942 [INFO] IPUIPlugin:79 - create IPUIPlugin
2022-10-14 23:15:02,943 [INFO] PluginManager:217 - loadIPPluginJar : add gfxmmu
2022-10-14 23:15:02,948 [INFO] IPUIPlugin:79 - create IPUIPlugin
2022-10-14 23:15:02,948 [INFO] PluginManager:217 - loadIPPluginJar : add gic
2022-10-14 23:15:02,952 [INFO] IPUIPlugin:79 - create IPUIPlugin
2022-10-14 23:15:02,952 [INFO] PluginManager:217 - loadIPPluginJar : add gpio
2022-10-14 23:15:02,955 [INFO] IPUIPlugin:79 - create IPUIPlugin
2022-10-14 23:15:02,955 [INFO] PluginManager:217 - loadIPPluginJar : add gtzc
2022-10-14 23:15:02,957 [INFO] IPUIPlugin:79 - create IPUIPlugin
2022-10-14 23:15:02,957 [INFO] PluginManager:217 - loadIPPluginJar : add hash
2022-10-14 23:15:02,960 [INFO] IPUIPlugin:79 - create IPUIPlugin
2022-10-14 23:15:02,960 [INFO] PluginManager:217 - loadIPPluginJar : add i2c
2022-10-14 23:15:02,963 [INFO] IPUIPlugin:79 - create IPUIPlugin
2022-10-14 23:15:02,963 [INFO] PluginManager:217 - loadIPPluginJar : add i2s
2022-10-14 23:15:02,965 [INFO] IPUIPlugin:79 - create IPUIPlugin
2022-10-14 23:15:02,966 [INFO] PluginManager:217 - loadIPPluginJar : add ipddr
2022-10-14 23:15:02,974 [INFO] IPUIPlugin:79 - create IPUIPlugin
2022-10-14 23:15:02,974 [INFO] PluginManager:217 - loadIPPluginJar : add linkedlist
2022-10-14 23:15:02,977 [INFO] IPUIPlugin:79 - create IPUIPlugin
2022-10-14 23:15:02,977 [INFO] PluginManager:217 - loadIPPluginJar : add lorawan
2022-10-14 23:15:02,978 [INFO] IPUIPlugin:79 - create IPUIPlugin
2022-10-14 23:15:02,979 [INFO] PluginManager:217 - loadIPPluginJar : add ltdc
2022-10-14 23:15:02,985 [INFO] IPUIPlugin:79 - create IPUIPlugin
2022-10-14 23:15:02,985 [INFO] PluginManager:217 - loadIPPluginJar : add mdma
2022-10-14 23:15:02,989 [INFO] IPUIPlugin:79 - create IPUIPlugin
2022-10-14 23:15:02,989 [INFO] PluginManager:217 - loadIPPluginJar : add nvic
2022-10-14 23:15:02,992 [INFO] IPUIPlugin:79 - create IPUIPlugin
2022-10-14 23:15:02,993 [INFO] PluginManager:217 - loadIPPluginJar : add opamp
2022-10-14 23:15:02,996 [INFO] IPUIPlugin:79 - create IPUIPlugin
2022-10-14 23:15:02,997 [INFO] PluginManager:217 - loadIPPluginJar : add openamp
2022-10-14 23:15:03,000 [INFO] IPUIPlugin:79 - create IPUIPlugin
2022-10-14 23:15:03,001 [INFO] PluginManager:217 - loadIPPluginJar : add pdm2pcm
2022-10-14 23:15:03,009 [INFO] IPUIPlugin:79 - create IPUIPlugin
2022-10-14 23:15:03,012 [INFO] PluginManager:217 - loadIPPluginJar : add plateformsettings
2022-10-14 23:15:03,014 [INFO] IPUIPlugin:79 - create IPUIPlugin
2022-10-14 23:15:03,014 [INFO] PluginManager:217 - loadIPPluginJar : add quadspi
2022-10-14 23:15:03,017 [INFO] IPUIPlugin:79 - create IPUIPlugin
2022-10-14 23:15:03,017 [INFO] PluginManager:217 - loadIPPluginJar : add resmgrutility
2022-10-14 23:15:03,021 [INFO] IPUIPlugin:79 - create IPUIPlugin
2022-10-14 23:15:03,022 [INFO] PluginManager:217 - loadIPPluginJar : add sai
2022-10-14 23:15:03,025 [INFO] IPUIPlugin:79 - create IPUIPlugin
2022-10-14 23:15:03,025 [INFO] PluginManager:217 - loadIPPluginJar : add spi
2022-10-14 23:15:03,030 [INFO] IPUIPlugin:79 - create IPUIPlugin
2022-10-14 23:15:03,030 [INFO] PluginManager:217 - loadIPPluginJar : add stm32_wpan
2022-10-14 23:15:03,032 [INFO] IPUIPlugin:79 - create IPUIPlugin
2022-10-14 23:15:03,033 [INFO] PluginManager:217 - loadIPPluginJar : add tim
2022-10-14 23:15:03,036 [INFO] IPUIPlugin:79 - create IPUIPlugin
2022-10-14 23:15:03,036 [INFO] PluginManager:217 - loadIPPluginJar : add touchsensing
2022-10-14 23:15:03,038 [INFO] IPUIPlugin:79 - create IPUIPlugin
2022-10-14 23:15:03,039 [INFO] PluginManager:217 - loadIPPluginJar : add tracer_emb
2022-10-14 23:15:03,040 [INFO] IPUIPlugin:79 - create IPUIPlugin
2022-10-14 23:15:03,041 [INFO] PluginManager:217 - loadIPPluginJar : add ts
2022-10-14 23:15:03,042 [INFO] IPUIPlugin:79 - create IPUIPlugin
2022-10-14 23:15:03,042 [INFO] PluginManager:217 - loadIPPluginJar : add tsc
2022-10-14 23:15:03,044 [INFO] IPUIPlugin:79 - create IPUIPlugin
2022-10-14 23:15:03,044 [INFO] PluginManager:217 - loadIPPluginJar : add ucpd
2022-10-14 23:15:03,047 [INFO] IPUIPlugin:79 - create IPUIPlugin
2022-10-14 23:15:03,048 [INFO] PluginManager:217 - loadIPPluginJar : add usart
2022-10-14 23:15:03,051 [INFO] IPUIPlugin:79 - create IPUIPlugin
2022-10-14 23:15:03,051 [INFO] PluginManager:217 - loadIPPluginJar : add usbx
2022-10-14 23:15:03,300 [FATAL] Updater:301 - Updater called before beeing initialized
2022-10-14 23:15:03,421 [FATAL] Updater:301 - Updater called before beeing initialized
2022-10-14 23:15:03,430 [INFO] DbMcusAds:52 - JSON generation date=Thu Sep 30 13:55:09 ICT 2021 (1632984909247)
2022-10-14 23:15:03,430 [FATAL] Updater:301 - Updater called before beeing initialized
2022-10-14 23:15:03,468 [WARN] DetailPanel:344 - Failed to get advertising image, set to default
2022-10-14 23:15:03,569 [FATAL] Updater:301 - Updater called before beeing initialized
2022-10-14 23:15:03,571 [FATAL] Updater:301 - Updater called before beeing initialized
2022-10-14 23:15:03,571 [FATAL] Updater:301 - Updater called before beeing initialized
2022-10-14 23:15:03,571 [WARN] DetailPanel:344 - Failed to get advertising image, set to default
2022-10-14 23:15:03,572 [FATAL] Updater:301 - Updater called before beeing initialized
2022-10-14 23:15:03,613 [ERROR] Updater:1105 - MainUpdater not yet initialized. External WinMGr cannot be set.
2022-10-14 23:15:03,615 [INFO] Updater:1041 - Updater Version found : 6.6.1
2022-10-14 23:15:03,629 [INFO] ApplicationProperties:181 - Using Application install path: C:\ST\STM32CubeIDE_1.7.0\STM32CubeIDE\plugins\com.st.stm32cube.common.mx_6.6.1.202207061420
2022-10-14 23:15:03,740 [INFO] MainUpdater:2768 - connection check result : 10
2022-10-14 23:15:03,740 [INFO] MainUpdater:280 - Updater Check For Update Now.
2022-10-14 23:15:03,761 [INFO] MicroXplorer:481 - Change Database Version : DB.6.0.60
2022-10-14 23:15:03,985 [INFO] CheckServerUpdateThread:119 - End of CheckServer Thread
2022-10-14 23:15:03,993 [INFO] MainUpdater:2768 - connection check result : 10
2022-10-14 23:15:04,225 [INFO] McuFinderGlobals:57 - Set McuFinderConnectedMode to true
2022-10-14 23:15:04,236 [INFO] MultiScanPanel:195 - Auto-refresh data requested => check proxy status ongoing
2022-10-14 23:15:04,240 [INFO] FinderPluginLoader:92 - Searching for filters in installed packs
2022-10-14 23:15:04,353 [INFO] ApiDb:576 - Connected to CubeFinder SQLite database (C:\Users\MyLinh\.stmcufinder\plugins\mcufinder\mcu\cube-finder-db.db)
2022-10-14 23:15:04,377 [INFO] ApiDb:663 - CubeFinder database Data Model version=2.1
2022-10-14 23:15:04,378 [INFO] ApiDb:664 - CubeFinder database Configuration version=3.0.32
2022-10-14 23:15:04,378 [INFO] ApiDb:665 - CubeFinder database generation date=2022-08-05 (1659688109)
2022-10-14 23:15:04,378 [INFO] ApiDb:666 - CubeFinder database FW Pack versions=[STM32Cube_FW_C0_V1.0.0, STM32Cube_FW_F4_V1.27.1, STM32Cube_FW_F7_V1.17.0, STM32Cube_FW_G0_V1.6.1, STM32Cube_FW_G4_V1.5.0, STM32Cube_FW_H7_V1.10.0, STM32Cube_FW_L5_V1.4.0, STM32Cube_FW_U5_V1.1.1, STM32Cube_FW_WB_V1.14.1, STM32Cube_FW_WL_V1.2.0, X-CUBE-ALGOBUILD_V1.3.0, X-CUBE-ALS_V1.0.1, X-CUBE-AZRTOS-F4_V1.1.0, X-CUBE-AZRTOS-F7_V1.1.0, X-CUBE-AZRTOS-G0_V1.1.0, X-CUBE-AZRTOS-G4_V1.0.0, X-CUBE-AZRTOS-H7_V2.1.0, X-CUBE-AZRTOS-L4_V1.0.0, X-CUBE-AZRTOS-L5_V1.0.0, X-CUBE-AZRTOS-WL_V1.0.0, X-CUBE-BLE1_V6.2.3, X-CUBE-BLE2_V3.3.0, X-CUBE-EEPRMA1_V3.1.1, X-CUBE-GNSS1_V6.0.0, X-CUBE-MEMS1_V9.1.0, X-CUBE-MEMS1_V9.3.0, X-CUBE-NFC4_V2.0.4, X-CUBE-NFC7_V1.0.0, X-CUBE-SFXS2LP1_V4.0.0, X-CUBE-SUBG2_V5.0.0]
2022-10-14 23:15:05,554 [WARN] PackLoader:242 - Cannot read IP mode file for STMicroelectronics.X-CUBE-GNSS1.6.0.0
2022-10-14 23:15:05,594 [WARN] PackLoader:242 - Cannot read IP mode file for STMicroelectronics.X-CUBE-AZRTOS-F4.1.1.0
2022-10-14 23:15:05,620 [WARN] PackLoader:242 - Cannot read IP mode file for STMicroelectronics.X-CUBE-BLEMGR.1.2.0
2022-10-14 23:15:05,668 [WARN] PackLoader:242 - Cannot read IP mode file for STMicroelectronics.X-CUBE-AZRTOS-F7.1.1.0
2022-10-14 23:15:05,691 [WARN] PackLoader:242 - Cannot read IP mode file for STMicroelectronics.X-CUBE-BLE1.6.2.3
2022-10-14 23:15:05,701 [WARN] PackLoader:242 - Cannot read IP mode file for STMicroelectronics.X-CUBE-NFC4.2.0.4
2022-10-14 23:15:05,719 [WARN] PackLoader:242 - Cannot read IP mode file for STMicroelectronics.X-CUBE-TOF1.3.1.0
2022-10-14 23:15:05,730 [WARN] PackLoader:242 - Cannot read IP mode file for wolfSSL.I-CUBE-wolfSSL.5.5.1
2022-10-14 23:15:05,736 [WARN] PackLoader:242 - Cannot read IP mode file for STMicroelectronics.X-CUBE-NFC7.1.0.0
2022-10-14 23:15:05,794 [WARN] PackLoader:242 - Cannot read IP mode file for STMicroelectronics.X-CUBE-MEMS1.9.3.0
2022-10-14 23:15:05,953 [WARN] PackLoader:242 - Cannot read IP mode file for STMicroelectronics.X-CUBE-AI.7.2.0
2022-10-14 23:15:05,965 [WARN] PackLoader:242 - Cannot read IP mode file for STMicroelectronics.X-CUBE-SFXS2LP1.4.0.0
2022-10-14 23:15:05,970 [WARN] PackLoader:242 - Cannot read IP mode file for STMicroelectronics.X-CUBE-BLE2.3.3.0
2022-10-14 23:15:05,981 [WARN] PackLoader:242 - Cannot read IP mode file for STMicroelectronics.X-CUBE-DISPLAY.2.2.0
2022-10-14 23:15:05,986 [WARN] PackLoader:242 - Cannot read IP mode file for STMicroelectronics.X-CUBE-ISPU.1.0.0
2022-10-14 23:15:05,994 [WARN] PackLoader:242 - Cannot read IP mode file for RoweBots.I-CUBE-UNISONRTOS.5.5.0-4
2022-10-14 23:15:06,009 [WARN] PackLoader:242 - Cannot read IP mode file for STMicroelectronics.X-CUBE-AZRTOS-H7.2.1.0
2022-10-14 23:15:06,017 [WARN] PackLoader:242 - Cannot read IP mode file for STMicroelectronics.X-CUBE-ALGOBUILD.1.3.0
2022-10-14 23:15:06,031 [WARN] PackLoader:242 - Cannot read IP mode file for STMicroelectronics.X-CUBE-AZRTOS-G0.1.1.0
2022-10-14 23:15:06,040 [WARN] PackLoader:242 - Cannot read IP mode file for STMicroelectronics.X-CUBE-SUBG2.5.0.0
2022-10-14 23:15:06,082 [WARN] PackLoader:242 - Cannot read IP mode file for SEGGER.I-CUBE-embOS.1.2.1
2022-10-14 23:15:06,131 [WARN] PackLoader:242 - Cannot read IP mode file for STMicroelectronics.FP-ATR-ASTRA1.1.1.1
2022-10-14 23:15:06,141 [WARN] PackLoader:242 - Cannot read IP mode file for STMicroelectronics.X-CUBE-AZRTOS-G4.1.0.0
2022-10-14 23:15:06,160 [WARN] PackLoader:242 - Cannot read IP mode file for STMicroelectronics.X-CUBE-AZRTOS-L4.1.0.0
2022-10-14 23:15:06,170 [WARN] PackLoader:242 - Cannot read IP mode file for emotas.I-CUBE-CANOPEN.1.1.2
2022-10-14 23:15:06,174 [WARN] PackLoader:242 - Cannot read IP mode file for STMicroelectronics.X-CUBE-TOUCHGFX.4.20.0
2022-10-14 23:15:06,184 [WARN] PackLoader:242 - Cannot read IP mode file for STMicroelectronics.X-CUBE-AZRTOS-WL.1.0.0
2022-10-14 23:15:06,191 [WARN] PackLoader:242 - Cannot read IP mode file for portGmbH.I-Cube-SoM-uGOAL.1.1.0
2022-10-14 23:15:06,196 [WARN] PackLoader:242 - Cannot read IP mode file for STMicroelectronics.X-CUBE-ALS.1.0.1
2022-10-14 23:15:06,210 [WARN] PackLoader:242 - Cannot read IP mode file for STMicroelectronics.X-CUBE-AZRTOS-L5.1.0.0
2022-10-14 23:15:06,217 [WARN] PackLoader:242 - Cannot read IP mode file for STMicroelectronics.X-CUBE-EEPRMA1.3.1.1
2022-10-14 23:15:06,219 [INFO] ThirdParty:929 - Integrity check success = true
2022-10-14 23:15:06,219 [INFO] IntegrityCheckThread:98 - exiting critical section [integrity check]
2022-10-14 23:15:06,219 [INFO] IntegrityCheckThread:101 - End integrity checks thread
2022-10-14 23:15:06,397 [INFO] ApiDb:239 - Found 138 in-development CPN: [B-WB1M-WPAN1, NUCLEO-C031C6, STEVAL-STWINBX1, STM320518-EVAL, STM32C0116-DK, STM32C011D6Y3TR, STM32C011D6Y6TR, STM32C011F4P3, STM32C011F4P6, STM32C011F4U3, STM32C011F4U6TR, STM32C011F6P3, STM32C011F6P6, STM32C011F6U3, STM32C011F6U6TR, STM32C011J4M3, STM32C011J4M6, STM32C011J6M3, STM32C011J6M6, STM32C0316-DK, STM32C031C4T3, STM32C031C4T6, STM32C031C4U3, STM32C031C4U6, STM32C031C6T3, STM32C031C6T6, STM32C031C6U3, STM32C031C6U6, STM32C031F4P3, STM32C031F4P6, STM32C031F6P3, STM32C031F6P6, STM32C031G4U3, STM32C031G4U6, STM32C031G6U3, STM32C031G6U6, STM32C031K4T3, STM32C031K4T6, STM32C031K4U3, STM32C031K4U6, STM32C031K6T3, STM32C031K6T6, STM32C031K6U3, STM32C031K6U6, STM32G071K8TXN, STM32G071K8UXN, STM32G081GBU6N, STM32G081KBT6N, STM32G081KBUXN, STM32G0B1CCT6N, STM32G0B1KCT6, STM32G0B1NEY6TR, STM32G0B1RCT6N, STM32G0C1CCT6, STM32G0C1CCT6N, STM32G0C1CCU6N, STM32G0C1CET6N, STM32G0C1CEU6N, STM32G0C1KCT6, STM32G0C1NEY6TR, STM32G0C1RCI6N, STM32G0C1RCT6N, STM32G0C1REI6N, STM32G0C1RET6N, STM32G0C1VCI6, STM32G0C1VEI6, STM32G471CCT6, STM32G471CCU6, STM32G471CET3, STM32G471CET6, STM32G471CEU3, STM32G471CEU6, STM32G471MCT6, STM32G471MET3, STM32G471MET6, STM32G471MEY6TR, STM32G471QCT6, STM32G471QET3, STM32G471RCT6, STM32G471RET3, STM32G471RET6, STM32G471VCH6, STM32G471VCI6, STM32G471VCT6, STM32G471VEH3, STM32G471VEH6, STM32G471VEI3, STM32G471VEI6, STM32G471VET3, STM32G471VET6, STM32G474CCT6, STM32L476VGY6PTR, STM32L4R5QGI6STR, STM32MP131AAE3, STM32MP131AAF3, STM32MP131AAG3, STM32MP131CAE3, STM32MP131CAF3, STM32MP131CAG3, STM32MP131DAE7, STM32MP131DAF7, STM32MP131DAG7, STM32MP131FAE7, STM32MP131FAF7, STM32MP131FAG7, STM32MP133AAE3, STM32MP133AAF3, STM32MP133AAG3, STM32MP133CAE3, STM32MP133CAF3, STM32MP133CAG3, STM32MP133DAE7, STM32MP133DAF7, STM32MP133DAG7, STM32MP133FAE7, STM32MP133FAF7, STM32MP133FAG7, STM32MP135AAE3, STM32MP135AAF3, STM32MP135AAG3, STM32MP135CAE3, STM32MP135CAF3, STM32MP135CAG3, STM32MP135DAE7, STM32MP135DAF7, STM32MP135DAG7, STM32MP135F-DK, STM32MP135FAE7, STM32MP135FAF7, STM32MP135FAG7, STM32U595ZJT6Q, STM32U599BJY6QTR, STM32U599NIH6Q, STM32U599NJH6Q, STM32U5A5ZJT6Q, STM32U5A9BJY6QTR, STM32U5A9NJH6Q, STM32WB1MMCH6]
2022-10-14 23:15:06,403 [INFO] DbMcus:215 - Found 3542 MCUs, 3542 are supported
2022-10-14 23:15:06,404 [INFO] ApiDb:418 - Load user favorites file C:\Users\MyLinh/.stm32cubeide/favorites.mcus.txt: 1 item(s)
2022-10-14 23:15:06,405 [INFO] ApiDb:422 - User favorites MCUs=[STM32F103C6U6A]
2022-10-14 23:15:06,406 [INFO] DbMcus:221 - Set 1 / 1 favorites MCUs
2022-10-14 23:15:07,627 [INFO] LoadUrlFilesThread:177 - End of LoadServerUrlFiles without Thread
2022-10-14 23:15:07,635 [INFO] DetailPanel:339 - Set advertising image to C:/Users/MyLinh/STM32Cube/Repository/\en.Prom_NBSTM32U50921.jpg
2022-10-14 23:15:08,216 [INFO] ToolPreferences:109 - Table McuList, key=mcufinder_cubeide.mculist: column name not found=IO
2022-10-14 23:15:08,216 [INFO] ToolPreferences:109 - Table McuList, key=mcufinder_cubeide.mculist: column name not found=Freq.
2022-10-14 23:15:08,217 [INFO] MultiScanPanel:778 - Auto Refresh Data is not needed
2022-10-14 23:15:08,224 [INFO] ApiDb:663 - CubeFinder database Data Model version=2.1
2022-10-14 23:15:08,225 [INFO] ApiDb:664 - CubeFinder database Configuration version=3.0.32
2022-10-14 23:15:08,225 [INFO] ApiDb:665 - CubeFinder database generation date=2022-08-05 (1659688109)
2022-10-14 23:15:08,225 [INFO] ApiDb:666 - CubeFinder database FW Pack versions=[STM32Cube_FW_C0_V1.0.0, STM32Cube_FW_F4_V1.27.1, STM32Cube_FW_F7_V1.17.0, STM32Cube_FW_G0_V1.6.1, STM32Cube_FW_G4_V1.5.0, STM32Cube_FW_H7_V1.10.0, STM32Cube_FW_L5_V1.4.0, STM32Cube_FW_U5_V1.1.1, STM32Cube_FW_WB_V1.14.1, STM32Cube_FW_WL_V1.2.0, X-CUBE-ALGOBUILD_V1.3.0, X-CUBE-ALS_V1.0.1, X-CUBE-AZRTOS-F4_V1.1.0, X-CUBE-AZRTOS-F7_V1.1.0, X-CUBE-AZRTOS-G0_V1.1.0, X-CUBE-AZRTOS-G4_V1.0.0, X-CUBE-AZRTOS-H7_V2.1.0, X-CUBE-AZRTOS-L4_V1.0.0, X-CUBE-AZRTOS-L5_V1.0.0, X-CUBE-AZRTOS-WL_V1.0.0, X-CUBE-BLE1_V6.2.3, X-CUBE-BLE2_V3.3.0, X-CUBE-EEPRMA1_V3.1.1, X-CUBE-GNSS1_V6.0.0, X-CUBE-MEMS1_V9.1.0, X-CUBE-MEMS1_V9.3.0, X-CUBE-NFC4_V2.0.4, X-CUBE-NFC7_V1.0.0, X-CUBE-SFXS2LP1_V4.0.0, X-CUBE-SUBG2_V5.0.0]
2022-10-14 23:15:08,282 [INFO] DbBoardsSqlite:227 - include board P-NUCLEO-WB55-NUCLEO as a kit item of type 'Nucleo-64'
2022-10-14 23:15:08,283 [INFO] DbBoardsSqlite:227 - include board P-NUCLEO-WB55-USBDONGLE as a kit item of type 'Nucleo USB Dongle'
2022-10-14 23:15:08,283 [INFO] DbBoardsSqlite:227 - include board STEVAL-IDP005V1 as a kit item of type 'Evaluation Board'
2022-10-14 23:15:08,283 [INFO] DbBoardsSqlite:227 - include board STEVAL-IDP005V2 as a kit item of type 'Evaluation Board'
2022-10-14 23:15:08,293 [INFO] ApiDb:239 - Found 138 in-development CPN: [B-WB1M-WPAN1, NUCLEO-C031C6, STEVAL-STWINBX1, STM320518-EVAL, STM32C0116-DK, STM32C011D6Y3TR, STM32C011D6Y6TR, STM32C011F4P3, STM32C011F4P6, STM32C011F4U3, STM32C011F4U6TR, STM32C011F6P3, STM32C011F6P6, STM32C011F6U3, STM32C011F6U6TR, STM32C011J4M3, STM32C011J4M6, STM32C011J6M3, STM32C011J6M6, STM32C0316-DK, STM32C031C4T3, STM32C031C4T6, STM32C031C4U3, STM32C031C4U6, STM32C031C6T3, STM32C031C6T6, STM32C031C6U3, STM32C031C6U6, STM32C031F4P3, STM32C031F4P6, STM32C031F6P3, STM32C031F6P6, STM32C031G4U3, STM32C031G4U6, STM32C031G6U3, STM32C031G6U6, STM32C031K4T3, STM32C031K4T6, STM32C031K4U3, STM32C031K4U6, STM32C031K6T3, STM32C031K6T6, STM32C031K6U3, STM32C031K6U6, STM32G071K8TXN, STM32G071K8UXN, STM32G081GBU6N, STM32G081KBT6N, STM32G081KBUXN, STM32G0B1CCT6N, STM32G0B1KCT6, STM32G0B1NEY6TR, STM32G0B1RCT6N, STM32G0C1CCT6, STM32G0C1CCT6N, STM32G0C1CCU6N, STM32G0C1CET6N, STM32G0C1CEU6N, STM32G0C1KCT6, STM32G0C1NEY6TR, STM32G0C1RCI6N, STM32G0C1RCT6N, STM32G0C1REI6N, STM32G0C1RET6N, STM32G0C1VCI6, STM32G0C1VEI6, STM32G471CCT6, STM32G471CCU6, STM32G471CET3, STM32G471CET6, STM32G471CEU3, STM32G471CEU6, STM32G471MCT6, STM32G471MET3, STM32G471MET6, STM32G471MEY6TR, STM32G471QCT6, STM32G471QET3, STM32G471RCT6, STM32G471RET3, STM32G471RET6, STM32G471VCH6, STM32G471VCI6, STM32G471VCT6, STM32G471VEH3, STM32G471VEH6, STM32G471VEI3, STM32G471VEI6, STM32G471VET3, STM32G471VET6, STM32G474CCT6, STM32L476VGY6PTR, STM32L4R5QGI6STR, STM32MP131AAE3, STM32MP131AAF3, STM32MP131AAG3, STM32MP131CAE3, STM32MP131CAF3, STM32MP131CAG3, STM32MP131DAE7, STM32MP131DAF7, STM32MP131DAG7, STM32MP131FAE7, STM32MP131FAF7, STM32MP131FAG7, STM32MP133AAE3, STM32MP133AAF3, STM32MP133AAG3, STM32MP133CAE3, STM32MP133CAF3, STM32MP133CAG3, STM32MP133DAE7, STM32MP133DAF7, STM32MP133DAG7, STM32MP133FAE7, STM32MP133FAF7, STM32MP133FAG7, STM32MP135AAE3, STM32MP135AAF3, STM32MP135AAG3, STM32MP135CAE3, STM32MP135CAF3, STM32MP135CAG3, STM32MP135DAE7, STM32MP135DAF7, STM32MP135DAG7, STM32MP135F-DK, STM32MP135FAE7, STM32MP135FAF7, STM32MP135FAG7, STM32U595ZJT6Q, STM32U599BJY6QTR, STM32U599NIH6Q, STM32U599NJH6Q, STM32U5A5ZJT6Q, STM32U5A9BJY6QTR, STM32U5A9NJH6Q, STM32WB1MMCH6]
2022-10-14 23:15:08,411 [INFO] BoardInfo:879 - No configuration file found for board P-NUCLEO-WB55
2022-10-14 23:15:08,412 [INFO] DbBoards:156 - Kit is not supported: P-NUCLEO-WB55
2022-10-14 23:15:08,416 [INFO] BoardInfo:879 - No configuration file found for board STEVAL-BFA001V1B
2022-10-14 23:15:08,416 [INFO] DbBoards:156 - Kit is not supported: STEVAL-BFA001V1B
2022-10-14 23:15:08,417 [INFO] BoardInfo:879 - No configuration file found for board STEVAL-BFA001V2B
2022-10-14 23:15:08,417 [INFO] DbBoards:156 - Kit is not supported: STEVAL-BFA001V2B
2022-10-14 23:15:08,536 [INFO] DbBoards:160 - Found 176 boards, 173 are supported
2022-10-14 23:15:08,542 [INFO] ApiDb:418 - Load user favorites file C:\Users\MyLinh/.stm32cubeide/favorites.boards.txt: 0 item(s)
2022-10-14 23:15:08,542 [INFO] ApiDb:422 - User favorites Boards=[]
2022-10-14 23:15:08,543 [INFO] DbBoards:189 - Set 0 / 0 favorites Boards
2022-10-14 23:15:18,868 [INFO] MainUpdater:2768 - connection check result : 10
2022-10-14 23:15:18,869 [INFO] MainUpdater:2768 - connection check result : 10
2022-10-14 23:15:18,891 [INFO] MicroXplorer:451 - Change Database Path : 
2022-10-14 23:15:18,891 [INFO] MicroXplorer:481 - Change Database Version : DB.6.0.60
2022-10-14 23:15:18,892 [WARN] ThirdParty:827 - waiting for thirdparty lock release [close project]
2022-10-14 23:15:18,893 [INFO] ThirdParty:829 - entering critical section [close project]
2022-10-14 23:15:18,894 [INFO] ThirdParty:839 - exiting critical section [close project]
2022-10-14 23:15:18,898 [INFO] PinOutPanel:1468 - setPackage(No Configuration,No Configuration)
2022-10-14 23:15:18,908 [INFO] UtilMem:74 - Begin LoadConfig() Used Memory: 261208536 Bytes (397410304)
2022-10-14 23:15:18,911 [INFO] MicroXplorer:451 - Change Database Path : 
2022-10-14 23:15:18,911 [INFO] MicroXplorer:481 - Change Database Version : DB.6.0.60
2022-10-14 23:15:18,911 [INFO] OpenFileManager:307 - Change cursor
2022-10-14 23:15:18,953 [INFO] Mcu:1922 - Initializing MCU STM32F103C6Ux STM32F103C6Ux 
2022-10-14 23:15:18,953 [INFO] Mcu:1935 - No CPN specified => set CPN to STM32F103C6U6A
2022-10-14 23:15:19,176 [ERROR] LogOutputStream:74 - [STDERR_REDIRECT] SLF4J: Failed to load class "org.slf4j.impl.StaticLoggerBinder".
2022-10-14 23:15:19,177 [ERROR] LogOutputStream:74 - [STDERR_REDIRECT] SLF4J: Defaulting to no-operation (NOP) logger implementation
2022-10-14 23:15:19,181 [ERROR] LogOutputStream:74 - [STDERR_REDIRECT] SLF4J: See http://www.slf4j.org/codes.html#StaticLoggerBinder for further details.
2022-10-14 23:15:19,846 [INFO] Context:654 - Trying to add GPIOservice into a context  which must be forbidden
2022-10-14 23:15:20,109 [INFO] ImportTextPane:193 - (OptionalMessage_ERROR) Unable to find key (Mcu.ThirdPartyNb) in loaded IOC file
2022-10-14 23:15:20,109 [INFO] ImportTextPane:193 - (OptionalMessage_ERROR) Unable to find key (Mcu.PinsNb) in loaded IOC file
2022-10-14 23:15:20,109 [INFO] ImportTextPane:193 - (OptionalMessage_ERROR) Unable to find key (Mcu.IPNb) in loaded IOC file
2022-10-14 23:15:20,176 [WARN] ApiManager:308 - Cannot register API 'Board Extension:GNSS1A1' from pack STMicroelectronics.X-CUBE-GNSS1.6.0.0: no header file found
2022-10-14 23:15:20,176 [WARN] ApiManager:308 - Cannot register API 'Board Support:Custom' from pack STMicroelectronics.X-CUBE-GNSS1.6.0.0: no header file found
2022-10-14 23:15:20,176 [WARN] ApiManager:308 - Cannot register API 'Data Exchange:lib_gnss' from pack STMicroelectronics.X-CUBE-GNSS1.6.0.0: no header file found
2022-10-14 23:15:20,207 [WARN] ApiManager:308 - Cannot register API 'Wireless:BlueNRG-MS' from pack STMicroelectronics.X-CUBE-BLE1.6.2.3: no header file found
2022-10-14 23:15:20,210 [INFO] RtosManager:488 - Registered RTOS mode: class=CMSIS, group=RTOS, mode=CMSIS_V1, owner=FREERTOS
2022-10-14 23:15:20,210 [INFO] RtosManager:488 - Registered RTOS mode: class=CMSIS, group=RTOS2, mode=CMSIS_V2, owner=FREERTOS
2022-10-14 23:15:20,210 [INFO] RtosManager:488 - Registered RTOS mode: class=RTOS, group=Core, mode=CMSIS_V1, owner=FREERTOS
2022-10-14 23:15:20,211 [INFO] RtosManager:488 - Registered RTOS mode: class=RTOS, group=Core, mode=CMSIS_V2, owner=FREERTOS
2022-10-14 23:15:20,211 [WARN] ModelIntegratedComponent:185 - Missing modes for component STMicroelectronics:FreeRTOS:0.0.1:STMicroelectronics:RTOS:FreeRTOS:Core:::10.2.0:
2022-10-14 23:15:20,219 [WARN] ApiManager:308 - Cannot register API 'Board Extension:S2868A1' from pack STMicroelectronics.X-CUBE-SUBG2.5.0.0: no header file found
2022-10-14 23:15:20,220 [WARN] ApiManager:308 - Cannot register API 'Board Extension:S2868A2' from pack STMicroelectronics.X-CUBE-SUBG2.5.0.0: no header file found
2022-10-14 23:15:20,220 [WARN] ApiManager:308 - Cannot register API 'Board Extension:S2915A1' from pack STMicroelectronics.X-CUBE-SUBG2.5.0.0: no header file found
2022-10-14 23:15:20,225 [WARN] ApiManager:308 - Cannot register API 'Board Extension:NFC04A1' from pack STMicroelectronics.X-CUBE-NFC4.2.0.4: no header file found
2022-10-14 23:15:20,233 [WARN] ModelIntegratedComponent:64 - No mode defined for component null
2022-10-14 23:15:20,234 [WARN] ModelIntegratedComponent:64 - No mode defined for component null
2022-10-14 23:15:20,234 [WARN] ModelIntegratedComponent:64 - No mode defined for component null
2022-10-14 23:15:20,234 [WARN] ModelIntegratedComponent:64 - No mode defined for component null
2022-10-14 23:15:20,234 [WARN] ModelIntegratedComponent:64 - No mode defined for component null
2022-10-14 23:15:20,234 [WARN] ModelIntegratedComponent:64 - No mode defined for component null
2022-10-14 23:15:20,234 [WARN] ModelIntegratedComponent:64 - No mode defined for component null
2022-10-14 23:15:20,234 [WARN] ModelIntegratedComponent:64 - No mode defined for component null
2022-10-14 23:15:20,235 [WARN] ModelIntegratedComponent:64 - No mode defined for component null
2022-10-14 23:15:20,235 [WARN] ModelIntegratedComponent:64 - No mode defined for component null
2022-10-14 23:15:20,235 [WARN] ModelIntegratedComponent:64 - No mode defined for component null
2022-10-14 23:15:20,235 [WARN] ModelIntegratedComponent:64 - No mode defined for component null
2022-10-14 23:15:20,235 [WARN] ModelIntegratedComponent:64 - No mode defined for component null
2022-10-14 23:15:20,235 [WARN] ModelIntegratedComponent:64 - No mode defined for component null
2022-10-14 23:15:20,235 [WARN] ModelIntegratedComponent:64 - No mode defined for component null
2022-10-14 23:15:20,235 [WARN] ModelIntegratedComponent:64 - No mode defined for component null
2022-10-14 23:15:20,235 [WARN] ModelIntegratedComponent:64 - No mode defined for component null
2022-10-14 23:15:20,235 [WARN] ModelIntegratedComponent:64 - No mode defined for component null
2022-10-14 23:15:20,235 [WARN] ModelIntegratedComponent:64 - No mode defined for component null
2022-10-14 23:15:20,235 [WARN] ModelIntegratedComponent:64 - No mode defined for component null
2022-10-14 23:15:20,235 [WARN] ModelIntegratedComponent:64 - No mode defined for component null
2022-10-14 23:15:20,236 [WARN] ModelIntegratedComponent:64 - No mode defined for component null
2022-10-14 23:15:20,236 [WARN] ModelIntegratedComponent:64 - No mode defined for component null
2022-10-14 23:15:20,236 [WARN] ModelIntegratedComponent:64 - No mode defined for component null
2022-10-14 23:15:20,236 [WARN] ModelIntegratedComponent:64 - No mode defined for component null
2022-10-14 23:15:20,236 [WARN] ModelIntegratedComponent:64 - No mode defined for component null
2022-10-14 23:15:20,236 [WARN] ModelIntegratedComponent:64 - No mode defined for component null
2022-10-14 23:15:20,236 [WARN] ModelIntegratedComponent:64 - No mode defined for component null
2022-10-14 23:15:20,236 [WARN] ModelIntegratedComponent:64 - No mode defined for component null
2022-10-14 23:15:20,236 [WARN] ModelIntegratedComponent:64 - No mode defined for component null
2022-10-14 23:15:20,236 [WARN] ModelIntegratedComponent:64 - No mode defined for component null
2022-10-14 23:15:20,236 [WARN] ModelIntegratedComponent:64 - No mode defined for component null
2022-10-14 23:15:20,237 [WARN] ModelIntegratedComponent:64 - No mode defined for component null
2022-10-14 23:15:20,239 [WARN] ApiManager:308 - Cannot register API 'Board Extension:NFC07A1' from pack STMicroelectronics.X-CUBE-NFC7.1.0.0: no header file found
2022-10-14 23:15:20,382 [WARN] ApiManager:308 - Cannot register API 'Board Extension:IKS01A3' from pack STMicroelectronics.X-CUBE-MEMS1.9.3.0: no header file found
2022-10-14 23:15:20,382 [WARN] ApiManager:308 - Cannot register API 'Board Extension:IKS01A2' from pack STMicroelectronics.X-CUBE-MEMS1.9.3.0: no header file found
2022-10-14 23:15:20,383 [WARN] ApiManager:308 - Cannot register API 'Board Extension:IKS02A1' from pack STMicroelectronics.X-CUBE-MEMS1.9.3.0: no header file found
2022-10-14 23:15:20,393 [WARN] ApiManager:308 - Cannot register API 'Board Extension:EEPRMA1' from pack STMicroelectronics.X-CUBE-EEPRMA1.3.1.1: no header file found
2022-10-14 23:15:20,393 [WARN] ApiManager:308 - Cannot register API 'Board Extension:EEPRMA2' from pack STMicroelectronics.X-CUBE-EEPRMA1.3.1.1: no header file found
2022-10-14 23:15:20,394 [WARN] ApiManager:308 - Cannot register API 'Board Extension:S2868A1' from pack STMicroelectronics.X-CUBE-SFXS2LP1.4.0.0: no header file found
2022-10-14 23:15:20,394 [WARN] ApiManager:308 - Cannot register API 'Board Extension:S2868A2' from pack STMicroelectronics.X-CUBE-SFXS2LP1.4.0.0: no header file found
2022-10-14 23:15:20,395 [WARN] ApiManager:308 - Cannot register API 'Board Extension:S2915A1' from pack STMicroelectronics.X-CUBE-SFXS2LP1.4.0.0: no header file found
2022-10-14 23:15:20,395 [WARN] ApiManager:308 - Cannot register API 'Wireless:BlueNRG-2' from pack STMicroelectronics.X-CUBE-BLE2.3.3.0: no header file found
2022-10-14 23:15:20,403 [INFO] ThirdPartyModel:289 - Start build external matchings
2022-10-14 23:15:20,592 [INFO] ThirdPartyModel:302 - End build external matchings
2022-10-14 23:15:20,763 [INFO] UtilMem:74 - End LoadConfig() Used Memory: 260307856 Bytes (397410304)
2022-10-14 23:15:20,784 [WARN] ThirdParty:789 - waiting for thirdparty lock release [change project]
2022-10-14 23:15:20,784 [INFO] ThirdParty:791 - entering critical section [change project]
2022-10-14 23:15:20,785 [INFO] ThirdParty:981 - CMSIS Pack Vendor :RoweBots I-CUBE-UNISONRTOS 5.5.0-4
2022-10-14 23:15:20,785 [INFO] ThirdParty:981 - CMSIS Pack Vendor :STMicroelectronics X-CUBE-GNSS1 6.0.0
2022-10-14 23:15:20,785 [INFO] ThirdParty:981 - CMSIS Pack Vendor :STMicroelectronics X-CUBE-AZRTOS-H7 2.1.0
2022-10-14 23:15:20,785 [INFO] ThirdParty:981 - CMSIS Pack Vendor :STMicroelectronics USB_HOST 2.0.0
2022-10-14 23:15:20,785 [INFO] ThirdParty:981 - CMSIS Pack Vendor :STMicroelectronics X-CUBE-AZRTOS-F4 1.1.0
2022-10-14 23:15:20,785 [INFO] ThirdParty:981 - CMSIS Pack Vendor :STMicroelectronics LIBJPEG 8.0.0
2022-10-14 23:15:20,785 [INFO] ThirdParty:981 - CMSIS Pack Vendor :STMicroelectronics USB_DEVICE 3.0.0
2022-10-14 23:15:20,785 [INFO] ThirdParty:981 - CMSIS Pack Vendor :STMicroelectronics X-CUBE-BLEMGR 1.2.0
2022-10-14 23:15:20,785 [INFO] ThirdParty:981 - CMSIS Pack Vendor :STMicroelectronics X-CUBE-AZRTOS-F7 1.1.0
2022-10-14 23:15:20,786 [INFO] ThirdParty:981 - CMSIS Pack Vendor :STMicroelectronics USB_DEVICE 2.0.0
2022-10-14 23:15:20,786 [INFO] ThirdParty:981 - CMSIS Pack Vendor :STMicroelectronics X-CUBE-BLE1 6.2.3
2022-10-14 23:15:20,786 [INFO] ThirdParty:981 - CMSIS Pack Vendor :STMicroelectronics X-CUBE-ALGOBUILD 1.3.0
2022-10-14 23:15:20,786 [INFO] ThirdParty:981 - CMSIS Pack Vendor :STMicroelectronics FreeRTOS 0.0.1
2022-10-14 23:15:20,786 [INFO] ThirdParty:981 - CMSIS Pack Vendor :STMicroelectronics X-CUBE-AZRTOS-G0 1.1.0
2022-10-14 23:15:20,786 [INFO] ThirdParty:981 - CMSIS Pack Vendor :STMicroelectronics X-CUBE-SUBG2 5.0.0
2022-10-14 23:15:20,786 [INFO] ThirdParty:981 - CMSIS Pack Vendor :STMicroelectronics STM32_WPAN 1.0.0
2022-10-14 23:15:20,786 [INFO] ThirdParty:981 - CMSIS Pack Vendor :SEGGER I-CUBE-embOS 1.2.1
2022-10-14 23:15:20,786 [INFO] ThirdParty:981 - CMSIS Pack Vendor :STMicroelectronics lwIP 2.0.3
2022-10-14 23:15:20,786 [INFO] ThirdParty:981 - CMSIS Pack Vendor :STMicroelectronics X-CUBE-NFC4 2.0.4
2022-10-14 23:15:20,787 [INFO] ThirdParty:981 - CMSIS Pack Vendor :STMicroelectronics USB_HOST 1.0.0
2022-10-14 23:15:20,787 [INFO] ThirdParty:981 - CMSIS Pack Vendor :STMicroelectronics PDM2PCM 3.1.0
2022-10-14 23:15:20,787 [INFO] ThirdParty:981 - CMSIS Pack Vendor :STMicroelectronics FP-ATR-ASTRA1 1.1.1
2022-10-14 23:15:20,787 [INFO] ThirdParty:981 - CMSIS Pack Vendor :STMicroelectronics PDM2PCM 3.3.0
2022-10-14 23:15:20,787 [INFO] ThirdParty:981 - CMSIS Pack Vendor :STMicroelectronics X-CUBE-TOF1 3.1.0
2022-10-14 23:15:20,787 [INFO] ThirdParty:981 - CMSIS Pack Vendor :STMicroelectronics X-CUBE-AZRTOS-G4 1.0.0
2022-10-14 23:15:20,788 [INFO] ThirdParty:981 - CMSIS Pack Vendor :STMicroelectronics X-CUBE-AZRTOS-L4 1.0.0
2022-10-14 23:15:20,788 [INFO] ThirdParty:981 - CMSIS Pack Vendor :wolfSSL I-CUBE-wolfSSL 5.5.1
2022-10-14 23:15:20,788 [INFO] ThirdParty:981 - CMSIS Pack Vendor :STMicroelectronics HAL Drivers 0.0.0
2022-10-14 23:15:20,788 [INFO] ThirdParty:981 - CMSIS Pack Vendor :STMicroelectronics MBEDTLS 2.16.2
2022-10-14 23:15:20,788 [INFO] ThirdParty:981 - CMSIS Pack Vendor :emotas I-CUBE-CANOPEN 1.1.2
2022-10-14 23:15:20,789 [INFO] ThirdParty:981 - CMSIS Pack Vendor :STMicroelectronics X-CUBE-TOUCHGFX 4.20.0
2022-10-14 23:15:20,789 [INFO] ThirdParty:981 - CMSIS Pack Vendor :STMicroelectronics MBEDTLS 2.14.1
2022-10-14 23:15:20,789 [INFO] ThirdParty:981 - CMSIS Pack Vendor :STMicroelectronics X-CUBE-NFC7 1.0.0
2022-10-14 23:15:20,789 [INFO] ThirdParty:981 - CMSIS Pack Vendor :STMicroelectronics X-CUBE-AZRTOS-WL 1.0.0
2022-10-14 23:15:20,789 [INFO] ThirdParty:981 - CMSIS Pack Vendor :STMicroelectronics X-CUBE-MEMS1 9.3.0
2022-10-14 23:15:20,789 [INFO] ThirdParty:981 - CMSIS Pack Vendor :portGmbH I-Cube-SoM-uGOAL 1.1.0
2022-10-14 23:15:20,790 [INFO] ThirdParty:981 - CMSIS Pack Vendor :STMicroelectronics X-CUBE-ALS 1.0.1
2022-10-14 23:15:20,790 [INFO] ThirdParty:981 - CMSIS Pack Vendor :STMicroelectronics X-CUBE-AI 7.2.0
2022-10-14 23:15:20,790 [INFO] ThirdParty:981 - CMSIS Pack Vendor :STMicroelectronics ThreadX 1.0.0
2022-10-14 23:15:20,790 [INFO] ThirdParty:981 - CMSIS Pack Vendor :STMicroelectronics X-CUBE-AZRTOS-L5 1.0.0
2022-10-14 23:15:20,790 [INFO] ThirdParty:981 - CMSIS Pack Vendor :STMicroelectronics USB_DEVICE 1.0.0
2022-10-14 23:15:20,790 [INFO] ThirdParty:981 - CMSIS Pack Vendor :STMicroelectronics X-CUBE-EEPRMA1 3.1.1
2022-10-14 23:15:20,791 [INFO] ThirdParty:981 - CMSIS Pack Vendor :STMicroelectronics ThreadX 0.0.2
2022-10-14 23:15:20,791 [INFO] ThirdParty:981 - CMSIS Pack Vendor :STMicroelectronics lwIP 2.1.2
2022-10-14 23:15:20,791 [INFO] ThirdParty:981 - CMSIS Pack Vendor :STMicroelectronics X-CUBE-SFXS2LP1 4.0.0
2022-10-14 23:15:20,791 [INFO] ThirdParty:981 - CMSIS Pack Vendor :STMicroelectronics X-CUBE-BLE2 3.3.0
2022-10-14 23:15:20,791 [INFO] ThirdParty:981 - CMSIS Pack Vendor :STMicroelectronics X-CUBE-DISPLAY 2.2.0
2022-10-14 23:15:20,791 [INFO] ThirdParty:981 - CMSIS Pack Vendor :STMicroelectronics PDM2PCM 3.2.0
2022-10-14 23:15:20,792 [INFO] ThirdParty:981 - CMSIS Pack Vendor :STMicroelectronics X-CUBE-ISPU 1.0.0
2022-10-14 23:15:20,792 [INFO] ThirdParty:797 - exiting critical section [change project]
2022-10-14 23:15:21,087 [INFO] PinOutPanel:1468 - setPackage(No Configuration,No Configuration)
2022-10-14 23:15:21,090 [INFO] PinOutPanel:1468 - setPackage(STM32F103C6Ux,UFQFPN48)
2022-10-14 23:15:21,616 [INFO] UtilMem:74 - Before build in PCC Used Memory: 177743968 Bytes (397410304)
2022-10-14 23:15:22,331 [INFO] UtilMem:74 - After build in PCC Used Memory: 167977576 Bytes (397410304)
2022-10-14 23:15:22,352 [INFO] IPUIPlugin:79 - create IPUIPlugin
2022-10-14 23:15:22,352 [INFO] IPUIPlugin:79 - create IPUIPlugin
2022-10-14 23:15:22,353 [INFO] IPUIPlugin:79 - create IPUIPlugin
2022-10-14 23:15:22,353 [INFO] IPUIPlugin:79 - create IPUIPlugin
2022-10-14 23:15:22,353 [INFO] IPUIPlugin:79 - create IPUIPlugin
2022-10-14 23:15:22,353 [INFO] IPUIPlugin:79 - create IPUIPlugin
2022-10-14 23:15:22,354 [INFO] IPUIPlugin:79 - create IPUIPlugin
2022-10-14 23:15:22,354 [INFO] IPUIPlugin:79 - create IPUIPlugin
2022-10-14 23:15:22,354 [INFO] IPUIPlugin:79 - create IPUIPlugin
2022-10-14 23:15:22,354 [INFO] IPUIPlugin:79 - create IPUIPlugin
2022-10-14 23:15:22,355 [INFO] IPUIPlugin:79 - create IPUIPlugin
2022-10-14 23:15:22,355 [INFO] IPUIPlugin:79 - create IPUIPlugin
2022-10-14 23:15:22,355 [INFO] IPUIPlugin:79 - create IPUIPlugin
2022-10-14 23:15:22,356 [INFO] IPUIPlugin:79 - create IPUIPlugin
2022-10-14 23:15:22,356 [INFO] IPUIPlugin:79 - create IPUIPlugin
2022-10-14 23:15:22,356 [INFO] IPUIPlugin:79 - create IPUIPlugin
2022-10-14 23:15:22,357 [INFO] IPUIPlugin:79 - create IPUIPlugin
2022-10-14 23:15:22,357 [INFO] IPUIPlugin:79 - create IPUIPlugin
2022-10-14 23:15:22,357 [INFO] IPUIPlugin:79 - create IPUIPlugin
2022-10-14 23:15:22,358 [INFO] IPUIPlugin:79 - create IPUIPlugin
2022-10-14 23:15:22,358 [INFO] IPUIPlugin:79 - create IPUIPlugin
2022-10-14 23:15:22,358 [INFO] IPUIPlugin:79 - create IPUIPlugin
2022-10-14 23:15:22,359 [INFO] IPUIPlugin:79 - create IPUIPlugin
2022-10-14 23:15:22,608 [INFO] OpenFileManager:327 - Restore cursor
2022-10-14 23:15:23,141 [INFO] UtilMem:74 - End SaveConfig() Used Memory: 273355824 Bytes (397410304)
2022-10-14 23:15:23,191 [INFO] UtilMem:74 - End SaveConfig() Used Memory: 283352240 Bytes (397410304)
2022-10-14 23:15:23,715 [INFO] BlockDiagram:2753 - set Specific Code input for plugin: NVIC
2022-10-14 23:15:23,715 [INFO] BlockDiagram:2753 - set Specific Code input for plugin: RCC
2022-10-14 23:15:23,717 [INFO] CodeGenerator:690 - code generatio: config db path: C:\ST\STM32CubeIDE_1.7.0\STM32CubeIDE\plugins\com.st.stm32cube.common.mx_6.6.1.202207061420\\db\
2022-10-14 23:15:24,006 [INFO] CodeEngine:245 - oldGeneratedFile, D:\Microcontroller\LAB\LAB1\Bai9\STM\Bai9\MXTmpFiles\license.tmp_save
2022-10-14 23:15:24,456 [INFO] CodeEngine:269 - Generated code: D:\Microcontroller\LAB\LAB1\Bai9\STM\Bai9\MXTmpFiles\license.tmp
2022-10-14 23:15:24,467 [INFO] CodeEngine:245 - oldGeneratedFile, D:\Microcontroller\LAB\LAB1\Bai9\STM\Bai9\Core\Src\stm32f1xx_it.c_save
2022-10-14 23:15:24,631 [INFO] CodeEngine:269 - Generated code: D:\Microcontroller\LAB\LAB1\Bai9\STM\Bai9\Core\Src\stm32f1xx_it.c
2022-10-14 23:15:24,635 [INFO] CodeEngine:245 - oldGeneratedFile, D:\Microcontroller\LAB\LAB1\Bai9\STM\Bai9\Core\Inc\stm32f1xx_it.h_save
2022-10-14 23:15:24,710 [INFO] CodeEngine:269 - Generated code: D:\Microcontroller\LAB\LAB1\Bai9\STM\Bai9\Core\Inc\stm32f1xx_it.h
2022-10-14 23:15:24,793 [INFO] CodeEngine:245 - oldGeneratedFile, D:\Microcontroller\LAB\LAB1\Bai9\STM\Bai9\Core\Src\stm32f1xx_hal_msp.c_save
2022-10-14 23:15:24,938 [INFO] CodeEngine:269 - Generated code: D:\Microcontroller\LAB\LAB1\Bai9\STM\Bai9\Core\Src\stm32f1xx_hal_msp.c
2022-10-14 23:15:24,942 [INFO] CodeEngine:245 - oldGeneratedFile, D:\Microcontroller\LAB\LAB1\Bai9\STM\Bai9\MXTmpFiles\system.tmp_save
2022-10-14 23:15:25,016 [INFO] CodeEngine:269 - Generated code: D:\Microcontroller\LAB\LAB1\Bai9\STM\Bai9\MXTmpFiles\system.tmp
2022-10-14 23:15:25,025 [INFO] CodeEngine:245 - oldGeneratedFile, D:\Microcontroller\LAB\LAB1\Bai9\STM\Bai9\Core\Inc\stm32f1xx_hal_conf.h_save
2022-10-14 23:15:25,173 [INFO] CodeEngine:269 - Generated code: D:\Microcontroller\LAB\LAB1\Bai9\STM\Bai9\Core\Inc\stm32f1xx_hal_conf.h
2022-10-14 23:15:25,253 [INFO] CodeEngine:245 - oldGeneratedFile, D:\Microcontroller\LAB\LAB1\Bai9\STM\Bai9\Core\Inc\main.h_save
2022-10-14 23:15:25,406 [INFO] CodeEngine:269 - Generated code: D:\Microcontroller\LAB\LAB1\Bai9\STM\Bai9\Core\Inc\main.h
2022-10-14 23:15:25,408 [INFO] CodeEngine:245 - oldGeneratedFile, D:\Microcontroller\LAB\LAB1\Bai9\STM\Bai9\Core\Src\main.c_save
2022-10-14 23:15:25,562 [INFO] CodeEngine:269 - Generated code: D:\Microcontroller\LAB\LAB1\Bai9\STM\Bai9\Core\Src\main.c
2022-10-14 23:15:26,522 [INFO] ProjectBuilder:2919 - Time for Copy HAL[1] : 191mS.
2022-10-14 23:15:26,537 [INFO] ProjectBuilder:4117 - Project Generator version: 3.17.1
2022-10-14 23:15:26,897 [INFO] ConfigFileManager:1394 - The Die is : DIE412
2022-10-14 23:15:26,913 [INFO] ApiDbMcu:505 - Load IP Config File for FATFS
2022-10-14 23:15:26,924 [INFO] ApiDbMcu:505 - Load IP Config File for FREERTOS
2022-10-14 23:15:26,949 [INFO] ApiDbMcu:505 - Load IP Config File for USB_DEVICE
2022-10-14 23:15:29,202 [INFO] ProjectBuilder:4285 - Time for Generating toolchain IDE Files: 2665mS.
2022-10-14 23:15:29,203 [INFO] ProjectBuilder:2790 - Time for Copy CMSIS : 0mS.
2022-10-14 23:15:29,205 [INFO] ProjectBuilder:2790 - Time for Copy CMSIS : 0mS.
2022-10-14 23:15:29,991 [INFO] McuFinderGlobals:57 - Set McuFinderConnectedMode to true
2022-10-14 23:15:29,993 [INFO] ApiDb:443 - Save user favorites file C:\Users\MyLinh/.stm32cubeide/favorites.mcus.txt: 1 item(s)
2022-10-14 23:15:29,993 [INFO] ApiDb:447 - User favorites MCUs=[STM32F103C6U6A]
