2022-10-14 23:14:00,450 [INFO] Activator:177 - 


2022-10-14 23:14:00,452 [INFO] Activator:178 - !SESSION log4j initialized
2022-10-14 23:14:05,267 [INFO] McuFinderGlobals:44 - Set McuFinder mode to 2 (CubeIDE integrated)
2022-10-14 23:14:05,385 [INFO] ApplicationProperties:181 - Using Application install path: C:\ST\STM32CubeIDE_1.7.0\STM32CubeIDE\plugins\com.st.stm32cube.common.mx_6.6.1.202207061420
2022-10-14 23:14:05,401 [INFO] DbMcusXml:77 - Set database path to: C:\ST\STM32CubeIDE_1.7.0\STM32CubeIDE\plugins\com.st.stm32cube.common.mx_6.6.1.202207061420\\db\/mcu/
2022-10-14 23:14:05,401 [INFO] ApiDb:269 - Set plugin database path to: C:\ST\STM32CubeIDE_1.7.0\STM32CubeIDE\plugins\com.st.stm32cube.common.mx_6.6.1.202207061420\\db\/plugins/boardmanager/
2022-10-14 23:14:05,403 [WARN] ApiDb:254 - Overriding images path with different value:  => C:\ST\STM32CubeIDE_1.7.0\STM32CubeIDE\plugins\com.st.stm32cube.common.mx_6.6.1.202207061420\\db\/plugins/mcufinder/images/
2022-10-14 23:14:05,416 [INFO] ApiDb:249 - Set database path to: C:\Users\MyLinh\.stmcufinder\plugins\mcufinder//mcu/
2022-10-14 23:14:05,418 [INFO] DbMcusAds:124 - Set database path to: C:\Users\MyLinh\.stmcufinder\plugins\mcufinder//mcu/
2022-10-14 23:14:05,420 [INFO] CrossReferenceDbSqlite:201 - Set database path to: C:\Users\MyLinh\.stmcufinder\plugins\mcufinder//mcu/cs/
2022-10-14 23:14:05,522 [INFO] RulesReader:61 - Compatibility file has been processed (282 Rules)
2022-10-14 23:14:05,603 [INFO] DbMcusXml:77 - Set database path to: C:\ST\STM32CubeIDE_1.7.0\STM32CubeIDE\plugins\com.st.stm32cube.common.mx_6.6.1.202207061420\\db\/mcu/
2022-10-14 23:14:05,603 [INFO] ApiDb:269 - Set plugin database path to: C:\ST\STM32CubeIDE_1.7.0\STM32CubeIDE\plugins\com.st.stm32cube.common.mx_6.6.1.202207061420\\db\/plugins/boardmanager/
2022-10-14 23:14:05,604 [INFO] ApiDb:256 - Set plugin images path to: C:\ST\STM32CubeIDE_1.7.0\STM32CubeIDE\plugins\com.st.stm32cube.common.mx_6.6.1.202207061420\\db\/plugins/mcufinder/images/
2022-10-14 23:14:05,604 [WARN] DbFile:40 - Overriding database path with different value: C:\Users\MyLinh\.stmcufinder\plugins\mcufinder/ => C:\Users\MyLinh\.stmcufinder\plugins\mcufinder
2022-10-14 23:14:05,604 [INFO] ApiDb:249 - Set database path to: C:\Users\MyLinh\.stmcufinder\plugins\mcufinder//mcu/
2022-10-14 23:14:05,604 [WARN] DbFile:40 - Overriding database path with different value: C:\Users\MyLinh\.stmcufinder\plugins\mcufinder/ => C:\Users\MyLinh\.stmcufinder\plugins\mcufinder
2022-10-14 23:14:05,605 [INFO] DbMcusAds:124 - Set database path to: C:\Users\MyLinh\.stmcufinder\plugins\mcufinder//mcu/
2022-10-14 23:14:05,606 [WARN] DbFile:40 - Overriding database path with different value: C:\Users\MyLinh\.stmcufinder\plugins\mcufinder/ => C:\Users\MyLinh\.stmcufinder\plugins\mcufinder
2022-10-14 23:14:05,606 [WARN] DbFile:40 - Overriding database path with different value: C:\Users\MyLinh\.stmcufinder\plugins\mcufinder/ => C:\Users\MyLinh\.stmcufinder\plugins\mcufinder
2022-10-14 23:14:05,606 [INFO] CrossReferenceDbSqlite:201 - Set database path to: C:\Users\MyLinh\.stmcufinder\plugins\mcufinder//mcu/cs/
2022-10-14 23:14:05,689 [INFO] MainPanel:242 - HeapMemory: 268435456
2022-10-14 23:14:05,776 [INFO] DbMcusXml:77 - Set database path to: C:\ST\STM32CubeIDE_1.7.0\STM32CubeIDE\plugins\com.st.stm32cube.common.mx_6.6.1.202207061420\\db\/mcu/
2022-10-14 23:14:05,776 [INFO] ApiDb:269 - Set plugin database path to: C:\ST\STM32CubeIDE_1.7.0\STM32CubeIDE\plugins\com.st.stm32cube.common.mx_6.6.1.202207061420\\db\/plugins/boardmanager/
2022-10-14 23:14:05,777 [INFO] ApiDb:256 - Set plugin images path to: C:\ST\STM32CubeIDE_1.7.0\STM32CubeIDE\plugins\com.st.stm32cube.common.mx_6.6.1.202207061420\\db\/plugins/mcufinder/images/
2022-10-14 23:14:05,777 [WARN] DbFile:40 - Overriding database path with different value: C:\Users\MyLinh\.stmcufinder\plugins\mcufinder/ => C:\Users\MyLinh\.stmcufinder\plugins\mcufinder
2022-10-14 23:14:05,777 [INFO] ApiDb:249 - Set database path to: C:\Users\MyLinh\.stmcufinder\plugins\mcufinder//mcu/
2022-10-14 23:14:05,778 [WARN] DbFile:40 - Overriding database path with different value: C:\Users\MyLinh\.stmcufinder\plugins\mcufinder/ => C:\Users\MyLinh\.stmcufinder\plugins\mcufinder
2022-10-14 23:14:05,778 [INFO] DbMcusAds:124 - Set database path to: C:\Users\MyLinh\.stmcufinder\plugins\mcufinder//mcu/
2022-10-14 23:14:05,778 [WARN] DbFile:40 - Overriding database path with different value: C:\Users\MyLinh\.stmcufinder\plugins\mcufinder/ => C:\Users\MyLinh\.stmcufinder\plugins\mcufinder
2022-10-14 23:14:05,778 [WARN] DbFile:40 - Overriding database path with different value: C:\Users\MyLinh\.stmcufinder\plugins\mcufinder/ => C:\Users\MyLinh\.stmcufinder\plugins\mcufinder
2022-10-14 23:14:05,778 [INFO] CrossReferenceDbSqlite:201 - Set database path to: C:\Users\MyLinh\.stmcufinder\plugins\mcufinder//mcu/cs/
2022-10-14 23:14:05,797 [INFO] ApplicationProperties:181 - Using Application install path: C:\ST\STM32CubeIDE_1.7.0\STM32CubeIDE\plugins\com.st.stm32cube.common.mx_6.6.1.202207061420
2022-10-14 23:14:05,799 [INFO] PluginManage:193 - Search for loadable plugins [exclusion list=, ]
2022-10-14 23:14:05,800 [INFO] PluginManage:307 - Check plugin analytics
2022-10-14 23:14:05,936 [INFO] AnalyticsPlugin:262 - Accepted Software Licenses: 
2022-10-14 23:14:05,936 [INFO] AnalyticsPlugin:264 - Accepted CMSIS Pack Licenses: 
2022-10-14 23:14:05,937 [INFO] AnalyticsPlugin:266 - Accepted Firmware Licenses: 
2022-10-14 23:14:05,947 [INFO] PluginManage:356 - Loaded plugin analytics (category:tool,tabindex:-1)
2022-10-14 23:14:05,947 [INFO] PluginManage:307 - Check plugin cadmodel
2022-10-14 23:14:05,951 [INFO] CADModel:65 - Init CAD model plugin
2022-10-14 23:14:05,952 [INFO] PluginManage:356 - Loaded plugin cadmodel (category:power,tabindex:5)
2022-10-14 23:14:05,952 [INFO] PluginManage:307 - Check plugin clock
2022-10-14 23:14:05,966 [INFO] PluginManage:356 - Loaded plugin clock (category:base,tabindex:2)
2022-10-14 23:14:05,966 [INFO] PluginManage:307 - Check plugin ddr
2022-10-14 23:14:05,968 [INFO] PluginManage:356 - Loaded plugin ddr (category:tool,tabindex:6)
2022-10-14 23:14:05,968 [INFO] PluginManage:307 - Check plugin filemanager
2022-10-14 23:14:06,129 [INFO] PluginManage:356 - Loaded plugin filemanager (category:base,tabindex:10)
2022-10-14 23:14:06,129 [INFO] PluginManage:307 - Check plugin ipmanager
2022-10-14 23:14:06,136 [INFO] PluginManage:356 - Loaded plugin ipmanager (category:base,tabindex:5)
2022-10-14 23:14:06,137 [INFO] PluginManage:307 - Check plugin lpbam
2022-10-14 23:14:06,144 [INFO] PluginManage:356 - Loaded plugin lpbam (category:base,tabindex:0)
2022-10-14 23:14:06,144 [INFO] PluginManage:307 - Check plugin pinoutandconfiguration
2022-10-14 23:14:06,150 [INFO] PluginManage:356 - Loaded plugin pinoutandconfiguration (category:base,tabindex:1)
2022-10-14 23:14:06,150 [INFO] PluginManage:307 - Check plugin pinoutconfig
2022-10-14 23:14:06,181 [INFO] PluginManage:356 - Loaded plugin pinoutconfig (category:base,tabindex:0)
2022-10-14 23:14:06,182 [INFO] PluginManage:307 - Check plugin power
2022-10-14 23:14:06,189 [INFO] PluginManage:356 - Loaded plugin power (category:power,tabindex:4)
2022-10-14 23:14:06,189 [INFO] PluginManage:307 - Check plugin projectmanager
2022-10-14 23:14:06,204 [INFO] PluginManage:356 - Loaded plugin projectmanager (category:projectmanager,tabindex:3)
2022-10-14 23:14:06,204 [INFO] PluginManage:307 - Check plugin thirdparty
2022-10-14 23:14:06,333 [WARN] IntegrityCheckThread:82 - waiting for thirdparty lock release [integrity check]
2022-10-14 23:14:06,333 [INFO] PluginManage:356 - Loaded plugin thirdparty (category:base,tabindex:-1)
2022-10-14 23:14:06,333 [INFO] IntegrityCheckThread:84 - entering critical section [integrity check]
2022-10-14 23:14:06,333 [INFO] PluginManage:307 - Check plugin tools
2022-10-14 23:14:06,336 [INFO] ThirdPartyUpdaterWithRetryManager:70 - Updater plugin not ready yet. [1/15]
2022-10-14 23:14:06,336 [INFO] PluginManage:356 - Loaded plugin tools (category:base,tabindex:7)
2022-10-14 23:14:06,336 [INFO] PluginManage:307 - Check plugin tutovideos
2022-10-14 23:14:06,536 [INFO] PluginManage:356 - Loaded plugin tutovideos (category:base,tabindex:-1)
2022-10-14 23:14:06,536 [INFO] PluginManage:307 - Check plugin updater
2022-10-14 23:14:06,548 [INFO] PluginManage:356 - Loaded plugin updater (category:base,tabindex:12)
2022-10-14 23:14:06,549 [INFO] PluginManage:280 - PluginManage : Loaded plugins [15]
2022-10-14 23:14:06,778 [INFO] PinOutPanel:1468 - setPackage(No Configuration,No Configuration)
2022-10-14 23:14:06,853 [INFO] CADModel:98 - CPN selected for project level
2022-10-14 23:14:06,871 [INFO] IPUIPlugin:79 - create IPUIPlugin
2022-10-14 23:14:06,871 [INFO] PluginManager:217 - loadIPPluginJar : add adc
2022-10-14 23:14:06,874 [INFO] IPUIPlugin:79 - create IPUIPlugin
2022-10-14 23:14:06,875 [INFO] PluginManager:217 - loadIPPluginJar : add aes
2022-10-14 23:14:06,879 [INFO] IPUIPlugin:79 - create IPUIPlugin
2022-10-14 23:14:06,879 [INFO] PluginManager:217 - loadIPPluginJar : add can
2022-10-14 23:14:06,882 [INFO] IPUIPlugin:79 - create IPUIPlugin
2022-10-14 23:14:06,882 [INFO] PluginManager:217 - loadIPPluginJar : add comp
2022-10-14 23:14:06,887 [INFO] IPUIPlugin:79 - create IPUIPlugin
2022-10-14 23:14:06,887 [INFO] PluginManager:217 - loadIPPluginJar : add cryp
2022-10-14 23:14:06,890 [INFO] IPUIPlugin:79 - create IPUIPlugin
2022-10-14 23:14:06,891 [INFO] PluginManager:217 - loadIPPluginJar : add dfsdm
2022-10-14 23:14:06,897 [INFO] IPUIPlugin:79 - create IPUIPlugin
2022-10-14 23:14:06,898 [INFO] PluginManager:217 - loadIPPluginJar : add dma
2022-10-14 23:14:06,901 [INFO] IPUIPlugin:79 - create IPUIPlugin
2022-10-14 23:14:06,901 [INFO] PluginManager:217 - loadIPPluginJar : add dma3
2022-10-14 23:14:06,903 [INFO] IPUIPlugin:79 - create IPUIPlugin
2022-10-14 23:14:06,903 [INFO] PluginManager:217 - loadIPPluginJar : add fatfs
2022-10-14 23:14:06,909 [INFO] IPUIPlugin:79 - create IPUIPlugin
2022-10-14 23:14:06,910 [INFO] PluginManager:217 - loadIPPluginJar : add fmc
2022-10-14 23:14:06,918 [INFO] IPUIPlugin:79 - create IPUIPlugin
2022-10-14 23:14:06,919 [INFO] PluginManager:217 - loadIPPluginJar : add freertos
2022-10-14 23:14:06,920 [INFO] IPUIPlugin:79 - create IPUIPlugin
2022-10-14 23:14:06,921 [INFO] PluginManager:217 - loadIPPluginJar : add genericplugin
2022-10-14 23:14:06,923 [INFO] IPUIPlugin:79 - create IPUIPlugin
2022-10-14 23:14:06,924 [INFO] PluginManager:217 - loadIPPluginJar : add gfxmmu
2022-10-14 23:14:06,929 [INFO] IPUIPlugin:79 - create IPUIPlugin
2022-10-14 23:14:06,930 [INFO] PluginManager:217 - loadIPPluginJar : add gic
2022-10-14 23:14:06,934 [INFO] IPUIPlugin:79 - create IPUIPlugin
2022-10-14 23:14:06,934 [INFO] PluginManager:217 - loadIPPluginJar : add gpio
2022-10-14 23:14:06,936 [INFO] IPUIPlugin:79 - create IPUIPlugin
2022-10-14 23:14:06,936 [INFO] PluginManager:217 - loadIPPluginJar : add gtzc
2022-10-14 23:14:06,938 [INFO] IPUIPlugin:79 - create IPUIPlugin
2022-10-14 23:14:06,939 [INFO] PluginManager:217 - loadIPPluginJar : add hash
2022-10-14 23:14:06,941 [INFO] IPUIPlugin:79 - create IPUIPlugin
2022-10-14 23:14:06,941 [INFO] PluginManager:217 - loadIPPluginJar : add i2c
2022-10-14 23:14:06,944 [INFO] IPUIPlugin:79 - create IPUIPlugin
2022-10-14 23:14:06,944 [INFO] PluginManager:217 - loadIPPluginJar : add i2s
2022-10-14 23:14:06,947 [INFO] IPUIPlugin:79 - create IPUIPlugin
2022-10-14 23:14:06,947 [INFO] PluginManager:217 - loadIPPluginJar : add ipddr
2022-10-14 23:14:06,954 [INFO] IPUIPlugin:79 - create IPUIPlugin
2022-10-14 23:14:06,954 [INFO] PluginManager:217 - loadIPPluginJar : add linkedlist
2022-10-14 23:14:06,956 [INFO] IPUIPlugin:79 - create IPUIPlugin
2022-10-14 23:14:06,956 [INFO] PluginManager:217 - loadIPPluginJar : add lorawan
2022-10-14 23:14:06,959 [INFO] IPUIPlugin:79 - create IPUIPlugin
2022-10-14 23:14:06,959 [INFO] PluginManager:217 - loadIPPluginJar : add ltdc
2022-10-14 23:14:06,964 [INFO] IPUIPlugin:79 - create IPUIPlugin
2022-10-14 23:14:06,965 [INFO] PluginManager:217 - loadIPPluginJar : add mdma
2022-10-14 23:14:06,968 [INFO] IPUIPlugin:79 - create IPUIPlugin
2022-10-14 23:14:06,968 [INFO] PluginManager:217 - loadIPPluginJar : add nvic
2022-10-14 23:14:06,972 [INFO] IPUIPlugin:79 - create IPUIPlugin
2022-10-14 23:14:06,972 [INFO] PluginManager:217 - loadIPPluginJar : add opamp
2022-10-14 23:14:06,976 [INFO] IPUIPlugin:79 - create IPUIPlugin
2022-10-14 23:14:06,976 [INFO] PluginManager:217 - loadIPPluginJar : add openamp
2022-10-14 23:14:06,980 [INFO] IPUIPlugin:79 - create IPUIPlugin
2022-10-14 23:14:06,980 [INFO] PluginManager:217 - loadIPPluginJar : add pdm2pcm
2022-10-14 23:14:06,989 [INFO] IPUIPlugin:79 - create IPUIPlugin
2022-10-14 23:14:06,993 [INFO] PluginManager:217 - loadIPPluginJar : add plateformsettings
2022-10-14 23:14:06,995 [INFO] IPUIPlugin:79 - create IPUIPlugin
2022-10-14 23:14:06,996 [INFO] PluginManager:217 - loadIPPluginJar : add quadspi
2022-10-14 23:14:07,000 [INFO] IPUIPlugin:79 - create IPUIPlugin
2022-10-14 23:14:07,000 [INFO] PluginManager:217 - loadIPPluginJar : add resmgrutility
2022-10-14 23:14:07,004 [INFO] IPUIPlugin:79 - create IPUIPlugin
2022-10-14 23:14:07,004 [INFO] PluginManager:217 - loadIPPluginJar : add sai
2022-10-14 23:14:07,007 [INFO] IPUIPlugin:79 - create IPUIPlugin
2022-10-14 23:14:07,007 [INFO] PluginManager:217 - loadIPPluginJar : add spi
2022-10-14 23:14:07,013 [INFO] IPUIPlugin:79 - create IPUIPlugin
2022-10-14 23:14:07,013 [INFO] PluginManager:217 - loadIPPluginJar : add stm32_wpan
2022-10-14 23:14:07,015 [INFO] IPUIPlugin:79 - create IPUIPlugin
2022-10-14 23:14:07,016 [INFO] PluginManager:217 - loadIPPluginJar : add tim
2022-10-14 23:14:07,020 [INFO] IPUIPlugin:79 - create IPUIPlugin
2022-10-14 23:14:07,020 [INFO] PluginManager:217 - loadIPPluginJar : add touchsensing
2022-10-14 23:14:07,024 [INFO] IPUIPlugin:79 - create IPUIPlugin
2022-10-14 23:14:07,024 [INFO] PluginManager:217 - loadIPPluginJar : add tracer_emb
2022-10-14 23:14:07,026 [INFO] IPUIPlugin:79 - create IPUIPlugin
2022-10-14 23:14:07,026 [INFO] PluginManager:217 - loadIPPluginJar : add ts
2022-10-14 23:14:07,028 [INFO] IPUIPlugin:79 - create IPUIPlugin
2022-10-14 23:14:07,028 [INFO] PluginManager:217 - loadIPPluginJar : add tsc
2022-10-14 23:14:07,030 [INFO] IPUIPlugin:79 - create IPUIPlugin
2022-10-14 23:14:07,031 [INFO] PluginManager:217 - loadIPPluginJar : add ucpd
2022-10-14 23:14:07,034 [INFO] IPUIPlugin:79 - create IPUIPlugin
2022-10-14 23:14:07,035 [INFO] PluginManager:217 - loadIPPluginJar : add usart
2022-10-14 23:14:07,038 [INFO] IPUIPlugin:79 - create IPUIPlugin
2022-10-14 23:14:07,038 [INFO] PluginManager:217 - loadIPPluginJar : add usbx
2022-10-14 23:14:07,297 [FATAL] Updater:301 - Updater called before beeing initialized
2022-10-14 23:14:07,415 [FATAL] Updater:301 - Updater called before beeing initialized
2022-10-14 23:14:07,423 [INFO] DbMcusAds:52 - JSON generation date=Thu Sep 30 13:55:09 ICT 2021 (1632984909247)
2022-10-14 23:14:07,423 [FATAL] Updater:301 - Updater called before beeing initialized
2022-10-14 23:14:07,455 [WARN] DetailPanel:344 - Failed to get advertising image, set to default
2022-10-14 23:14:07,554 [FATAL] Updater:301 - Updater called before beeing initialized
2022-10-14 23:14:07,555 [FATAL] Updater:301 - Updater called before beeing initialized
2022-10-14 23:14:07,556 [FATAL] Updater:301 - Updater called before beeing initialized
2022-10-14 23:14:07,556 [WARN] DetailPanel:344 - Failed to get advertising image, set to default
2022-10-14 23:14:07,557 [FATAL] Updater:301 - Updater called before beeing initialized
2022-10-14 23:14:07,598 [ERROR] Updater:1105 - MainUpdater not yet initialized. External WinMGr cannot be set.
2022-10-14 23:14:07,599 [INFO] Updater:1041 - Updater Version found : 6.6.1
2022-10-14 23:14:07,614 [INFO] ApplicationProperties:181 - Using Application install path: C:\ST\STM32CubeIDE_1.7.0\STM32CubeIDE\plugins\com.st.stm32cube.common.mx_6.6.1.202207061420
2022-10-14 23:14:07,693 [INFO] MainUpdater:2768 - connection check result : 10
2022-10-14 23:14:07,694 [INFO] MainUpdater:280 - Updater Check For Update Now.
2022-10-14 23:14:07,694 [INFO] MicroXplorer:481 - Change Database Version : DB.6.0.60
2022-10-14 23:14:07,909 [INFO] CheckServerUpdateThread:119 - End of CheckServer Thread
2022-10-14 23:14:08,107 [INFO] MainUpdater:2768 - connection check result : 10
2022-10-14 23:14:08,293 [INFO] McuFinderGlobals:57 - Set McuFinderConnectedMode to true
2022-10-14 23:14:08,303 [INFO] MultiScanPanel:195 - Auto-refresh data requested => check proxy status ongoing
2022-10-14 23:14:08,306 [INFO] FinderPluginLoader:92 - Searching for filters in installed packs
2022-10-14 23:14:08,393 [INFO] ApiDb:576 - Connected to CubeFinder SQLite database (C:\Users\MyLinh\.stmcufinder\plugins\mcufinder\mcu\cube-finder-db.db)
2022-10-14 23:14:08,417 [INFO] ApiDb:663 - CubeFinder database Data Model version=2.1
2022-10-14 23:14:08,417 [INFO] ApiDb:664 - CubeFinder database Configuration version=3.0.32
2022-10-14 23:14:08,417 [INFO] ApiDb:665 - CubeFinder database generation date=2022-08-05 (1659688109)
2022-10-14 23:14:08,418 [INFO] ApiDb:666 - CubeFinder database FW Pack versions=[STM32Cube_FW_C0_V1.0.0, STM32Cube_FW_F4_V1.27.1, STM32Cube_FW_F7_V1.17.0, STM32Cube_FW_G0_V1.6.1, STM32Cube_FW_G4_V1.5.0, STM32Cube_FW_H7_V1.10.0, STM32Cube_FW_L5_V1.4.0, STM32Cube_FW_U5_V1.1.1, STM32Cube_FW_WB_V1.14.1, STM32Cube_FW_WL_V1.2.0, X-CUBE-ALGOBUILD_V1.3.0, X-CUBE-ALS_V1.0.1, X-CUBE-AZRTOS-F4_V1.1.0, X-CUBE-AZRTOS-F7_V1.1.0, X-CUBE-AZRTOS-G0_V1.1.0, X-CUBE-AZRTOS-G4_V1.0.0, X-CUBE-AZRTOS-H7_V2.1.0, X-CUBE-AZRTOS-L4_V1.0.0, X-CUBE-AZRTOS-L5_V1.0.0, X-CUBE-AZRTOS-WL_V1.0.0, X-CUBE-BLE1_V6.2.3, X-CUBE-BLE2_V3.3.0, X-CUBE-EEPRMA1_V3.1.1, X-CUBE-GNSS1_V6.0.0, X-CUBE-MEMS1_V9.1.0, X-CUBE-MEMS1_V9.3.0, X-CUBE-NFC4_V2.0.4, X-CUBE-NFC7_V1.0.0, X-CUBE-SFXS2LP1_V4.0.0, X-CUBE-SUBG2_V5.0.0]
2022-10-14 23:14:09,454 [WARN] PackLoader:242 - Cannot read IP mode file for STMicroelectronics.X-CUBE-GNSS1.6.0.0
2022-10-14 23:14:09,501 [WARN] PackLoader:242 - Cannot read IP mode file for STMicroelectronics.X-CUBE-AZRTOS-F4.1.1.0
2022-10-14 23:14:09,525 [WARN] PackLoader:242 - Cannot read IP mode file for STMicroelectronics.X-CUBE-BLEMGR.1.2.0
2022-10-14 23:14:09,565 [WARN] PackLoader:242 - Cannot read IP mode file for STMicroelectronics.X-CUBE-AZRTOS-F7.1.1.0
2022-10-14 23:14:09,582 [WARN] PackLoader:242 - Cannot read IP mode file for STMicroelectronics.X-CUBE-BLE1.6.2.3
2022-10-14 23:14:09,591 [WARN] PackLoader:242 - Cannot read IP mode file for STMicroelectronics.X-CUBE-NFC4.2.0.4
2022-10-14 23:14:09,645 [WARN] PackLoader:242 - Cannot read IP mode file for STMicroelectronics.X-CUBE-TOF1.3.1.0
2022-10-14 23:14:09,658 [WARN] PackLoader:242 - Cannot read IP mode file for wolfSSL.I-CUBE-wolfSSL.5.5.1
2022-10-14 23:14:09,665 [WARN] PackLoader:242 - Cannot read IP mode file for STMicroelectronics.X-CUBE-NFC7.1.0.0
2022-10-14 23:14:09,722 [WARN] PackLoader:242 - Cannot read IP mode file for STMicroelectronics.X-CUBE-MEMS1.9.3.0
2022-10-14 23:14:09,870 [WARN] PackLoader:242 - Cannot read IP mode file for STMicroelectronics.X-CUBE-AI.7.2.0
2022-10-14 23:14:09,879 [WARN] PackLoader:242 - Cannot read IP mode file for STMicroelectronics.X-CUBE-SFXS2LP1.4.0.0
2022-10-14 23:14:09,886 [WARN] PackLoader:242 - Cannot read IP mode file for STMicroelectronics.X-CUBE-BLE2.3.3.0
2022-10-14 23:14:09,897 [WARN] PackLoader:242 - Cannot read IP mode file for STMicroelectronics.X-CUBE-DISPLAY.2.2.0
2022-10-14 23:14:09,912 [WARN] PackLoader:242 - Cannot read IP mode file for STMicroelectronics.X-CUBE-ISPU.1.0.0
2022-10-14 23:14:09,921 [WARN] PackLoader:242 - Cannot read IP mode file for RoweBots.I-CUBE-UNISONRTOS.5.5.0-4
2022-10-14 23:14:09,940 [WARN] PackLoader:242 - Cannot read IP mode file for STMicroelectronics.X-CUBE-AZRTOS-H7.2.1.0
2022-10-14 23:14:09,948 [WARN] PackLoader:242 - Cannot read IP mode file for STMicroelectronics.X-CUBE-ALGOBUILD.1.3.0
2022-10-14 23:14:09,969 [WARN] PackLoader:242 - Cannot read IP mode file for STMicroelectronics.X-CUBE-AZRTOS-G0.1.1.0
2022-10-14 23:14:09,983 [WARN] PackLoader:242 - Cannot read IP mode file for STMicroelectronics.X-CUBE-SUBG2.5.0.0
2022-10-14 23:14:10,031 [WARN] PackLoader:242 - Cannot read IP mode file for SEGGER.I-CUBE-embOS.1.2.1
2022-10-14 23:14:10,071 [WARN] PackLoader:242 - Cannot read IP mode file for STMicroelectronics.FP-ATR-ASTRA1.1.1.1
2022-10-14 23:14:10,082 [WARN] PackLoader:242 - Cannot read IP mode file for STMicroelectronics.X-CUBE-AZRTOS-G4.1.0.0
2022-10-14 23:14:10,099 [WARN] PackLoader:242 - Cannot read IP mode file for STMicroelectronics.X-CUBE-AZRTOS-L4.1.0.0
2022-10-14 23:14:10,109 [WARN] PackLoader:242 - Cannot read IP mode file for emotas.I-CUBE-CANOPEN.1.1.2
2022-10-14 23:14:10,119 [WARN] PackLoader:242 - Cannot read IP mode file for STMicroelectronics.X-CUBE-TOUCHGFX.4.20.0
2022-10-14 23:14:10,131 [WARN] PackLoader:242 - Cannot read IP mode file for STMicroelectronics.X-CUBE-AZRTOS-WL.1.0.0
2022-10-14 23:14:10,137 [WARN] PackLoader:242 - Cannot read IP mode file for portGmbH.I-Cube-SoM-uGOAL.1.1.0
2022-10-14 23:14:10,141 [WARN] PackLoader:242 - Cannot read IP mode file for STMicroelectronics.X-CUBE-ALS.1.0.1
2022-10-14 23:14:10,154 [WARN] PackLoader:242 - Cannot read IP mode file for STMicroelectronics.X-CUBE-AZRTOS-L5.1.0.0
2022-10-14 23:14:10,161 [WARN] PackLoader:242 - Cannot read IP mode file for STMicroelectronics.X-CUBE-EEPRMA1.3.1.1
2022-10-14 23:14:10,163 [INFO] ThirdParty:929 - Integrity check success = true
2022-10-14 23:14:10,163 [INFO] IntegrityCheckThread:98 - exiting critical section [integrity check]
2022-10-14 23:14:10,163 [INFO] IntegrityCheckThread:101 - End integrity checks thread
2022-10-14 23:14:10,326 [INFO] ApiDb:239 - Found 138 in-development CPN: [B-WB1M-WPAN1, NUCLEO-C031C6, STEVAL-STWINBX1, STM320518-EVAL, STM32C0116-DK, STM32C011D6Y3TR, STM32C011D6Y6TR, STM32C011F4P3, STM32C011F4P6, STM32C011F4U3, STM32C011F4U6TR, STM32C011F6P3, STM32C011F6P6, STM32C011F6U3, STM32C011F6U6TR, STM32C011J4M3, STM32C011J4M6, STM32C011J6M3, STM32C011J6M6, STM32C0316-DK, STM32C031C4T3, STM32C031C4T6, STM32C031C4U3, STM32C031C4U6, STM32C031C6T3, STM32C031C6T6, STM32C031C6U3, STM32C031C6U6, STM32C031F4P3, STM32C031F4P6, STM32C031F6P3, STM32C031F6P6, STM32C031G4U3, STM32C031G4U6, STM32C031G6U3, STM32C031G6U6, STM32C031K4T3, STM32C031K4T6, STM32C031K4U3, STM32C031K4U6, STM32C031K6T3, STM32C031K6T6, STM32C031K6U3, STM32C031K6U6, STM32G071K8TXN, STM32G071K8UXN, STM32G081GBU6N, STM32G081KBT6N, STM32G081KBUXN, STM32G0B1CCT6N, STM32G0B1KCT6, STM32G0B1NEY6TR, STM32G0B1RCT6N, STM32G0C1CCT6, STM32G0C1CCT6N, STM32G0C1CCU6N, STM32G0C1CET6N, STM32G0C1CEU6N, STM32G0C1KCT6, STM32G0C1NEY6TR, STM32G0C1RCI6N, STM32G0C1RCT6N, STM32G0C1REI6N, STM32G0C1RET6N, STM32G0C1VCI6, STM32G0C1VEI6, STM32G471CCT6, STM32G471CCU6, STM32G471CET3, STM32G471CET6, STM32G471CEU3, STM32G471CEU6, STM32G471MCT6, STM32G471MET3, STM32G471MET6, STM32G471MEY6TR, STM32G471QCT6, STM32G471QET3, STM32G471RCT6, STM32G471RET3, STM32G471RET6, STM32G471VCH6, STM32G471VCI6, STM32G471VCT6, STM32G471VEH3, STM32G471VEH6, STM32G471VEI3, STM32G471VEI6, STM32G471VET3, STM32G471VET6, STM32G474CCT6, STM32L476VGY6PTR, STM32L4R5QGI6STR, STM32MP131AAE3, STM32MP131AAF3, STM32MP131AAG3, STM32MP131CAE3, STM32MP131CAF3, STM32MP131CAG3, STM32MP131DAE7, STM32MP131DAF7, STM32MP131DAG7, STM32MP131FAE7, STM32MP131FAF7, STM32MP131FAG7, STM32MP133AAE3, STM32MP133AAF3, STM32MP133AAG3, STM32MP133CAE3, STM32MP133CAF3, STM32MP133CAG3, STM32MP133DAE7, STM32MP133DAF7, STM32MP133DAG7, STM32MP133FAE7, STM32MP133FAF7, STM32MP133FAG7, STM32MP135AAE3, STM32MP135AAF3, STM32MP135AAG3, STM32MP135CAE3, STM32MP135CAF3, STM32MP135CAG3, STM32MP135DAE7, STM32MP135DAF7, STM32MP135DAG7, STM32MP135F-DK, STM32MP135FAE7, STM32MP135FAF7, STM32MP135FAG7, STM32U595ZJT6Q, STM32U599BJY6QTR, STM32U599NIH6Q, STM32U599NJH6Q, STM32U5A5ZJT6Q, STM32U5A9BJY6QTR, STM32U5A9NJH6Q, STM32WB1MMCH6]
2022-10-14 23:14:10,330 [INFO] DbMcus:215 - Found 3542 MCUs, 3542 are supported
2022-10-14 23:14:10,332 [INFO] ApiDb:418 - Load user favorites file C:\Users\MyLinh/.stm32cubeide/favorites.mcus.txt: 1 item(s)
2022-10-14 23:14:10,332 [INFO] ApiDb:422 - User favorites MCUs=[STM32F103C6U6A]
2022-10-14 23:14:10,333 [INFO] DbMcus:221 - Set 1 / 1 favorites MCUs
2022-10-14 23:14:11,608 [INFO] LoadUrlFilesThread:177 - End of LoadServerUrlFiles without Thread
2022-10-14 23:14:11,616 [INFO] DetailPanel:339 - Set advertising image to C:/Users/MyLinh/STM32Cube/Repository/\en.Prom_NBSTM32U50921.jpg
2022-10-14 23:14:12,202 [INFO] ToolPreferences:109 - Table McuList, key=mcufinder_cubeide.mculist: column name not found=IO
2022-10-14 23:14:12,202 [INFO] ToolPreferences:109 - Table McuList, key=mcufinder_cubeide.mculist: column name not found=Freq.
2022-10-14 23:14:12,203 [INFO] MultiScanPanel:778 - Auto Refresh Data is not needed
2022-10-14 23:14:12,212 [INFO] ApiDb:663 - CubeFinder database Data Model version=2.1
2022-10-14 23:14:12,213 [INFO] ApiDb:664 - CubeFinder database Configuration version=3.0.32
2022-10-14 23:14:12,213 [INFO] ApiDb:665 - CubeFinder database generation date=2022-08-05 (1659688109)
2022-10-14 23:14:12,213 [INFO] ApiDb:666 - CubeFinder database FW Pack versions=[STM32Cube_FW_C0_V1.0.0, STM32Cube_FW_F4_V1.27.1, STM32Cube_FW_F7_V1.17.0, STM32Cube_FW_G0_V1.6.1, STM32Cube_FW_G4_V1.5.0, STM32Cube_FW_H7_V1.10.0, STM32Cube_FW_L5_V1.4.0, STM32Cube_FW_U5_V1.1.1, STM32Cube_FW_WB_V1.14.1, STM32Cube_FW_WL_V1.2.0, X-CUBE-ALGOBUILD_V1.3.0, X-CUBE-ALS_V1.0.1, X-CUBE-AZRTOS-F4_V1.1.0, X-CUBE-AZRTOS-F7_V1.1.0, X-CUBE-AZRTOS-G0_V1.1.0, X-CUBE-AZRTOS-G4_V1.0.0, X-CUBE-AZRTOS-H7_V2.1.0, X-CUBE-AZRTOS-L4_V1.0.0, X-CUBE-AZRTOS-L5_V1.0.0, X-CUBE-AZRTOS-WL_V1.0.0, X-CUBE-BLE1_V6.2.3, X-CUBE-BLE2_V3.3.0, X-CUBE-EEPRMA1_V3.1.1, X-CUBE-GNSS1_V6.0.0, X-CUBE-MEMS1_V9.1.0, X-CUBE-MEMS1_V9.3.0, X-CUBE-NFC4_V2.0.4, X-CUBE-NFC7_V1.0.0, X-CUBE-SFXS2LP1_V4.0.0, X-CUBE-SUBG2_V5.0.0]
2022-10-14 23:14:12,281 [INFO] DbBoardsSqlite:227 - include board P-NUCLEO-WB55-NUCLEO as a kit item of type 'Nucleo-64'
2022-10-14 23:14:12,282 [INFO] DbBoardsSqlite:227 - include board P-NUCLEO-WB55-USBDONGLE as a kit item of type 'Nucleo USB Dongle'
2022-10-14 23:14:12,282 [INFO] DbBoardsSqlite:227 - include board STEVAL-IDP005V1 as a kit item of type 'Evaluation Board'
2022-10-14 23:14:12,282 [INFO] DbBoardsSqlite:227 - include board STEVAL-IDP005V2 as a kit item of type 'Evaluation Board'
2022-10-14 23:14:12,292 [INFO] ApiDb:239 - Found 138 in-development CPN: [B-WB1M-WPAN1, NUCLEO-C031C6, STEVAL-STWINBX1, STM320518-EVAL, STM32C0116-DK, STM32C011D6Y3TR, STM32C011D6Y6TR, STM32C011F4P3, STM32C011F4P6, STM32C011F4U3, STM32C011F4U6TR, STM32C011F6P3, STM32C011F6P6, STM32C011F6U3, STM32C011F6U6TR, STM32C011J4M3, STM32C011J4M6, STM32C011J6M3, STM32C011J6M6, STM32C0316-DK, STM32C031C4T3, STM32C031C4T6, STM32C031C4U3, STM32C031C4U6, STM32C031C6T3, STM32C031C6T6, STM32C031C6U3, STM32C031C6U6, STM32C031F4P3, STM32C031F4P6, STM32C031F6P3, STM32C031F6P6, STM32C031G4U3, STM32C031G4U6, STM32C031G6U3, STM32C031G6U6, STM32C031K4T3, STM32C031K4T6, STM32C031K4U3, STM32C031K4U6, STM32C031K6T3, STM32C031K6T6, STM32C031K6U3, STM32C031K6U6, STM32G071K8TXN, STM32G071K8UXN, STM32G081GBU6N, STM32G081KBT6N, STM32G081KBUXN, STM32G0B1CCT6N, STM32G0B1KCT6, STM32G0B1NEY6TR, STM32G0B1RCT6N, STM32G0C1CCT6, STM32G0C1CCT6N, STM32G0C1CCU6N, STM32G0C1CET6N, STM32G0C1CEU6N, STM32G0C1KCT6, STM32G0C1NEY6TR, STM32G0C1RCI6N, STM32G0C1RCT6N, STM32G0C1REI6N, STM32G0C1RET6N, STM32G0C1VCI6, STM32G0C1VEI6, STM32G471CCT6, STM32G471CCU6, STM32G471CET3, STM32G471CET6, STM32G471CEU3, STM32G471CEU6, STM32G471MCT6, STM32G471MET3, STM32G471MET6, STM32G471MEY6TR, STM32G471QCT6, STM32G471QET3, STM32G471RCT6, STM32G471RET3, STM32G471RET6, STM32G471VCH6, STM32G471VCI6, STM32G471VCT6, STM32G471VEH3, STM32G471VEH6, STM32G471VEI3, STM32G471VEI6, STM32G471VET3, STM32G471VET6, STM32G474CCT6, STM32L476VGY6PTR, STM32L4R5QGI6STR, STM32MP131AAE3, STM32MP131AAF3, STM32MP131AAG3, STM32MP131CAE3, STM32MP131CAF3, STM32MP131CAG3, STM32MP131DAE7, STM32MP131DAF7, STM32MP131DAG7, STM32MP131FAE7, STM32MP131FAF7, STM32MP131FAG7, STM32MP133AAE3, STM32MP133AAF3, STM32MP133AAG3, STM32MP133CAE3, STM32MP133CAF3, STM32MP133CAG3, STM32MP133DAE7, STM32MP133DAF7, STM32MP133DAG7, STM32MP133FAE7, STM32MP133FAF7, STM32MP133FAG7, STM32MP135AAE3, STM32MP135AAF3, STM32MP135AAG3, STM32MP135CAE3, STM32MP135CAF3, STM32MP135CAG3, STM32MP135DAE7, STM32MP135DAF7, STM32MP135DAG7, STM32MP135F-DK, STM32MP135FAE7, STM32MP135FAF7, STM32MP135FAG7, STM32U595ZJT6Q, STM32U599BJY6QTR, STM32U599NIH6Q, STM32U599NJH6Q, STM32U5A5ZJT6Q, STM32U5A9BJY6QTR, STM32U5A9NJH6Q, STM32WB1MMCH6]
2022-10-14 23:14:12,411 [INFO] BoardInfo:879 - No configuration file found for board P-NUCLEO-WB55
2022-10-14 23:14:12,412 [INFO] DbBoards:156 - Kit is not supported: P-NUCLEO-WB55
2022-10-14 23:14:12,416 [INFO] BoardInfo:879 - No configuration file found for board STEVAL-BFA001V1B
2022-10-14 23:14:12,416 [INFO] DbBoards:156 - Kit is not supported: STEVAL-BFA001V1B
2022-10-14 23:14:12,417 [INFO] BoardInfo:879 - No configuration file found for board STEVAL-BFA001V2B
2022-10-14 23:14:12,417 [INFO] DbBoards:156 - Kit is not supported: STEVAL-BFA001V2B
2022-10-14 23:14:12,547 [INFO] DbBoards:160 - Found 176 boards, 173 are supported
2022-10-14 23:14:12,552 [INFO] ApiDb:418 - Load user favorites file C:\Users\MyLinh/.stm32cubeide/favorites.boards.txt: 0 item(s)
2022-10-14 23:14:12,553 [INFO] ApiDb:422 - User favorites Boards=[]
2022-10-14 23:14:12,553 [INFO] DbBoards:189 - Set 0 / 0 favorites Boards
2022-10-14 23:14:22,885 [INFO] MainUpdater:2768 - connection check result : 10
2022-10-14 23:14:22,886 [INFO] MainUpdater:2768 - connection check result : 10
2022-10-14 23:14:22,906 [INFO] MicroXplorer:451 - Change Database Path : 
2022-10-14 23:14:22,907 [INFO] MicroXplorer:481 - Change Database Version : DB.6.0.60
2022-10-14 23:14:22,908 [WARN] ThirdParty:827 - waiting for thirdparty lock release [close project]
2022-10-14 23:14:22,908 [INFO] ThirdParty:829 - entering critical section [close project]
2022-10-14 23:14:22,909 [INFO] ThirdParty:839 - exiting critical section [close project]
2022-10-14 23:14:22,925 [INFO] PinOutPanel:1468 - setPackage(No Configuration,No Configuration)
2022-10-14 23:14:22,937 [INFO] UtilMem:74 - Begin LoadConfig() Used Memory: 171664032 Bytes (334495744)
2022-10-14 23:14:22,938 [INFO] MicroXplorer:451 - Change Database Path : 
2022-10-14 23:14:22,938 [INFO] MicroXplorer:481 - Change Database Version : DB.6.0.60
2022-10-14 23:14:22,939 [INFO] OpenFileManager:307 - Change cursor
2022-10-14 23:14:22,968 [INFO] Mcu:1922 - Initializing MCU STM32F103C6Ux STM32F103C6Ux 
2022-10-14 23:14:22,970 [INFO] Mcu:1935 - No CPN specified => set CPN to STM32F103C6U6A
2022-10-14 23:14:23,787 [ERROR] LogOutputStream:74 - [STDERR_REDIRECT] SLF4J: Failed to load class "org.slf4j.impl.StaticLoggerBinder".
2022-10-14 23:14:23,789 [ERROR] LogOutputStream:74 - [STDERR_REDIRECT] SLF4J: Defaulting to no-operation (NOP) logger implementation
2022-10-14 23:14:23,790 [ERROR] LogOutputStream:74 - [STDERR_REDIRECT] SLF4J: See http://www.slf4j.org/codes.html#StaticLoggerBinder for further details.
2022-10-14 23:14:23,934 [INFO] Context:654 - Trying to add GPIOservice into a context  which must be forbidden
2022-10-14 23:14:24,141 [INFO] ImportTextPane:193 - (OptionalMessage_ERROR) Unable to find key (Mcu.ThirdPartyNb) in loaded IOC file
2022-10-14 23:14:24,141 [INFO] ImportTextPane:193 - (OptionalMessage_ERROR) Unable to find key (Mcu.PinsNb) in loaded IOC file
2022-10-14 23:14:24,141 [INFO] ImportTextPane:193 - (OptionalMessage_ERROR) Unable to find key (Mcu.IPNb) in loaded IOC file
2022-10-14 23:14:24,196 [WARN] ApiManager:308 - Cannot register API 'Board Extension:GNSS1A1' from pack STMicroelectronics.X-CUBE-GNSS1.6.0.0: no header file found
2022-10-14 23:14:24,196 [WARN] ApiManager:308 - Cannot register API 'Board Support:Custom' from pack STMicroelectronics.X-CUBE-GNSS1.6.0.0: no header file found
2022-10-14 23:14:24,196 [WARN] ApiManager:308 - Cannot register API 'Data Exchange:lib_gnss' from pack STMicroelectronics.X-CUBE-GNSS1.6.0.0: no header file found
2022-10-14 23:14:24,212 [WARN] ApiManager:308 - Cannot register API 'Wireless:BlueNRG-MS' from pack STMicroelectronics.X-CUBE-BLE1.6.2.3: no header file found
2022-10-14 23:14:24,214 [INFO] RtosManager:488 - Registered RTOS mode: class=CMSIS, group=RTOS, mode=CMSIS_V1, owner=FREERTOS
2022-10-14 23:14:24,216 [INFO] RtosManager:488 - Registered RTOS mode: class=CMSIS, group=RTOS2, mode=CMSIS_V2, owner=FREERTOS
2022-10-14 23:14:24,216 [INFO] RtosManager:488 - Registered RTOS mode: class=RTOS, group=Core, mode=CMSIS_V1, owner=FREERTOS
2022-10-14 23:14:24,216 [INFO] RtosManager:488 - Registered RTOS mode: class=RTOS, group=Core, mode=CMSIS_V2, owner=FREERTOS
2022-10-14 23:14:24,216 [WARN] ModelIntegratedComponent:185 - Missing modes for component STMicroelectronics:FreeRTOS:0.0.1:STMicroelectronics:RTOS:FreeRTOS:Core:::10.2.0:
2022-10-14 23:14:24,222 [WARN] ApiManager:308 - Cannot register API 'Board Extension:S2868A1' from pack STMicroelectronics.X-CUBE-SUBG2.5.0.0: no header file found
2022-10-14 23:14:24,222 [WARN] ApiManager:308 - Cannot register API 'Board Extension:S2868A2' from pack STMicroelectronics.X-CUBE-SUBG2.5.0.0: no header file found
2022-10-14 23:14:24,222 [WARN] ApiManager:308 - Cannot register API 'Board Extension:S2915A1' from pack STMicroelectronics.X-CUBE-SUBG2.5.0.0: no header file found
2022-10-14 23:14:24,230 [WARN] ApiManager:308 - Cannot register API 'Board Extension:NFC04A1' from pack STMicroelectronics.X-CUBE-NFC4.2.0.4: no header file found
2022-10-14 23:14:24,239 [WARN] ModelIntegratedComponent:64 - No mode defined for component null
2022-10-14 23:14:24,239 [WARN] ModelIntegratedComponent:64 - No mode defined for component null
2022-10-14 23:14:24,239 [WARN] ModelIntegratedComponent:64 - No mode defined for component null
2022-10-14 23:14:24,240 [WARN] ModelIntegratedComponent:64 - No mode defined for component null
2022-10-14 23:14:24,240 [WARN] ModelIntegratedComponent:64 - No mode defined for component null
2022-10-14 23:14:24,240 [WARN] ModelIntegratedComponent:64 - No mode defined for component null
2022-10-14 23:14:24,240 [WARN] ModelIntegratedComponent:64 - No mode defined for component null
2022-10-14 23:14:24,240 [WARN] ModelIntegratedComponent:64 - No mode defined for component null
2022-10-14 23:14:24,240 [WARN] ModelIntegratedComponent:64 - No mode defined for component null
2022-10-14 23:14:24,240 [WARN] ModelIntegratedComponent:64 - No mode defined for component null
2022-10-14 23:14:24,240 [WARN] ModelIntegratedComponent:64 - No mode defined for component null
2022-10-14 23:14:24,240 [WARN] ModelIntegratedComponent:64 - No mode defined for component null
2022-10-14 23:14:24,240 [WARN] ModelIntegratedComponent:64 - No mode defined for component null
2022-10-14 23:14:24,240 [WARN] ModelIntegratedComponent:64 - No mode defined for component null
2022-10-14 23:14:24,240 [WARN] ModelIntegratedComponent:64 - No mode defined for component null
2022-10-14 23:14:24,240 [WARN] ModelIntegratedComponent:64 - No mode defined for component null
2022-10-14 23:14:24,240 [WARN] ModelIntegratedComponent:64 - No mode defined for component null
2022-10-14 23:14:24,241 [WARN] ModelIntegratedComponent:64 - No mode defined for component null
2022-10-14 23:14:24,241 [WARN] ModelIntegratedComponent:64 - No mode defined for component null
2022-10-14 23:14:24,241 [WARN] ModelIntegratedComponent:64 - No mode defined for component null
2022-10-14 23:14:24,241 [WARN] ModelIntegratedComponent:64 - No mode defined for component null
2022-10-14 23:14:24,241 [WARN] ModelIntegratedComponent:64 - No mode defined for component null
2022-10-14 23:14:24,241 [WARN] ModelIntegratedComponent:64 - No mode defined for component null
2022-10-14 23:14:24,241 [WARN] ModelIntegratedComponent:64 - No mode defined for component null
2022-10-14 23:14:24,241 [WARN] ModelIntegratedComponent:64 - No mode defined for component null
2022-10-14 23:14:24,241 [WARN] ModelIntegratedComponent:64 - No mode defined for component null
2022-10-14 23:14:24,241 [WARN] ModelIntegratedComponent:64 - No mode defined for component null
2022-10-14 23:14:24,241 [WARN] ModelIntegratedComponent:64 - No mode defined for component null
2022-10-14 23:14:24,241 [WARN] ModelIntegratedComponent:64 - No mode defined for component null
2022-10-14 23:14:24,241 [WARN] ModelIntegratedComponent:64 - No mode defined for component null
2022-10-14 23:14:24,242 [WARN] ModelIntegratedComponent:64 - No mode defined for component null
2022-10-14 23:14:24,242 [WARN] ModelIntegratedComponent:64 - No mode defined for component null
2022-10-14 23:14:24,242 [WARN] ModelIntegratedComponent:64 - No mode defined for component null
2022-10-14 23:14:24,244 [WARN] ApiManager:308 - Cannot register API 'Board Extension:NFC07A1' from pack STMicroelectronics.X-CUBE-NFC7.1.0.0: no header file found
2022-10-14 23:14:24,401 [WARN] ApiManager:308 - Cannot register API 'Board Extension:IKS01A3' from pack STMicroelectronics.X-CUBE-MEMS1.9.3.0: no header file found
2022-10-14 23:14:24,401 [WARN] ApiManager:308 - Cannot register API 'Board Extension:IKS01A2' from pack STMicroelectronics.X-CUBE-MEMS1.9.3.0: no header file found
2022-10-14 23:14:24,401 [WARN] ApiManager:308 - Cannot register API 'Board Extension:IKS02A1' from pack STMicroelectronics.X-CUBE-MEMS1.9.3.0: no header file found
2022-10-14 23:14:24,412 [WARN] ApiManager:308 - Cannot register API 'Board Extension:EEPRMA1' from pack STMicroelectronics.X-CUBE-EEPRMA1.3.1.1: no header file found
2022-10-14 23:14:24,412 [WARN] ApiManager:308 - Cannot register API 'Board Extension:EEPRMA2' from pack STMicroelectronics.X-CUBE-EEPRMA1.3.1.1: no header file found
2022-10-14 23:14:24,413 [WARN] ApiManager:308 - Cannot register API 'Board Extension:S2868A1' from pack STMicroelectronics.X-CUBE-SFXS2LP1.4.0.0: no header file found
2022-10-14 23:14:24,414 [WARN] ApiManager:308 - Cannot register API 'Board Extension:S2868A2' from pack STMicroelectronics.X-CUBE-SFXS2LP1.4.0.0: no header file found
2022-10-14 23:14:24,414 [WARN] ApiManager:308 - Cannot register API 'Board Extension:S2915A1' from pack STMicroelectronics.X-CUBE-SFXS2LP1.4.0.0: no header file found
2022-10-14 23:14:24,415 [WARN] ApiManager:308 - Cannot register API 'Wireless:BlueNRG-2' from pack STMicroelectronics.X-CUBE-BLE2.3.3.0: no header file found
2022-10-14 23:14:24,425 [INFO] ThirdPartyModel:289 - Start build external matchings
2022-10-14 23:14:24,589 [INFO] ThirdPartyModel:302 - End build external matchings
2022-10-14 23:14:24,757 [INFO] UtilMem:74 - End LoadConfig() Used Memory: 214838888 Bytes (334495744)
2022-10-14 23:14:24,778 [WARN] ThirdParty:789 - waiting for thirdparty lock release [change project]
2022-10-14 23:14:24,778 [INFO] ThirdParty:791 - entering critical section [change project]
2022-10-14 23:14:24,778 [INFO] ThirdParty:981 - CMSIS Pack Vendor :RoweBots I-CUBE-UNISONRTOS 5.5.0-4
2022-10-14 23:14:24,780 [INFO] ThirdParty:981 - CMSIS Pack Vendor :STMicroelectronics X-CUBE-GNSS1 6.0.0
2022-10-14 23:14:24,781 [INFO] ThirdParty:981 - CMSIS Pack Vendor :STMicroelectronics X-CUBE-AZRTOS-H7 2.1.0
2022-10-14 23:14:24,781 [INFO] ThirdParty:981 - CMSIS Pack Vendor :STMicroelectronics USB_HOST 2.0.0
2022-10-14 23:14:24,781 [INFO] ThirdParty:981 - CMSIS Pack Vendor :STMicroelectronics X-CUBE-AZRTOS-F4 1.1.0
2022-10-14 23:14:24,782 [INFO] ThirdParty:981 - CMSIS Pack Vendor :STMicroelectronics LIBJPEG 8.0.0
2022-10-14 23:14:24,782 [INFO] ThirdParty:981 - CMSIS Pack Vendor :STMicroelectronics USB_DEVICE 3.0.0
2022-10-14 23:14:24,782 [INFO] ThirdParty:981 - CMSIS Pack Vendor :STMicroelectronics X-CUBE-BLEMGR 1.2.0
2022-10-14 23:14:24,782 [INFO] ThirdParty:981 - CMSIS Pack Vendor :STMicroelectronics X-CUBE-AZRTOS-F7 1.1.0
2022-10-14 23:14:24,784 [INFO] ThirdParty:981 - CMSIS Pack Vendor :STMicroelectronics USB_DEVICE 2.0.0
2022-10-14 23:14:24,784 [INFO] ThirdParty:981 - CMSIS Pack Vendor :STMicroelectronics X-CUBE-BLE1 6.2.3
2022-10-14 23:14:24,784 [INFO] ThirdParty:981 - CMSIS Pack Vendor :STMicroelectronics X-CUBE-ALGOBUILD 1.3.0
2022-10-14 23:14:24,784 [INFO] ThirdParty:981 - CMSIS Pack Vendor :STMicroelectronics FreeRTOS 0.0.1
2022-10-14 23:14:24,784 [INFO] ThirdParty:981 - CMSIS Pack Vendor :STMicroelectronics X-CUBE-AZRTOS-G0 1.1.0
2022-10-14 23:14:24,785 [INFO] ThirdParty:981 - CMSIS Pack Vendor :STMicroelectronics X-CUBE-SUBG2 5.0.0
2022-10-14 23:14:24,785 [INFO] ThirdParty:981 - CMSIS Pack Vendor :STMicroelectronics STM32_WPAN 1.0.0
2022-10-14 23:14:24,785 [INFO] ThirdParty:981 - CMSIS Pack Vendor :SEGGER I-CUBE-embOS 1.2.1
2022-10-14 23:14:24,785 [INFO] ThirdParty:981 - CMSIS Pack Vendor :STMicroelectronics lwIP 2.0.3
2022-10-14 23:14:24,785 [INFO] ThirdParty:981 - CMSIS Pack Vendor :STMicroelectronics X-CUBE-NFC4 2.0.4
2022-10-14 23:14:24,785 [INFO] ThirdParty:981 - CMSIS Pack Vendor :STMicroelectronics USB_HOST 1.0.0
2022-10-14 23:14:24,785 [INFO] ThirdParty:981 - CMSIS Pack Vendor :STMicroelectronics PDM2PCM 3.1.0
2022-10-14 23:14:24,785 [INFO] ThirdParty:981 - CMSIS Pack Vendor :STMicroelectronics FP-ATR-ASTRA1 1.1.1
2022-10-14 23:14:24,786 [INFO] ThirdParty:981 - CMSIS Pack Vendor :STMicroelectronics PDM2PCM 3.3.0
2022-10-14 23:14:24,786 [INFO] ThirdParty:981 - CMSIS Pack Vendor :STMicroelectronics X-CUBE-TOF1 3.1.0
2022-10-14 23:14:24,786 [INFO] ThirdParty:981 - CMSIS Pack Vendor :STMicroelectronics X-CUBE-AZRTOS-G4 1.0.0
2022-10-14 23:14:24,786 [INFO] ThirdParty:981 - CMSIS Pack Vendor :STMicroelectronics X-CUBE-AZRTOS-L4 1.0.0
2022-10-14 23:14:24,786 [INFO] ThirdParty:981 - CMSIS Pack Vendor :wolfSSL I-CUBE-wolfSSL 5.5.1
2022-10-14 23:14:24,786 [INFO] ThirdParty:981 - CMSIS Pack Vendor :STMicroelectronics HAL Drivers 0.0.0
2022-10-14 23:14:24,786 [INFO] ThirdParty:981 - CMSIS Pack Vendor :STMicroelectronics MBEDTLS 2.16.2
2022-10-14 23:14:24,786 [INFO] ThirdParty:981 - CMSIS Pack Vendor :emotas I-CUBE-CANOPEN 1.1.2
2022-10-14 23:14:24,786 [INFO] ThirdParty:981 - CMSIS Pack Vendor :STMicroelectronics X-CUBE-TOUCHGFX 4.20.0
2022-10-14 23:14:24,786 [INFO] ThirdParty:981 - CMSIS Pack Vendor :STMicroelectronics MBEDTLS 2.14.1
2022-10-14 23:14:24,787 [INFO] ThirdParty:981 - CMSIS Pack Vendor :STMicroelectronics X-CUBE-NFC7 1.0.0
2022-10-14 23:14:24,787 [INFO] ThirdParty:981 - CMSIS Pack Vendor :STMicroelectronics X-CUBE-AZRTOS-WL 1.0.0
2022-10-14 23:14:24,787 [INFO] ThirdParty:981 - CMSIS Pack Vendor :STMicroelectronics X-CUBE-MEMS1 9.3.0
2022-10-14 23:14:24,787 [INFO] ThirdParty:981 - CMSIS Pack Vendor :portGmbH I-Cube-SoM-uGOAL 1.1.0
2022-10-14 23:14:24,787 [INFO] ThirdParty:981 - CMSIS Pack Vendor :STMicroelectronics X-CUBE-ALS 1.0.1
2022-10-14 23:14:24,787 [INFO] ThirdParty:981 - CMSIS Pack Vendor :STMicroelectronics X-CUBE-AI 7.2.0
2022-10-14 23:14:24,787 [INFO] ThirdParty:981 - CMSIS Pack Vendor :STMicroelectronics ThreadX 1.0.0
2022-10-14 23:14:24,787 [INFO] ThirdParty:981 - CMSIS Pack Vendor :STMicroelectronics X-CUBE-AZRTOS-L5 1.0.0
2022-10-14 23:14:24,787 [INFO] ThirdParty:981 - CMSIS Pack Vendor :STMicroelectronics USB_DEVICE 1.0.0
2022-10-14 23:14:24,787 [INFO] ThirdParty:981 - CMSIS Pack Vendor :STMicroelectronics X-CUBE-EEPRMA1 3.1.1
2022-10-14 23:14:24,787 [INFO] ThirdParty:981 - CMSIS Pack Vendor :STMicroelectronics ThreadX 0.0.2
2022-10-14 23:14:24,787 [INFO] ThirdParty:981 - CMSIS Pack Vendor :STMicroelectronics lwIP 2.1.2
2022-10-14 23:14:24,787 [INFO] ThirdParty:981 - CMSIS Pack Vendor :STMicroelectronics X-CUBE-SFXS2LP1 4.0.0
2022-10-14 23:14:24,787 [INFO] ThirdParty:981 - CMSIS Pack Vendor :STMicroelectronics X-CUBE-BLE2 3.3.0
2022-10-14 23:14:24,788 [INFO] ThirdParty:981 - CMSIS Pack Vendor :STMicroelectronics X-CUBE-DISPLAY 2.2.0
2022-10-14 23:14:24,788 [INFO] ThirdParty:981 - CMSIS Pack Vendor :STMicroelectronics PDM2PCM 3.2.0
2022-10-14 23:14:24,788 [INFO] ThirdParty:981 - CMSIS Pack Vendor :STMicroelectronics X-CUBE-ISPU 1.0.0
2022-10-14 23:14:24,788 [INFO] ThirdParty:797 - exiting critical section [change project]
2022-10-14 23:14:25,080 [INFO] PinOutPanel:1468 - setPackage(No Configuration,No Configuration)
2022-10-14 23:14:25,082 [INFO] PinOutPanel:1468 - setPackage(STM32F103C6Ux,UFQFPN48)
2022-10-14 23:14:25,702 [INFO] UtilMem:74 - Before build in PCC Used Memory: 308075128 Bytes (334495744)
2022-10-14 23:14:26,430 [INFO] UtilMem:74 - After build in PCC Used Memory: 269872792 Bytes (341835776)
2022-10-14 23:14:26,459 [INFO] IPUIPlugin:79 - create IPUIPlugin
2022-10-14 23:14:26,459 [INFO] IPUIPlugin:79 - create IPUIPlugin
2022-10-14 23:14:26,459 [INFO] IPUIPlugin:79 - create IPUIPlugin
2022-10-14 23:14:26,460 [INFO] IPUIPlugin:79 - create IPUIPlugin
2022-10-14 23:14:26,460 [INFO] IPUIPlugin:79 - create IPUIPlugin
2022-10-14 23:14:26,460 [INFO] IPUIPlugin:79 - create IPUIPlugin
2022-10-14 23:14:26,460 [INFO] IPUIPlugin:79 - create IPUIPlugin
2022-10-14 23:14:26,460 [INFO] IPUIPlugin:79 - create IPUIPlugin
2022-10-14 23:14:26,460 [INFO] IPUIPlugin:79 - create IPUIPlugin
2022-10-14 23:14:26,461 [INFO] IPUIPlugin:79 - create IPUIPlugin
2022-10-14 23:14:26,461 [INFO] IPUIPlugin:79 - create IPUIPlugin
2022-10-14 23:14:26,461 [INFO] IPUIPlugin:79 - create IPUIPlugin
2022-10-14 23:14:26,462 [INFO] IPUIPlugin:79 - create IPUIPlugin
2022-10-14 23:14:26,462 [INFO] IPUIPlugin:79 - create IPUIPlugin
2022-10-14 23:14:26,463 [INFO] IPUIPlugin:79 - create IPUIPlugin
2022-10-14 23:14:26,463 [INFO] IPUIPlugin:79 - create IPUIPlugin
2022-10-14 23:14:26,463 [INFO] IPUIPlugin:79 - create IPUIPlugin
2022-10-14 23:14:26,463 [INFO] IPUIPlugin:79 - create IPUIPlugin
2022-10-14 23:14:26,465 [INFO] IPUIPlugin:79 - create IPUIPlugin
2022-10-14 23:14:26,465 [INFO] IPUIPlugin:79 - create IPUIPlugin
2022-10-14 23:14:26,466 [INFO] IPUIPlugin:79 - create IPUIPlugin
2022-10-14 23:14:26,466 [INFO] IPUIPlugin:79 - create IPUIPlugin
2022-10-14 23:14:26,466 [INFO] IPUIPlugin:79 - create IPUIPlugin
2022-10-14 23:14:26,699 [INFO] OpenFileManager:327 - Restore cursor
2022-10-14 23:14:27,243 [INFO] UtilMem:74 - End SaveConfig() Used Memory: 246300064 Bytes (341835776)
2022-10-14 23:14:27,295 [INFO] UtilMem:74 - End SaveConfig() Used Memory: 256544056 Bytes (341835776)
2022-10-14 23:14:27,774 [INFO] BlockDiagram:2753 - set Specific Code input for plugin: NVIC
2022-10-14 23:14:27,774 [INFO] BlockDiagram:2753 - set Specific Code input for plugin: RCC
2022-10-14 23:14:27,775 [INFO] CodeGenerator:690 - code generatio: config db path: C:\ST\STM32CubeIDE_1.7.0\STM32CubeIDE\plugins\com.st.stm32cube.common.mx_6.6.1.202207061420\\db\
2022-10-14 23:14:28,075 [INFO] CodeEngine:245 - oldGeneratedFile, D:\Microcontroller\LAB\LAB1\Bai8\STM\Bai8\MXTmpFiles\license.tmp_save
2022-10-14 23:14:28,483 [INFO] CodeEngine:269 - Generated code: D:\Microcontroller\LAB\LAB1\Bai8\STM\Bai8\MXTmpFiles\license.tmp
2022-10-14 23:14:28,496 [INFO] CodeEngine:245 - oldGeneratedFile, D:\Microcontroller\LAB\LAB1\Bai8\STM\Bai8\Core\Src\stm32f1xx_it.c_save
2022-10-14 23:14:28,716 [INFO] CodeEngine:269 - Generated code: D:\Microcontroller\LAB\LAB1\Bai8\STM\Bai8\Core\Src\stm32f1xx_it.c
2022-10-14 23:14:28,719 [INFO] CodeEngine:245 - oldGeneratedFile, D:\Microcontroller\LAB\LAB1\Bai8\STM\Bai8\Core\Inc\stm32f1xx_it.h_save
2022-10-14 23:14:28,807 [INFO] CodeEngine:269 - Generated code: D:\Microcontroller\LAB\LAB1\Bai8\STM\Bai8\Core\Inc\stm32f1xx_it.h
2022-10-14 23:14:28,891 [INFO] CodeEngine:245 - oldGeneratedFile, D:\Microcontroller\LAB\LAB1\Bai8\STM\Bai8\Core\Src\stm32f1xx_hal_msp.c_save
2022-10-14 23:14:29,027 [INFO] CodeEngine:269 - Generated code: D:\Microcontroller\LAB\LAB1\Bai8\STM\Bai8\Core\Src\stm32f1xx_hal_msp.c
2022-10-14 23:14:29,031 [INFO] CodeEngine:245 - oldGeneratedFile, D:\Microcontroller\LAB\LAB1\Bai8\STM\Bai8\MXTmpFiles\system.tmp_save
2022-10-14 23:14:29,132 [INFO] CodeEngine:269 - Generated code: D:\Microcontroller\LAB\LAB1\Bai8\STM\Bai8\MXTmpFiles\system.tmp
2022-10-14 23:14:29,140 [INFO] CodeEngine:245 - oldGeneratedFile, D:\Microcontroller\LAB\LAB1\Bai8\STM\Bai8\Core\Inc\stm32f1xx_hal_conf.h_save
2022-10-14 23:14:29,316 [INFO] CodeEngine:269 - Generated code: D:\Microcontroller\LAB\LAB1\Bai8\STM\Bai8\Core\Inc\stm32f1xx_hal_conf.h
2022-10-14 23:14:29,375 [INFO] CodeEngine:245 - oldGeneratedFile, D:\Microcontroller\LAB\LAB1\Bai8\STM\Bai8\Core\Inc\main.h_save
2022-10-14 23:14:29,503 [INFO] CodeEngine:269 - Generated code: D:\Microcontroller\LAB\LAB1\Bai8\STM\Bai8\Core\Inc\main.h
2022-10-14 23:14:29,506 [INFO] CodeEngine:245 - oldGeneratedFile, D:\Microcontroller\LAB\LAB1\Bai8\STM\Bai8\Core\Src\main.c_save
2022-10-14 23:14:29,669 [INFO] CodeEngine:269 - Generated code: D:\Microcontroller\LAB\LAB1\Bai8\STM\Bai8\Core\Src\main.c
2022-10-14 23:14:30,620 [INFO] ProjectBuilder:2919 - Time for Copy HAL[1] : 185mS.
2022-10-14 23:14:30,637 [INFO] ProjectBuilder:4117 - Project Generator version: 3.17.1
2022-10-14 23:14:31,073 [INFO] ConfigFileManager:1394 - The Die is : DIE412
2022-10-14 23:14:31,086 [INFO] ApiDbMcu:505 - Load IP Config File for FATFS
2022-10-14 23:14:31,116 [INFO] ApiDbMcu:505 - Load IP Config File for FREERTOS
2022-10-14 23:14:31,145 [INFO] ApiDbMcu:505 - Load IP Config File for USB_DEVICE
2022-10-14 23:14:33,953 [INFO] ProjectBuilder:4285 - Time for Generating toolchain IDE Files: 3316mS.
2022-10-14 23:14:33,955 [INFO] ProjectBuilder:2790 - Time for Copy CMSIS : 0mS.
2022-10-14 23:14:33,957 [INFO] ProjectBuilder:2790 - Time for Copy CMSIS : 0mS.
2022-10-14 23:14:34,349 [INFO] McuFinderGlobals:57 - Set McuFinderConnectedMode to true
2022-10-14 23:14:34,352 [INFO] ApiDb:443 - Save user favorites file C:\Users\MyLinh/.stm32cubeide/favorites.mcus.txt: 1 item(s)
2022-10-14 23:14:34,352 [INFO] ApiDb:447 - User favorites MCUs=[STM32F103C6U6A]
